---------------------------------------------------------------
[ 2018-09-15T09:10:29+08:00 ] 127.0.0.1 POST /push/push/bind
[ info ] 127.0.0.1/push/push/bind [运行时间：0.071004s][吞吐率：14.08req/s] [内存消耗：2,114.16kb] [文件加载：56]
[ info ] [ BEHAVIOR ] Run app\behavior\CORS @app_init [ RunTime:0.000000s ]
[ info ] [ LANG ] D:\Documents\GitHub\xhgj\thinkphp\lang\zh-cn.php
[ info ] [ ROUTE ] array (
  'type' => 'module',
  'module' => 
  array (
    0 => 'push',
    1 => 'push',
    2 => 'bind',
  ),
)
[ info ] [ HEADER ] array (
  'accept-language' => 'zh-CN,zh;q=0.8',
  'accept-encoding' => 'gzip, deflate',
  'content-type' => 'application/x-www-form-urlencoded; charset=UTF-8',
  'token' => '689e8f9946f99914528919d63150a417',
  'user-agent' => 'Mozilla/5.0 (Windows NT 6.1; WOW64) AppleWebKit/537.36 (KHTML, like Gecko) Chrome/49.0.2623.75 Safari/537.36',
  'origin' => 'null',
  'accept' => 'application/json, text/javascript, */*; q=0.01',
  'content-length' => '30',
  'connection' => 'close',
  'host' => '127.0.0.1',
)
[ info ] [ PARAM ] array (
  '/push/push/bind' => '',
  'client_id' => '7f0000010b5400000001',
)
[ info ] [ RUN ] app\push\controller\push->bind[ D:\Documents\GitHub\xhgj\application\push\controller\Push.php ]
[ info ] [ CACHE ] INIT File
[ info ] [ DB ] INIT mysql
[ info ] [ LOG ] INIT File
[ sql ] [ DB ] CONNECT:[ UseTime:0.002000s ] mysql:host=127.0.0.1;port=3306;dbname=websocket;charset=utf8
[ sql ] [ SQL ] SHOW COLUMNS FROM `dan` [ RunTime:0.007001s ]
[ sql ] [ SQL ] SELECT * FROM `dan` WHERE  `dan_id` = 1 LIMIT 1 [ RunTime:0.001000s ]
---------------------------------------------------------------
[ 2018-09-15T09:44:57+08:00 ] 127.0.0.1 GET /push/push/answerQuestions?answer_id=2&room_id=1&topic_id=2
[ info ] 127.0.0.1/push/push/answerQuestions?answer_id=2&room_id=1&topic_id=2 [运行时间：0.055003s][吞吐率：18.18req/s] [内存消耗：2,262.66kb] [文件加载：54]
[ info ] [ BEHAVIOR ] Run app\behavior\CORS @app_init [ RunTime:0.001000s ]
[ info ] [ LANG ] D:\Documents\GitHub\xhgj\thinkphp\lang\zh-cn.php
[ info ] [ ROUTE ] array (
  'type' => 'module',
  'module' => 
  array (
    0 => 'push',
    1 => 'push',
    2 => 'answerQuestions',
  ),
)
[ info ] [ HEADER ] array (
  'connection' => 'close',
  'accept-encoding' => 'gzip, deflate',
  'cookie' => 'PHPSESSID=anlg2pbhoanejs3ahhel0haop2',
  'host' => '127.0.0.1',
  'accept' => '*/*',
  'user-agent' => 'PostmanRuntime/3.0.9',
  'token' => '0f91ad5c907ce908d25176767fc7b57a',
  'postman-token' => 'b8a6188d-03ba-4dd4-a4bd-ebec2a92dd92',
  'cache-control' => 'no-cache',
)
[ info ] [ PARAM ] array (
  '/push/push/answerQuestions' => '',
  'answer_id' => '2',
  'room_id' => '1',
  'topic_id' => '2',
)
[ info ] [ RUN ] app\push\controller\push->answerQuestions[ D:\Documents\GitHub\xhgj\application\push\controller\Push.php ]
[ info ] [ DB ] INIT mysql
[ info ] [ LOG ] INIT File
[ sql ] [ DB ] CONNECT:[ UseTime:0.001000s ] mysql:host=127.0.0.1;port=3306;dbname=websocket;charset=utf8
[ sql ] [ SQL ] SHOW COLUMNS FROM `points` [ RunTime:0.005000s ]
[ sql ] [ SQL ] SELECT * FROM `points` WHERE  `room_id` = 1  AND `user_id` = 1 LIMIT 1 [ RunTime:0.000000s ]
[ sql ] [ SQL ] SHOW COLUMNS FROM `relation` [ RunTime:0.005001s ]
[ sql ] [ SQL ] SELECT * FROM `relation` WHERE  `room_id` = 1  AND `topic_id` = 2  AND `user_id` = 1 LIMIT 1 [ RunTime:0.001000s ]
[ sql ] [ SQL ] SHOW COLUMNS FROM `topic` [ RunTime:0.005000s ]
[ sql ] [ SQL ] SELECT * FROM `topic` WHERE  `topic_id` = 2 LIMIT 1 [ RunTime:0.000000s ]
[ sql ] [ SQL ] INSERT INTO `points` (`user_id` , `room_id`) VALUES (1 , 1) [ RunTime:0.001000s ]
[ sql ] [ SQL ] INSERT INTO `relation` (`user_id` , `topic_id` , `answer_id` , `points` , `status` , `createtime` , `room_id`) VALUES (1 , 2 , 2 , 0 , 1 , 1536975897 , 1) [ RunTime:0.001000s ]
---------------------------------------------------------------
[ 2018-09-15T09:45:19+08:00 ] 127.0.0.1 GET /push/push/answerEnd?room=2
[ info ] 127.0.0.1/push/push/answerEnd?room=2 [运行时间：0.043002s][吞吐率：23.25req/s] [内存消耗：2,195.66kb] [文件加载：52]
[ info ] [ BEHAVIOR ] Run app\behavior\CORS @app_init [ RunTime:0.000000s ]
[ info ] [ LANG ] D:\Documents\GitHub\xhgj\thinkphp\lang\zh-cn.php
[ info ] [ ROUTE ] array (
  'type' => 'module',
  'module' => 
  array (
    0 => 'push',
    1 => 'push',
    2 => 'answerEnd',
  ),
)
[ info ] [ HEADER ] array (
  'connection' => 'close',
  'accept-encoding' => 'gzip, deflate',
  'cookie' => 'PHPSESSID=anlg2pbhoanejs3ahhel0haop2',
  'host' => '127.0.0.1',
  'accept' => '*/*',
  'user-agent' => 'PostmanRuntime/3.0.9',
  'token' => '0f91ad5c907ce908d25176767fc7b57a',
  'postman-token' => 'd03e4c2d-002b-4c56-9155-cff3d0b3a9fc',
  'cache-control' => 'no-cache',
)
[ info ] [ PARAM ] array (
  '/push/push/answerEnd' => '',
  'room' => '2',
)
[ info ] [ RUN ] app\push\controller\push->answerEnd[ D:\Documents\GitHub\xhgj\application\push\controller\Push.php ]
[ info ] [ DB ] INIT mysql
[ info ] [ LOG ] INIT File
[ sql ] [ DB ] CONNECT:[ UseTime:0.011001s ] mysql:host=127.0.0.1;port=3306;dbname=websocket;charset=utf8
[ sql ] [ SQL ] SHOW COLUMNS FROM `points` [ RunTime:0.004000s ]
[ sql ] [ SQL ] SELECT * FROM `points` `p` INNER JOIN `user` `u` ON `u`.`user_id`=`p`.`user_id` WHERE  `p`.`room_id` IS NULL [ RunTime:0.000000s ]
---------------------------------------------------------------
[ 2018-09-15T09:47:05+08:00 ] 127.0.0.1 GET /push/push/answerEnd?room=2
[ info ] 127.0.0.1/push/push/answerEnd?room=2 [运行时间：0.051003s][吞吐率：19.61req/s] [内存消耗：2,191.82kb] [文件加载：52]
[ info ] [ BEHAVIOR ] Run app\behavior\CORS @app_init [ RunTime:0.000000s ]
[ info ] [ LANG ] D:\Documents\GitHub\xhgj\thinkphp\lang\zh-cn.php
[ info ] [ ROUTE ] array (
  'type' => 'module',
  'module' => 
  array (
    0 => 'push',
    1 => 'push',
    2 => 'answerEnd',
  ),
)
[ info ] [ HEADER ] array (
  'connection' => 'close',
  'accept-encoding' => 'gzip, deflate',
  'cookie' => 'PHPSESSID=anlg2pbhoanejs3ahhel0haop2',
  'host' => '127.0.0.1',
  'accept' => '*/*',
  'user-agent' => 'PostmanRuntime/3.0.9',
  'token' => '0f91ad5c907ce908d25176767fc7b57a',
  'postman-token' => 'cf9d9e1d-c1f5-470a-aa68-62c28c395216',
  'cache-control' => 'no-cache',
)
[ info ] [ PARAM ] array (
  '/push/push/answerEnd' => '',
  'room' => '2',
)
[ info ] [ RUN ] app\push\controller\push->answerEnd[ D:\Documents\GitHub\xhgj\application\push\controller\Push.php ]
[ info ] [ DB ] INIT mysql
[ info ] [ LOG ] INIT File
[ sql ] [ DB ] CONNECT:[ UseTime:0.001000s ] mysql:host=127.0.0.1;port=3306;dbname=websocket;charset=utf8
[ sql ] [ SQL ] SHOW COLUMNS FROM `points` [ RunTime:0.019001s ]
[ sql ] [ SQL ] SELECT * FROM `points` `p` [ RunTime:0.000000s ]
---------------------------------------------------------------
[ 2018-09-15T09:47:43+08:00 ] 127.0.0.1 GET /push/push/answerEnd?room=2
[ info ] 127.0.0.1/push/push/answerEnd?room=2 [运行时间：0.056003s][吞吐率：17.86req/s] [内存消耗：2,191.77kb] [文件加载：52]
[ info ] [ BEHAVIOR ] Run app\behavior\CORS @app_init [ RunTime:0.000000s ]
[ info ] [ LANG ] D:\Documents\GitHub\xhgj\thinkphp\lang\zh-cn.php
[ info ] [ ROUTE ] array (
  'type' => 'module',
  'module' => 
  array (
    0 => 'push',
    1 => 'push',
    2 => 'answerEnd',
  ),
)
[ info ] [ HEADER ] array (
  'connection' => 'close',
  'accept-encoding' => 'gzip, deflate',
  'cookie' => 'PHPSESSID=anlg2pbhoanejs3ahhel0haop2',
  'host' => '127.0.0.1',
  'accept' => '*/*',
  'user-agent' => 'PostmanRuntime/3.0.9',
  'token' => '0f91ad5c907ce908d25176767fc7b57a',
  'postman-token' => '378c67f2-c8e7-41ab-b7b2-edcb81de94ce',
  'cache-control' => 'no-cache',
)
[ info ] [ PARAM ] array (
  '/push/push/answerEnd' => '',
  'room' => '2',
)
[ info ] [ RUN ] app\push\controller\push->answerEnd[ D:\Documents\GitHub\xhgj\application\push\controller\Push.php ]
[ info ] [ DB ] INIT mysql
[ info ] [ LOG ] INIT File
[ sql ] [ DB ] CONNECT:[ UseTime:0.001000s ] mysql:host=127.0.0.1;port=3306;dbname=websocket;charset=utf8
[ sql ] [ SQL ] SHOW COLUMNS FROM `points` [ RunTime:0.025002s ]
[ sql ] [ SQL ] SELECT * FROM `points` `p` WHERE  `p`.`room_id` IS NULL [ RunTime:0.000000s ]
---------------------------------------------------------------
[ 2018-09-15T09:47:49+08:00 ] 127.0.0.1 GET /push/push/answerEnd?room=1
[ info ] 127.0.0.1/push/push/answerEnd?room=1 [运行时间：0.050003s][吞吐率：20.00req/s] [内存消耗：2,191.77kb] [文件加载：52]
[ info ] [ BEHAVIOR ] Run app\behavior\CORS @app_init [ RunTime:0.001000s ]
[ info ] [ LANG ] D:\Documents\GitHub\xhgj\thinkphp\lang\zh-cn.php
[ info ] [ ROUTE ] array (
  'type' => 'module',
  'module' => 
  array (
    0 => 'push',
    1 => 'push',
    2 => 'answerEnd',
  ),
)
[ info ] [ HEADER ] array (
  'connection' => 'close',
  'accept-encoding' => 'gzip, deflate',
  'cookie' => 'PHPSESSID=anlg2pbhoanejs3ahhel0haop2',
  'host' => '127.0.0.1',
  'accept' => '*/*',
  'user-agent' => 'PostmanRuntime/3.0.9',
  'token' => '0f91ad5c907ce908d25176767fc7b57a',
  'postman-token' => 'ac73a751-c314-4332-ba80-8d57b43150d2',
  'cache-control' => 'no-cache',
)
[ info ] [ PARAM ] array (
  '/push/push/answerEnd' => '',
  'room' => '1',
)
[ info ] [ RUN ] app\push\controller\push->answerEnd[ D:\Documents\GitHub\xhgj\application\push\controller\Push.php ]
[ info ] [ DB ] INIT mysql
[ info ] [ LOG ] INIT File
[ sql ] [ DB ] CONNECT:[ UseTime:0.011000s ] mysql:host=127.0.0.1;port=3306;dbname=websocket;charset=utf8
[ sql ] [ SQL ] SHOW COLUMNS FROM `points` [ RunTime:0.010001s ]
[ sql ] [ SQL ] SELECT * FROM `points` `p` WHERE  `p`.`room_id` IS NULL [ RunTime:0.000000s ]
---------------------------------------------------------------
[ 2018-09-15T09:48:02+08:00 ] 127.0.0.1 GET /push/push/answerEnd?room=1
[ info ] 127.0.0.1/push/push/answerEnd?room=1 [运行时间：0.048002s][吞吐率：20.83req/s] [内存消耗：2,191.77kb] [文件加载：52]
[ info ] [ BEHAVIOR ] Run app\behavior\CORS @app_init [ RunTime:0.001000s ]
[ info ] [ LANG ] D:\Documents\GitHub\xhgj\thinkphp\lang\zh-cn.php
[ info ] [ ROUTE ] array (
  'type' => 'module',
  'module' => 
  array (
    0 => 'push',
    1 => 'push',
    2 => 'answerEnd',
  ),
)
[ info ] [ HEADER ] array (
  'connection' => 'close',
  'accept-encoding' => 'gzip, deflate',
  'cookie' => 'PHPSESSID=anlg2pbhoanejs3ahhel0haop2',
  'host' => '127.0.0.1',
  'accept' => '*/*',
  'user-agent' => 'PostmanRuntime/3.0.9',
  'token' => '0f91ad5c907ce908d25176767fc7b57a',
  'postman-token' => '19b6aebc-b09c-44e5-ae51-b3766ba1582e',
  'cache-control' => 'no-cache',
)
[ info ] [ PARAM ] array (
  '/push/push/answerEnd' => '',
  'room' => '1',
)
[ info ] [ RUN ] app\push\controller\push->answerEnd[ D:\Documents\GitHub\xhgj\application\push\controller\Push.php ]
[ info ] [ DB ] INIT mysql
[ info ] [ LOG ] INIT File
[ sql ] [ DB ] CONNECT:[ UseTime:0.010001s ] mysql:host=127.0.0.1;port=3306;dbname=websocket;charset=utf8
[ sql ] [ SQL ] SHOW COLUMNS FROM `points` [ RunTime:0.010000s ]
[ sql ] [ SQL ] SELECT * FROM `points` `p` WHERE  `room_id` IS NULL [ RunTime:0.000000s ]
---------------------------------------------------------------
[ 2018-09-15T09:48:24+08:00 ] 127.0.0.1 GET /push/push/answerEnd?room_id=1
[ info ] 127.0.0.1/push/push/answerEnd?room_id=1 [运行时间：0.038002s][吞吐率：26.31req/s] [内存消耗：2,197.56kb] [文件加载：52]
[ info ] [ BEHAVIOR ] Run app\behavior\CORS @app_init [ RunTime:0.000000s ]
[ info ] [ LANG ] D:\Documents\GitHub\xhgj\thinkphp\lang\zh-cn.php
[ info ] [ ROUTE ] array (
  'type' => 'module',
  'module' => 
  array (
    0 => 'push',
    1 => 'push',
    2 => 'answerEnd',
  ),
)
[ info ] [ HEADER ] array (
  'connection' => 'close',
  'accept-encoding' => 'gzip, deflate',
  'cookie' => 'PHPSESSID=anlg2pbhoanejs3ahhel0haop2',
  'host' => '127.0.0.1',
  'accept' => '*/*',
  'user-agent' => 'PostmanRuntime/3.0.9',
  'token' => '0f91ad5c907ce908d25176767fc7b57a',
  'postman-token' => 'd1b36df7-62c4-4d2c-a96b-c4c90ce15f79',
  'cache-control' => 'no-cache',
)
[ info ] [ PARAM ] array (
  '/push/push/answerEnd' => '',
  'room_id' => '1',
)
[ info ] [ RUN ] app\push\controller\push->answerEnd[ D:\Documents\GitHub\xhgj\application\push\controller\Push.php ]
[ info ] [ DB ] INIT mysql
[ info ] [ LOG ] INIT File
[ sql ] [ DB ] CONNECT:[ UseTime:0.000000s ] mysql:host=127.0.0.1;port=3306;dbname=websocket;charset=utf8
[ sql ] [ SQL ] SHOW COLUMNS FROM `points` [ RunTime:0.008000s ]
[ sql ] [ SQL ] SELECT * FROM `points` `p` INNER JOIN `user` `u` ON `u`.`user_id`=`p`.`user_id` WHERE  `p`.`room_id` = '1' [ RunTime:0.000000s ]
---------------------------------------------------------------
[ 2018-09-15T09:53:31+08:00 ] 127.0.0.1 GET /push/push/chooseList
[ info ] 127.0.0.1/push/push/chooseList [运行时间：0.039003s][吞吐率：25.64req/s] [内存消耗：2,185.48kb] [文件加载：52]
[ info ] [ BEHAVIOR ] Run app\behavior\CORS @app_init [ RunTime:0.000000s ]
[ info ] [ LANG ] D:\Documents\GitHub\xhgj\thinkphp\lang\zh-cn.php
[ info ] [ ROUTE ] array (
  'type' => 'module',
  'module' => 
  array (
    0 => 'push',
    1 => 'push',
    2 => 'chooseList',
  ),
)
[ info ] [ HEADER ] array (
  'connection' => 'close',
  'accept-encoding' => 'gzip, deflate',
  'cookie' => 'PHPSESSID=anlg2pbhoanejs3ahhel0haop2',
  'host' => '127.0.0.1',
  'accept' => '*/*',
  'user-agent' => 'PostmanRuntime/3.0.9',
  'token' => '0f91ad5c907ce908d25176767fc7b57a',
  'postman-token' => 'cc92f6a1-3f64-4ec1-9bb2-460a1578d62c',
  'cache-control' => 'no-cache',
)
[ info ] [ PARAM ] array (
  '/push/push/chooseList' => '',
)
[ info ] [ RUN ] app\push\controller\push->chooseList[ D:\Documents\GitHub\xhgj\application\push\controller\Push.php ]
[ info ] [ DB ] INIT mysql
[ info ] [ LOG ] INIT File
[ sql ] [ DB ] CONNECT:[ UseTime:0.001000s ] mysql:host=127.0.0.1;port=3306;dbname=websocket;charset=utf8
[ sql ] [ SQL ] SHOW COLUMNS FROM `topic` [ RunTime:0.006000s ]
[ sql ] [ SQL ] SELECT MAX(topic_id) AS tp_max FROM `topic` LIMIT 1 [ RunTime:0.001000s ]
---------------------------------------------------------------
[ 2018-09-15T09:54:15+08:00 ] 127.0.0.1 GET /push/push/chooseList
[ info ] 127.0.0.1/push/push/chooseList [运行时间：0.033002s][吞吐率：30.30req/s] [内存消耗：2,192.77kb] [文件加载：53]
[ info ] [ BEHAVIOR ] Run app\behavior\CORS @app_init [ RunTime:0.000000s ]
[ info ] [ LANG ] D:\Documents\GitHub\xhgj\thinkphp\lang\zh-cn.php
[ info ] [ ROUTE ] array (
  'type' => 'module',
  'module' => 
  array (
    0 => 'push',
    1 => 'push',
    2 => 'chooseList',
  ),
)
[ info ] [ HEADER ] array (
  'connection' => 'close',
  'accept-encoding' => 'gzip, deflate',
  'cookie' => 'PHPSESSID=anlg2pbhoanejs3ahhel0haop2',
  'host' => '127.0.0.1',
  'accept' => '*/*',
  'user-agent' => 'PostmanRuntime/3.0.9',
  'token' => '0f91ad5c907ce908d25176767fc7b57a',
  'postman-token' => 'd855d649-c09b-4239-9b95-80aa10f1bccd',
  'cache-control' => 'no-cache',
)
[ info ] [ PARAM ] array (
  '/push/push/chooseList' => '',
)
[ info ] [ RUN ] app\push\controller\push->chooseList[ D:\Documents\GitHub\xhgj\application\push\controller\Push.php ]
[ info ] [ DB ] INIT mysql
[ info ] [ LOG ] INIT File
[ sql ] [ DB ] CONNECT:[ UseTime:0.001000s ] mysql:host=127.0.0.1;port=3306;dbname=websocket;charset=utf8
[ sql ] [ SQL ] SHOW COLUMNS FROM `topic` [ RunTime:0.004000s ]
[ sql ] [ SQL ] SELECT MAX(topic_id) AS tp_max FROM `topic` LIMIT 1 [ RunTime:0.000000s ]
---------------------------------------------------------------
[ 2018-09-15T09:55:02+08:00 ] 127.0.0.1 GET /push/push/chooseList
[ info ] 127.0.0.1/push/push/chooseList [运行时间：0.059003s][吞吐率：16.95req/s] [内存消耗：2,192.63kb] [文件加载：53]
[ info ] [ BEHAVIOR ] Run app\behavior\CORS @app_init [ RunTime:0.001000s ]
[ info ] [ LANG ] D:\Documents\GitHub\xhgj\thinkphp\lang\zh-cn.php
[ info ] [ ROUTE ] array (
  'type' => 'module',
  'module' => 
  array (
    0 => 'push',
    1 => 'push',
    2 => 'chooseList',
  ),
)
[ info ] [ HEADER ] array (
  'connection' => 'close',
  'accept-encoding' => 'gzip, deflate',
  'cookie' => 'PHPSESSID=anlg2pbhoanejs3ahhel0haop2',
  'host' => '127.0.0.1',
  'accept' => '*/*',
  'user-agent' => 'PostmanRuntime/3.0.9',
  'token' => '0f91ad5c907ce908d25176767fc7b57a',
  'postman-token' => '5ce2608f-557f-4f39-8302-002556d8d556',
  'cache-control' => 'no-cache',
)
[ info ] [ PARAM ] array (
  '/push/push/chooseList' => '',
)
[ info ] [ RUN ] app\push\controller\push->chooseList[ D:\Documents\GitHub\xhgj\application\push\controller\Push.php ]
[ info ] [ DB ] INIT mysql
[ info ] [ LOG ] INIT File
[ sql ] [ DB ] CONNECT:[ UseTime:0.011001s ] mysql:host=127.0.0.1;port=3306;dbname=websocket;charset=utf8
[ sql ] [ SQL ] SHOW COLUMNS FROM `topic` [ RunTime:0.020001s ]
[ sql ] [ SQL ] SELECT MAX(topic_id) AS tp_max FROM `topic` LIMIT 1 [ RunTime:0.001000s ]
---------------------------------------------------------------
[ 2018-09-15T09:55:53+08:00 ] 127.0.0.1 GET /push/push/chooseList
[ info ] 127.0.0.1/push/push/chooseList [运行时间：0.070004s][吞吐率：14.28req/s] [内存消耗：2,223.82kb] [文件加载：56]
[ info ] [ BEHAVIOR ] Run app\behavior\CORS @app_init [ RunTime:0.000000s ]
[ info ] [ LANG ] D:\Documents\GitHub\xhgj\thinkphp\lang\zh-cn.php
[ info ] [ ROUTE ] array (
  'type' => 'module',
  'module' => 
  array (
    0 => 'push',
    1 => 'push',
    2 => 'chooseList',
  ),
)
[ info ] [ HEADER ] array (
  'connection' => 'close',
  'accept-encoding' => 'gzip, deflate',
  'cookie' => 'PHPSESSID=anlg2pbhoanejs3ahhel0haop2',
  'host' => '127.0.0.1',
  'accept' => '*/*',
  'user-agent' => 'PostmanRuntime/3.0.9',
  'token' => '0f91ad5c907ce908d25176767fc7b57a',
  'postman-token' => '196b5915-2844-4717-b067-2fc8798521b7',
  'cache-control' => 'no-cache',
)
[ info ] [ PARAM ] array (
  '/push/push/chooseList' => '',
)
[ info ] [ RUN ] app\push\controller\push->chooseList[ D:\Documents\GitHub\xhgj\application\push\controller\Push.php ]
[ info ] [ DB ] INIT mysql
[ info ] [ LOG ] INIT File
[ sql ] [ DB ] CONNECT:[ UseTime:0.011000s ] mysql:host=127.0.0.1;port=3306;dbname=websocket;charset=utf8
[ sql ] [ SQL ] SHOW COLUMNS FROM `topic` [ RunTime:0.019001s ]
[ sql ] [ SQL ] SELECT MAX(topic_id) AS tp_max FROM `topic` LIMIT 1 [ RunTime:0.001001s ]
[ error ] [2]array_rand(): Second argument has to be between 1 and the number of elements in the array[D:\Documents\GitHub\xhgj\application\push\controller\Push.php:145]
---------------------------------------------------------------
[ 2018-09-15T09:56:16+08:00 ] 127.0.0.1 GET /push/push/chooseList
[ info ] 127.0.0.1/push/push/chooseList [运行时间：0.052003s][吞吐率：19.23req/s] [内存消耗：2,192.13kb] [文件加载：53]
[ info ] [ BEHAVIOR ] Run app\behavior\CORS @app_init [ RunTime:0.000000s ]
[ info ] [ LANG ] D:\Documents\GitHub\xhgj\thinkphp\lang\zh-cn.php
[ info ] [ ROUTE ] array (
  'type' => 'module',
  'module' => 
  array (
    0 => 'push',
    1 => 'push',
    2 => 'chooseList',
  ),
)
[ info ] [ HEADER ] array (
  'connection' => 'close',
  'accept-encoding' => 'gzip, deflate',
  'cookie' => 'PHPSESSID=anlg2pbhoanejs3ahhel0haop2',
  'host' => '127.0.0.1',
  'accept' => '*/*',
  'user-agent' => 'PostmanRuntime/3.0.9',
  'token' => '0f91ad5c907ce908d25176767fc7b57a',
  'postman-token' => 'd4655814-f92e-484e-990f-5bb3861ce0e7',
  'cache-control' => 'no-cache',
)
[ info ] [ PARAM ] array (
  '/push/push/chooseList' => '',
)
[ info ] [ RUN ] app\push\controller\push->chooseList[ D:\Documents\GitHub\xhgj\application\push\controller\Push.php ]
[ info ] [ DB ] INIT mysql
[ info ] [ LOG ] INIT File
[ sql ] [ DB ] CONNECT:[ UseTime:0.000000s ] mysql:host=127.0.0.1;port=3306;dbname=websocket;charset=utf8
[ sql ] [ SQL ] SHOW COLUMNS FROM `topic` [ RunTime:0.019001s ]
[ sql ] [ SQL ] SELECT MAX(topic_id) AS tp_max FROM `topic` LIMIT 1 [ RunTime:0.000000s ]
---------------------------------------------------------------
[ 2018-09-15T10:03:53+08:00 ] 127.0.0.1 GET /push/push/chooseList
[ info ] 127.0.0.1/push/push/chooseList [运行时间：0.064003s][吞吐率：15.62req/s] [内存消耗：2,192.13kb] [文件加载：53]
[ info ] [ BEHAVIOR ] Run app\behavior\CORS @app_init [ RunTime:0.001000s ]
[ info ] [ LANG ] D:\Documents\GitHub\xhgj\thinkphp\lang\zh-cn.php
[ info ] [ ROUTE ] array (
  'type' => 'module',
  'module' => 
  array (
    0 => 'push',
    1 => 'push',
    2 => 'chooseList',
  ),
)
[ info ] [ HEADER ] array (
  'connection' => 'close',
  'accept-encoding' => 'gzip, deflate',
  'cookie' => 'PHPSESSID=anlg2pbhoanejs3ahhel0haop2',
  'host' => '127.0.0.1',
  'accept' => '*/*',
  'user-agent' => 'PostmanRuntime/3.0.9',
  'token' => '0f91ad5c907ce908d25176767fc7b57a',
  'postman-token' => '66a59478-b606-456a-a51c-bc1db896b138',
  'cache-control' => 'no-cache',
)
[ info ] [ PARAM ] array (
  '/push/push/chooseList' => '',
)
[ info ] [ RUN ] app\push\controller\push->chooseList[ D:\Documents\GitHub\xhgj\application\push\controller\Push.php ]
[ info ] [ DB ] INIT mysql
[ info ] [ LOG ] INIT File
[ sql ] [ DB ] CONNECT:[ UseTime:0.005001s ] mysql:host=127.0.0.1;port=3306;dbname=websocket;charset=utf8
[ sql ] [ SQL ] SHOW COLUMNS FROM `topic` [ RunTime:0.010000s ]
[ sql ] [ SQL ] SELECT MAX(topic_id) AS tp_max FROM `topic` LIMIT 1 [ RunTime:0.001000s ]
---------------------------------------------------------------
[ 2018-09-15T10:04:08+08:00 ] 127.0.0.1 GET /push/push/chooseList
[ info ] 127.0.0.1/push/push/chooseList [运行时间：0.033002s][吞吐率：30.30req/s] [内存消耗：2,192.59kb] [文件加载：53]
[ info ] [ BEHAVIOR ] Run app\behavior\CORS @app_init [ RunTime:0.000000s ]
[ info ] [ LANG ] D:\Documents\GitHub\xhgj\thinkphp\lang\zh-cn.php
[ info ] [ ROUTE ] array (
  'type' => 'module',
  'module' => 
  array (
    0 => 'push',
    1 => 'push',
    2 => 'chooseList',
  ),
)
[ info ] [ HEADER ] array (
  'connection' => 'close',
  'accept-encoding' => 'gzip, deflate',
  'cookie' => 'PHPSESSID=anlg2pbhoanejs3ahhel0haop2',
  'host' => '127.0.0.1',
  'accept' => '*/*',
  'user-agent' => 'PostmanRuntime/3.0.9',
  'token' => '0f91ad5c907ce908d25176767fc7b57a',
  'postman-token' => 'c29624a5-bd4d-48ba-989c-9052d66ae9c2',
  'cache-control' => 'no-cache',
)
[ info ] [ PARAM ] array (
  '/push/push/chooseList' => '',
)
[ info ] [ RUN ] app\push\controller\push->chooseList[ D:\Documents\GitHub\xhgj\application\push\controller\Push.php ]
[ info ] [ DB ] INIT mysql
[ info ] [ LOG ] INIT File
[ sql ] [ DB ] CONNECT:[ UseTime:0.001000s ] mysql:host=127.0.0.1;port=3306;dbname=websocket;charset=utf8
[ sql ] [ SQL ] SHOW COLUMNS FROM `topic` [ RunTime:0.005000s ]
[ sql ] [ SQL ] SELECT MAX(topic_id) AS tp_max FROM `topic` LIMIT 1 [ RunTime:0.000000s ]
---------------------------------------------------------------
[ 2018-09-15T10:15:37+08:00 ] 127.0.0.1 GET /push/push/chooseList
[ info ] 127.0.0.1/push/push/chooseList [运行时间：0.065003s][吞吐率：15.38req/s] [内存消耗：2,311.01kb] [文件加载：57]
[ info ] [ BEHAVIOR ] Run app\behavior\CORS @app_init [ RunTime:0.001000s ]
[ info ] [ LANG ] D:\Documents\GitHub\xhgj\thinkphp\lang\zh-cn.php
[ info ] [ ROUTE ] array (
  'type' => 'module',
  'module' => 
  array (
    0 => 'push',
    1 => 'push',
    2 => 'chooseList',
  ),
)
[ info ] [ HEADER ] array (
  'connection' => 'close',
  'accept-encoding' => 'gzip, deflate',
  'cookie' => 'PHPSESSID=anlg2pbhoanejs3ahhel0haop2',
  'host' => '127.0.0.1',
  'accept' => '*/*',
  'user-agent' => 'PostmanRuntime/3.0.9',
  'token' => '0f91ad5c907ce908d25176767fc7b57a',
  'postman-token' => '16071c2d-cc3b-4540-9e9a-5be5faceb4cf',
  'cache-control' => 'no-cache',
)
[ info ] [ PARAM ] array (
  '/push/push/chooseList' => '',
)
[ info ] [ RUN ] app\push\controller\push->chooseList[ D:\Documents\GitHub\xhgj\application\push\controller\Push.php ]
[ info ] [ DB ] INIT mysql
[ info ] [ LOG ] INIT File
[ sql ] [ DB ] CONNECT:[ UseTime:0.003000s ] mysql:host=127.0.0.1;port=3306;dbname=websocket;charset=utf8
[ sql ] [ SQL ] SHOW COLUMNS FROM `topic` [ RunTime:0.006000s ]
[ sql ] [ SQL ] SELECT MAX(topic_id) AS tp_max FROM `topic` LIMIT 1 [ RunTime:0.000000s ]
[ sql ] [ SQL ] SELECT * FROM `topic` [ RunTime:0.001000s ]
[ sql ] [ SQL ] SHOW COLUMNS FROM `answer` [ RunTime:0.007000s ]
[ sql ] [ SQL ] SELECT * FROM `answer` WHERE  `topic_id` IN (1,2,3,4,5,6,7) [ RunTime:0.001000s ]
---------------------------------------------------------------
[ 2018-09-15T10:18:12+08:00 ] 127.0.0.1 GET /push/push/chooseList
[ info ] 127.0.0.1/push/push/chooseList [运行时间：0.077005s][吞吐率：12.99req/s] [内存消耗：2,283.95kb] [文件加载：56]
[ info ] [ BEHAVIOR ] Run app\behavior\CORS @app_init [ RunTime:0.000000s ]
[ info ] [ LANG ] D:\Documents\GitHub\xhgj\thinkphp\lang\zh-cn.php
[ info ] [ ROUTE ] array (
  'type' => 'module',
  'module' => 
  array (
    0 => 'push',
    1 => 'push',
    2 => 'chooseList',
  ),
)
[ info ] [ HEADER ] array (
  'connection' => 'close',
  'accept-encoding' => 'gzip, deflate',
  'cookie' => 'PHPSESSID=anlg2pbhoanejs3ahhel0haop2',
  'host' => '127.0.0.1',
  'accept' => '*/*',
  'user-agent' => 'PostmanRuntime/3.0.9',
  'token' => '0f91ad5c907ce908d25176767fc7b57a',
  'postman-token' => 'f88a1fbb-1826-421c-90c4-01e5d96fe762',
  'cache-control' => 'no-cache',
)
[ info ] [ PARAM ] array (
  '/push/push/chooseList' => '',
)
[ info ] [ RUN ] app\push\controller\push->chooseList[ D:\Documents\GitHub\xhgj\application\push\controller\Push.php ]
[ info ] [ DB ] INIT mysql
[ info ] [ LOG ] INIT File
[ sql ] [ DB ] CONNECT:[ UseTime:0.000000s ] mysql:host=127.0.0.1;port=3306;dbname=websocket;charset=utf8
[ sql ] [ SQL ] SHOW COLUMNS FROM `topic` [ RunTime:0.019001s ]
[ sql ] [ SQL ] SELECT MAX(topic_id) AS tp_max FROM `topic` LIMIT 1 [ RunTime:0.001000s ]
[ sql ] [ SQL ] SELECT * FROM `topic` [ RunTime:0.000000s ]
[ sql ] [ SQL ] SHOW COLUMNS FROM `answer` [ RunTime:0.019001s ]
[ sql ] [ SQL ] SELECT * FROM `answer` WHERE  `topic_id` IN (1,2,3,4,5,6,7) [ RunTime:0.000000s ]
---------------------------------------------------------------
[ 2018-09-15T10:19:46+08:00 ] 127.0.0.1 GET /push/push/chooseList
[ info ] 127.0.0.1/push/push/chooseList [运行时间：0.083004s][吞吐率：12.05req/s] [内存消耗：2,286.13kb] [文件加载：56]
[ info ] [ BEHAVIOR ] Run app\behavior\CORS @app_init [ RunTime:0.000000s ]
[ info ] [ LANG ] D:\Documents\GitHub\xhgj\thinkphp\lang\zh-cn.php
[ info ] [ ROUTE ] array (
  'type' => 'module',
  'module' => 
  array (
    0 => 'push',
    1 => 'push',
    2 => 'chooseList',
  ),
)
[ info ] [ HEADER ] array (
  'connection' => 'close',
  'accept-encoding' => 'gzip, deflate',
  'cookie' => 'PHPSESSID=anlg2pbhoanejs3ahhel0haop2',
  'host' => '127.0.0.1',
  'accept' => '*/*',
  'user-agent' => 'PostmanRuntime/3.0.9',
  'token' => '0f91ad5c907ce908d25176767fc7b57a',
  'postman-token' => 'ab60e84f-c0e3-43ca-92f2-69540f4d04d5',
  'cache-control' => 'no-cache',
)
[ info ] [ PARAM ] array (
  '/push/push/chooseList' => '',
)
[ info ] [ RUN ] app\push\controller\push->chooseList[ D:\Documents\GitHub\xhgj\application\push\controller\Push.php ]
[ info ] [ DB ] INIT mysql
[ info ] [ LOG ] INIT File
[ sql ] [ DB ] CONNECT:[ UseTime:0.010001s ] mysql:host=127.0.0.1;port=3306;dbname=websocket;charset=utf8
[ sql ] [ SQL ] SHOW COLUMNS FROM `topic` [ RunTime:0.019001s ]
[ sql ] [ SQL ] SELECT MAX(topic_id) AS tp_max FROM `topic` LIMIT 1 [ RunTime:0.000000s ]
[ sql ] [ SQL ] SELECT * FROM `topic` WHERE  `topic_id` = 0 LIMIT 1 [ RunTime:0.000000s ]
[ sql ] [ SQL ] SELECT * FROM `topic` WHERE  `topic_id` = 1 LIMIT 1 [ RunTime:0.001000s ]
[ sql ] [ SQL ] SHOW COLUMNS FROM `answer` [ RunTime:0.019001s ]
[ sql ] [ SQL ] SELECT * FROM `answer` WHERE  `topic_id` = 1 [ RunTime:0.001000s ]
[ sql ] [ SQL ] SELECT * FROM `topic` WHERE  `topic_id` = 2 LIMIT 1 [ RunTime:0.000000s ]
[ sql ] [ SQL ] SELECT * FROM `answer` WHERE  `topic_id` = 2 [ RunTime:0.000000s ]
[ sql ] [ SQL ] SELECT * FROM `topic` WHERE  `topic_id` = 4 LIMIT 1 [ RunTime:0.001000s ]
[ sql ] [ SQL ] SELECT * FROM `answer` WHERE  `topic_id` = 4 [ RunTime:0.000000s ]
[ sql ] [ SQL ] SELECT * FROM `topic` WHERE  `topic_id` = 6 LIMIT 1 [ RunTime:0.000000s ]
[ sql ] [ SQL ] SELECT * FROM `answer` WHERE  `topic_id` = 6 [ RunTime:0.001000s ]
---------------------------------------------------------------
[ 2018-09-15T10:20:10+08:00 ] 127.0.0.1 GET /push/push/chooseList
[ info ] 127.0.0.1/push/push/chooseList [运行时间：0.058003s][吞吐率：17.24req/s] [内存消耗：2,285.95kb] [文件加载：56]
[ info ] [ BEHAVIOR ] Run app\behavior\CORS @app_init [ RunTime:0.000000s ]
[ info ] [ LANG ] D:\Documents\GitHub\xhgj\thinkphp\lang\zh-cn.php
[ info ] [ ROUTE ] array (
  'type' => 'module',
  'module' => 
  array (
    0 => 'push',
    1 => 'push',
    2 => 'chooseList',
  ),
)
[ info ] [ HEADER ] array (
  'connection' => 'close',
  'accept-encoding' => 'gzip, deflate',
  'cookie' => 'PHPSESSID=anlg2pbhoanejs3ahhel0haop2',
  'host' => '127.0.0.1',
  'accept' => '*/*',
  'user-agent' => 'PostmanRuntime/3.0.9',
  'token' => '0f91ad5c907ce908d25176767fc7b57a',
  'postman-token' => '2df246eb-bc7c-47b7-b7d0-4a387f3a4193',
  'cache-control' => 'no-cache',
)
[ info ] [ PARAM ] array (
  '/push/push/chooseList' => '',
)
[ info ] [ RUN ] app\push\controller\push->chooseList[ D:\Documents\GitHub\xhgj\application\push\controller\Push.php ]
[ info ] [ DB ] INIT mysql
[ info ] [ LOG ] INIT File
[ sql ] [ DB ] CONNECT:[ UseTime:0.010001s ] mysql:host=127.0.0.1;port=3306;dbname=websocket;charset=utf8
[ sql ] [ SQL ] SHOW COLUMNS FROM `topic` [ RunTime:0.005000s ]
[ sql ] [ SQL ] SELECT MAX(topic_id) AS tp_max FROM `topic` LIMIT 1 [ RunTime:0.000000s ]
[ sql ] [ SQL ] SELECT * FROM `topic` WHERE  `topic_id` = 0 LIMIT 1 [ RunTime:0.001000s ]
[ sql ] [ SQL ] SELECT * FROM `topic` WHERE  `topic_id` = 1 LIMIT 1 [ RunTime:0.000000s ]
[ sql ] [ SQL ] SHOW COLUMNS FROM `answer` [ RunTime:0.005001s ]
[ sql ] [ SQL ] SELECT * FROM `answer` WHERE  `topic_id` = 1 [ RunTime:0.000000s ]
[ sql ] [ SQL ] SELECT * FROM `topic` WHERE  `topic_id` = 3 LIMIT 1 [ RunTime:0.000000s ]
[ sql ] [ SQL ] SELECT * FROM `answer` WHERE  `topic_id` = 3 [ RunTime:0.001000s ]
[ sql ] [ SQL ] SELECT * FROM `topic` WHERE  `topic_id` = 4 LIMIT 1 [ RunTime:0.000000s ]
[ sql ] [ SQL ] SELECT * FROM `answer` WHERE  `topic_id` = 4 [ RunTime:0.000000s ]
[ sql ] [ SQL ] SELECT * FROM `topic` WHERE  `topic_id` = 6 LIMIT 1 [ RunTime:0.001000s ]
[ sql ] [ SQL ] SELECT * FROM `answer` WHERE  `topic_id` = 6 [ RunTime:0.001000s ]
---------------------------------------------------------------
[ 2018-09-15T10:21:02+08:00 ] 127.0.0.1 GET /push/push/chooseList
[ info ] 127.0.0.1/push/push/chooseList [运行时间：0.068004s][吞吐率：14.70req/s] [内存消耗：2,192.69kb] [文件加载：53]
[ info ] [ BEHAVIOR ] Run app\behavior\CORS @app_init [ RunTime:0.001000s ]
[ info ] [ LANG ] D:\Documents\GitHub\xhgj\thinkphp\lang\zh-cn.php
[ info ] [ ROUTE ] array (
  'type' => 'module',
  'module' => 
  array (
    0 => 'push',
    1 => 'push',
    2 => 'chooseList',
  ),
)
[ info ] [ HEADER ] array (
  'connection' => 'close',
  'accept-encoding' => 'gzip, deflate',
  'cookie' => 'PHPSESSID=anlg2pbhoanejs3ahhel0haop2',
  'host' => '127.0.0.1',
  'accept' => '*/*',
  'user-agent' => 'PostmanRuntime/3.0.9',
  'token' => '0f91ad5c907ce908d25176767fc7b57a',
  'postman-token' => '5ebf19e5-e991-4802-8ff6-435456b8bf2d',
  'cache-control' => 'no-cache',
)
[ info ] [ PARAM ] array (
  '/push/push/chooseList' => '',
)
[ info ] [ RUN ] app\push\controller\push->chooseList[ D:\Documents\GitHub\xhgj\application\push\controller\Push.php ]
[ info ] [ DB ] INIT mysql
[ info ] [ LOG ] INIT File
[ sql ] [ DB ] CONNECT:[ UseTime:0.001000s ] mysql:host=127.0.0.1;port=3306;dbname=websocket;charset=utf8
[ sql ] [ SQL ] SHOW COLUMNS FROM `topic` [ RunTime:0.022002s ]
[ sql ] [ SQL ] SELECT MAX(topic_id) AS tp_max FROM `topic` LIMIT 1 [ RunTime:0.000000s ]
---------------------------------------------------------------
[ 2018-09-15T10:21:22+08:00 ] 127.0.0.1 GET /push/push/chooseList
[ info ] 127.0.0.1/push/push/chooseList [运行时间：0.050003s][吞吐率：20.00req/s] [内存消耗：2,192.68kb] [文件加载：53]
[ info ] [ BEHAVIOR ] Run app\behavior\CORS @app_init [ RunTime:0.000000s ]
[ info ] [ LANG ] D:\Documents\GitHub\xhgj\thinkphp\lang\zh-cn.php
[ info ] [ ROUTE ] array (
  'type' => 'module',
  'module' => 
  array (
    0 => 'push',
    1 => 'push',
    2 => 'chooseList',
  ),
)
[ info ] [ HEADER ] array (
  'connection' => 'close',
  'accept-encoding' => 'gzip, deflate',
  'cookie' => 'PHPSESSID=anlg2pbhoanejs3ahhel0haop2',
  'host' => '127.0.0.1',
  'accept' => '*/*',
  'user-agent' => 'PostmanRuntime/3.0.9',
  'token' => '0f91ad5c907ce908d25176767fc7b57a',
  'postman-token' => '487e229d-78f0-45e7-9114-18ccd4c0f554',
  'cache-control' => 'no-cache',
)
[ info ] [ PARAM ] array (
  '/push/push/chooseList' => '',
)
[ info ] [ RUN ] app\push\controller\push->chooseList[ D:\Documents\GitHub\xhgj\application\push\controller\Push.php ]
[ info ] [ DB ] INIT mysql
[ info ] [ LOG ] INIT File
[ sql ] [ DB ] CONNECT:[ UseTime:0.000000s ] mysql:host=127.0.0.1;port=3306;dbname=websocket;charset=utf8
[ sql ] [ SQL ] SHOW COLUMNS FROM `topic` [ RunTime:0.020001s ]
[ sql ] [ SQL ] SELECT MAX(topic_id) AS tp_max FROM `topic` LIMIT 1 [ RunTime:0.000000s ]
---------------------------------------------------------------
[ 2018-09-15T10:21:28+08:00 ] 127.0.0.1 GET /push/push/chooseList
[ info ] 127.0.0.1/push/push/chooseList [运行时间：0.048002s][吞吐率：20.83req/s] [内存消耗：2,192.68kb] [文件加载：53]
[ info ] [ BEHAVIOR ] Run app\behavior\CORS @app_init [ RunTime:0.000000s ]
[ info ] [ LANG ] D:\Documents\GitHub\xhgj\thinkphp\lang\zh-cn.php
[ info ] [ ROUTE ] array (
  'type' => 'module',
  'module' => 
  array (
    0 => 'push',
    1 => 'push',
    2 => 'chooseList',
  ),
)
[ info ] [ HEADER ] array (
  'connection' => 'close',
  'accept-encoding' => 'gzip, deflate',
  'cookie' => 'PHPSESSID=anlg2pbhoanejs3ahhel0haop2',
  'host' => '127.0.0.1',
  'accept' => '*/*',
  'user-agent' => 'PostmanRuntime/3.0.9',
  'token' => '0f91ad5c907ce908d25176767fc7b57a',
  'postman-token' => 'e62881ee-1c91-45eb-a2e4-782663b191bd',
  'cache-control' => 'no-cache',
)
[ info ] [ PARAM ] array (
  '/push/push/chooseList' => '',
)
[ info ] [ RUN ] app\push\controller\push->chooseList[ D:\Documents\GitHub\xhgj\application\push\controller\Push.php ]
[ info ] [ DB ] INIT mysql
[ info ] [ LOG ] INIT File
[ sql ] [ DB ] CONNECT:[ UseTime:0.001000s ] mysql:host=127.0.0.1;port=3306;dbname=websocket;charset=utf8
[ sql ] [ SQL ] SHOW COLUMNS FROM `topic` [ RunTime:0.018001s ]
[ sql ] [ SQL ] SELECT MAX(topic_id) AS tp_max FROM `topic` LIMIT 1 [ RunTime:0.000000s ]
---------------------------------------------------------------
[ 2018-09-15T10:21:29+08:00 ] 127.0.0.1 GET /push/push/chooseList
[ info ] 127.0.0.1/push/push/chooseList [运行时间：0.044003s][吞吐率：22.73req/s] [内存消耗：2,192.68kb] [文件加载：53]
[ info ] [ BEHAVIOR ] Run app\behavior\CORS @app_init [ RunTime:0.000000s ]
[ info ] [ LANG ] D:\Documents\GitHub\xhgj\thinkphp\lang\zh-cn.php
[ info ] [ ROUTE ] array (
  'type' => 'module',
  'module' => 
  array (
    0 => 'push',
    1 => 'push',
    2 => 'chooseList',
  ),
)
[ info ] [ HEADER ] array (
  'connection' => 'close',
  'accept-encoding' => 'gzip, deflate',
  'cookie' => 'PHPSESSID=anlg2pbhoanejs3ahhel0haop2',
  'host' => '127.0.0.1',
  'accept' => '*/*',
  'user-agent' => 'PostmanRuntime/3.0.9',
  'token' => '0f91ad5c907ce908d25176767fc7b57a',
  'postman-token' => 'ba8fa74f-f600-4674-9add-f03108e7d2de',
  'cache-control' => 'no-cache',
)
[ info ] [ PARAM ] array (
  '/push/push/chooseList' => '',
)
[ info ] [ RUN ] app\push\controller\push->chooseList[ D:\Documents\GitHub\xhgj\application\push\controller\Push.php ]
[ info ] [ DB ] INIT mysql
[ info ] [ LOG ] INIT File
[ sql ] [ DB ] CONNECT:[ UseTime:0.000000s ] mysql:host=127.0.0.1;port=3306;dbname=websocket;charset=utf8
[ sql ] [ SQL ] SHOW COLUMNS FROM `topic` [ RunTime:0.016001s ]
[ sql ] [ SQL ] SELECT MAX(topic_id) AS tp_max FROM `topic` LIMIT 1 [ RunTime:0.000000s ]
---------------------------------------------------------------
[ 2018-09-15T10:21:30+08:00 ] 127.0.0.1 GET /push/push/chooseList
[ info ] 127.0.0.1/push/push/chooseList [运行时间：0.055003s][吞吐率：18.18req/s] [内存消耗：2,192.68kb] [文件加载：53]
[ info ] [ BEHAVIOR ] Run app\behavior\CORS @app_init [ RunTime:0.000000s ]
[ info ] [ LANG ] D:\Documents\GitHub\xhgj\thinkphp\lang\zh-cn.php
[ info ] [ ROUTE ] array (
  'type' => 'module',
  'module' => 
  array (
    0 => 'push',
    1 => 'push',
    2 => 'chooseList',
  ),
)
[ info ] [ HEADER ] array (
  'connection' => 'close',
  'accept-encoding' => 'gzip, deflate',
  'cookie' => 'PHPSESSID=anlg2pbhoanejs3ahhel0haop2',
  'host' => '127.0.0.1',
  'accept' => '*/*',
  'user-agent' => 'PostmanRuntime/3.0.9',
  'token' => '0f91ad5c907ce908d25176767fc7b57a',
  'postman-token' => '8990457c-1916-4727-a5c8-59e2265d6618',
  'cache-control' => 'no-cache',
)
[ info ] [ PARAM ] array (
  '/push/push/chooseList' => '',
)
[ info ] [ RUN ] app\push\controller\push->chooseList[ D:\Documents\GitHub\xhgj\application\push\controller\Push.php ]
[ info ] [ DB ] INIT mysql
[ info ] [ LOG ] INIT File
[ sql ] [ DB ] CONNECT:[ UseTime:0.010000s ] mysql:host=127.0.0.1;port=3306;dbname=websocket;charset=utf8
[ sql ] [ SQL ] SHOW COLUMNS FROM `topic` [ RunTime:0.017001s ]
[ sql ] [ SQL ] SELECT MAX(topic_id) AS tp_max FROM `topic` LIMIT 1 [ RunTime:0.001000s ]
---------------------------------------------------------------
[ 2018-09-15T10:21:32+08:00 ] 127.0.0.1 GET /push/push/chooseList
[ info ] 127.0.0.1/push/push/chooseList [运行时间：0.048003s][吞吐率：20.83req/s] [内存消耗：2,192.68kb] [文件加载：53]
[ info ] [ BEHAVIOR ] Run app\behavior\CORS @app_init [ RunTime:0.000000s ]
[ info ] [ LANG ] D:\Documents\GitHub\xhgj\thinkphp\lang\zh-cn.php
[ info ] [ ROUTE ] array (
  'type' => 'module',
  'module' => 
  array (
    0 => 'push',
    1 => 'push',
    2 => 'chooseList',
  ),
)
[ info ] [ HEADER ] array (
  'connection' => 'close',
  'accept-encoding' => 'gzip, deflate',
  'cookie' => 'PHPSESSID=anlg2pbhoanejs3ahhel0haop2',
  'host' => '127.0.0.1',
  'accept' => '*/*',
  'user-agent' => 'PostmanRuntime/3.0.9',
  'token' => '0f91ad5c907ce908d25176767fc7b57a',
  'postman-token' => '86d8dec1-7e15-48f6-987d-fc9d2489c960',
  'cache-control' => 'no-cache',
)
[ info ] [ PARAM ] array (
  '/push/push/chooseList' => '',
)
[ info ] [ RUN ] app\push\controller\push->chooseList[ D:\Documents\GitHub\xhgj\application\push\controller\Push.php ]
[ info ] [ DB ] INIT mysql
[ info ] [ LOG ] INIT File
[ sql ] [ DB ] CONNECT:[ UseTime:0.001000s ] mysql:host=127.0.0.1;port=3306;dbname=websocket;charset=utf8
[ sql ] [ SQL ] SHOW COLUMNS FROM `topic` [ RunTime:0.019001s ]
[ sql ] [ SQL ] SELECT MAX(topic_id) AS tp_max FROM `topic` LIMIT 1 [ RunTime:0.000000s ]
---------------------------------------------------------------
[ 2018-09-15T10:21:32+08:00 ] 127.0.0.1 GET /push/push/chooseList
[ info ] 127.0.0.1/push/push/chooseList [运行时间：0.053003s][吞吐率：18.87req/s] [内存消耗：2,192.68kb] [文件加载：53]
[ info ] [ BEHAVIOR ] Run app\behavior\CORS @app_init [ RunTime:0.000000s ]
[ info ] [ LANG ] D:\Documents\GitHub\xhgj\thinkphp\lang\zh-cn.php
[ info ] [ ROUTE ] array (
  'type' => 'module',
  'module' => 
  array (
    0 => 'push',
    1 => 'push',
    2 => 'chooseList',
  ),
)
[ info ] [ HEADER ] array (
  'connection' => 'close',
  'accept-encoding' => 'gzip, deflate',
  'cookie' => 'PHPSESSID=anlg2pbhoanejs3ahhel0haop2',
  'host' => '127.0.0.1',
  'accept' => '*/*',
  'user-agent' => 'PostmanRuntime/3.0.9',
  'token' => '0f91ad5c907ce908d25176767fc7b57a',
  'postman-token' => '87808ec6-d120-45b5-a594-f8510932c9ad',
  'cache-control' => 'no-cache',
)
[ info ] [ PARAM ] array (
  '/push/push/chooseList' => '',
)
[ info ] [ RUN ] app\push\controller\push->chooseList[ D:\Documents\GitHub\xhgj\application\push\controller\Push.php ]
[ info ] [ DB ] INIT mysql
[ info ] [ LOG ] INIT File
[ sql ] [ DB ] CONNECT:[ UseTime:0.000000s ] mysql:host=127.0.0.1;port=3306;dbname=websocket;charset=utf8
[ sql ] [ SQL ] SHOW COLUMNS FROM `topic` [ RunTime:0.020001s ]
[ sql ] [ SQL ] SELECT MAX(topic_id) AS tp_max FROM `topic` LIMIT 1 [ RunTime:0.000000s ]
---------------------------------------------------------------
[ 2018-09-15T10:21:33+08:00 ] 127.0.0.1 GET /push/push/chooseList
[ info ] 127.0.0.1/push/push/chooseList [运行时间：0.055003s][吞吐率：18.18req/s] [内存消耗：2,192.68kb] [文件加载：53]
[ info ] [ BEHAVIOR ] Run app\behavior\CORS @app_init [ RunTime:0.000000s ]
[ info ] [ LANG ] D:\Documents\GitHub\xhgj\thinkphp\lang\zh-cn.php
[ info ] [ ROUTE ] array (
  'type' => 'module',
  'module' => 
  array (
    0 => 'push',
    1 => 'push',
    2 => 'chooseList',
  ),
)
[ info ] [ HEADER ] array (
  'connection' => 'close',
  'accept-encoding' => 'gzip, deflate',
  'cookie' => 'PHPSESSID=anlg2pbhoanejs3ahhel0haop2',
  'host' => '127.0.0.1',
  'accept' => '*/*',
  'user-agent' => 'PostmanRuntime/3.0.9',
  'token' => '0f91ad5c907ce908d25176767fc7b57a',
  'postman-token' => '7ce09a65-72d3-4456-93de-68fecb7545a7',
  'cache-control' => 'no-cache',
)
[ info ] [ PARAM ] array (
  '/push/push/chooseList' => '',
)
[ info ] [ RUN ] app\push\controller\push->chooseList[ D:\Documents\GitHub\xhgj\application\push\controller\Push.php ]
[ info ] [ DB ] INIT mysql
[ info ] [ LOG ] INIT File
[ sql ] [ DB ] CONNECT:[ UseTime:0.000000s ] mysql:host=127.0.0.1;port=3306;dbname=websocket;charset=utf8
[ sql ] [ SQL ] SHOW COLUMNS FROM `topic` [ RunTime:0.022001s ]
[ sql ] [ SQL ] SELECT MAX(topic_id) AS tp_max FROM `topic` LIMIT 1 [ RunTime:0.001000s ]
---------------------------------------------------------------
[ 2018-09-15T10:21:56+08:00 ] 127.0.0.1 GET /push/push/chooseList
[ info ] 127.0.0.1/push/push/chooseList [运行时间：0.060004s][吞吐率：16.67req/s] [内存消耗：2,192.67kb] [文件加载：53]
[ info ] [ BEHAVIOR ] Run app\behavior\CORS @app_init [ RunTime:0.000000s ]
[ info ] [ LANG ] D:\Documents\GitHub\xhgj\thinkphp\lang\zh-cn.php
[ info ] [ ROUTE ] array (
  'type' => 'module',
  'module' => 
  array (
    0 => 'push',
    1 => 'push',
    2 => 'chooseList',
  ),
)
[ info ] [ HEADER ] array (
  'connection' => 'close',
  'accept-encoding' => 'gzip, deflate',
  'cookie' => 'PHPSESSID=anlg2pbhoanejs3ahhel0haop2',
  'host' => '127.0.0.1',
  'accept' => '*/*',
  'user-agent' => 'PostmanRuntime/3.0.9',
  'token' => '0f91ad5c907ce908d25176767fc7b57a',
  'postman-token' => 'be2081e7-9b88-40c0-aeab-78d2c15d1c92',
  'cache-control' => 'no-cache',
)
[ info ] [ PARAM ] array (
  '/push/push/chooseList' => '',
)
[ info ] [ RUN ] app\push\controller\push->chooseList[ D:\Documents\GitHub\xhgj\application\push\controller\Push.php ]
[ info ] [ DB ] INIT mysql
[ info ] [ LOG ] INIT File
[ sql ] [ DB ] CONNECT:[ UseTime:0.001000s ] mysql:host=127.0.0.1;port=3306;dbname=websocket;charset=utf8
[ sql ] [ SQL ] SHOW COLUMNS FROM `topic` [ RunTime:0.021001s ]
[ sql ] [ SQL ] SELECT MAX(topic_id) AS tp_max FROM `topic` LIMIT 1 [ RunTime:0.001001s ]
---------------------------------------------------------------
[ 2018-09-15T10:22:25+08:00 ] 127.0.0.1 GET /push/push/chooseList
[ info ] 127.0.0.1/push/push/chooseList [运行时间：0.059003s][吞吐率：16.95req/s] [内存消耗：2,192.68kb] [文件加载：53]
[ info ] [ BEHAVIOR ] Run app\behavior\CORS @app_init [ RunTime:0.000000s ]
[ info ] [ LANG ] D:\Documents\GitHub\xhgj\thinkphp\lang\zh-cn.php
[ info ] [ ROUTE ] array (
  'type' => 'module',
  'module' => 
  array (
    0 => 'push',
    1 => 'push',
    2 => 'chooseList',
  ),
)
[ info ] [ HEADER ] array (
  'connection' => 'close',
  'accept-encoding' => 'gzip, deflate',
  'cookie' => 'PHPSESSID=anlg2pbhoanejs3ahhel0haop2',
  'host' => '127.0.0.1',
  'accept' => '*/*',
  'user-agent' => 'PostmanRuntime/3.0.9',
  'token' => '0f91ad5c907ce908d25176767fc7b57a',
  'postman-token' => '148a5d20-6607-4d14-be8f-a59d656c1611',
  'cache-control' => 'no-cache',
)
[ info ] [ PARAM ] array (
  '/push/push/chooseList' => '',
)
[ info ] [ RUN ] app\push\controller\push->chooseList[ D:\Documents\GitHub\xhgj\application\push\controller\Push.php ]
[ info ] [ DB ] INIT mysql
[ info ] [ LOG ] INIT File
[ sql ] [ DB ] CONNECT:[ UseTime:0.010001s ] mysql:host=127.0.0.1;port=3306;dbname=websocket;charset=utf8
[ sql ] [ SQL ] SHOW COLUMNS FROM `topic` [ RunTime:0.018001s ]
[ sql ] [ SQL ] SELECT MAX(topic_id) AS tp_max FROM `topic` LIMIT 1 [ RunTime:0.000000s ]
---------------------------------------------------------------
[ 2018-09-15T10:22:26+08:00 ] 127.0.0.1 GET /push/push/chooseList
[ info ] 127.0.0.1/push/push/chooseList [运行时间：0.056003s][吞吐率：17.86req/s] [内存消耗：2,192.68kb] [文件加载：53]
[ info ] [ BEHAVIOR ] Run app\behavior\CORS @app_init [ RunTime:0.000000s ]
[ info ] [ LANG ] D:\Documents\GitHub\xhgj\thinkphp\lang\zh-cn.php
[ info ] [ ROUTE ] array (
  'type' => 'module',
  'module' => 
  array (
    0 => 'push',
    1 => 'push',
    2 => 'chooseList',
  ),
)
[ info ] [ HEADER ] array (
  'connection' => 'close',
  'accept-encoding' => 'gzip, deflate',
  'cookie' => 'PHPSESSID=anlg2pbhoanejs3ahhel0haop2',
  'host' => '127.0.0.1',
  'accept' => '*/*',
  'user-agent' => 'PostmanRuntime/3.0.9',
  'token' => '0f91ad5c907ce908d25176767fc7b57a',
  'postman-token' => '32394581-11f5-4f3f-b445-2add66e625d1',
  'cache-control' => 'no-cache',
)
[ info ] [ PARAM ] array (
  '/push/push/chooseList' => '',
)
[ info ] [ RUN ] app\push\controller\push->chooseList[ D:\Documents\GitHub\xhgj\application\push\controller\Push.php ]
[ info ] [ DB ] INIT mysql
[ info ] [ LOG ] INIT File
[ sql ] [ DB ] CONNECT:[ UseTime:0.010000s ] mysql:host=127.0.0.1;port=3306;dbname=websocket;charset=utf8
[ sql ] [ SQL ] SHOW COLUMNS FROM `topic` [ RunTime:0.018001s ]
[ sql ] [ SQL ] SELECT MAX(topic_id) AS tp_max FROM `topic` LIMIT 1 [ RunTime:0.000000s ]
---------------------------------------------------------------
[ 2018-09-15T10:22:27+08:00 ] 127.0.0.1 GET /push/push/chooseList
[ info ] 127.0.0.1/push/push/chooseList [运行时间：0.055003s][吞吐率：18.18req/s] [内存消耗：2,192.68kb] [文件加载：53]
[ info ] [ BEHAVIOR ] Run app\behavior\CORS @app_init [ RunTime:0.000000s ]
[ info ] [ LANG ] D:\Documents\GitHub\xhgj\thinkphp\lang\zh-cn.php
[ info ] [ ROUTE ] array (
  'type' => 'module',
  'module' => 
  array (
    0 => 'push',
    1 => 'push',
    2 => 'chooseList',
  ),
)
[ info ] [ HEADER ] array (
  'connection' => 'close',
  'accept-encoding' => 'gzip, deflate',
  'cookie' => 'PHPSESSID=anlg2pbhoanejs3ahhel0haop2',
  'host' => '127.0.0.1',
  'accept' => '*/*',
  'user-agent' => 'PostmanRuntime/3.0.9',
  'token' => '0f91ad5c907ce908d25176767fc7b57a',
  'postman-token' => 'e6f304a4-e58a-4562-890a-502b4c06042b',
  'cache-control' => 'no-cache',
)
[ info ] [ PARAM ] array (
  '/push/push/chooseList' => '',
)
[ info ] [ RUN ] app\push\controller\push->chooseList[ D:\Documents\GitHub\xhgj\application\push\controller\Push.php ]
[ info ] [ DB ] INIT mysql
[ info ] [ LOG ] INIT File
[ sql ] [ DB ] CONNECT:[ UseTime:0.010000s ] mysql:host=127.0.0.1;port=3306;dbname=websocket;charset=utf8
[ sql ] [ SQL ] SHOW COLUMNS FROM `topic` [ RunTime:0.018001s ]
[ sql ] [ SQL ] SELECT MAX(topic_id) AS tp_max FROM `topic` LIMIT 1 [ RunTime:0.000000s ]
---------------------------------------------------------------
[ 2018-09-15T10:22:28+08:00 ] 127.0.0.1 GET /push/push/chooseList
[ info ] 127.0.0.1/push/push/chooseList [运行时间：0.054003s][吞吐率：18.52req/s] [内存消耗：2,192.68kb] [文件加载：53]
[ info ] [ BEHAVIOR ] Run app\behavior\CORS @app_init [ RunTime:0.000000s ]
[ info ] [ LANG ] D:\Documents\GitHub\xhgj\thinkphp\lang\zh-cn.php
[ info ] [ ROUTE ] array (
  'type' => 'module',
  'module' => 
  array (
    0 => 'push',
    1 => 'push',
    2 => 'chooseList',
  ),
)
[ info ] [ HEADER ] array (
  'connection' => 'close',
  'accept-encoding' => 'gzip, deflate',
  'cookie' => 'PHPSESSID=anlg2pbhoanejs3ahhel0haop2',
  'host' => '127.0.0.1',
  'accept' => '*/*',
  'user-agent' => 'PostmanRuntime/3.0.9',
  'token' => '0f91ad5c907ce908d25176767fc7b57a',
  'postman-token' => '5ddf6c57-04df-4318-9351-cbae92795e5e',
  'cache-control' => 'no-cache',
)
[ info ] [ PARAM ] array (
  '/push/push/chooseList' => '',
)
[ info ] [ RUN ] app\push\controller\push->chooseList[ D:\Documents\GitHub\xhgj\application\push\controller\Push.php ]
[ info ] [ DB ] INIT mysql
[ info ] [ LOG ] INIT File
[ sql ] [ DB ] CONNECT:[ UseTime:0.000000s ] mysql:host=127.0.0.1;port=3306;dbname=websocket;charset=utf8
[ sql ] [ SQL ] SHOW COLUMNS FROM `topic` [ RunTime:0.022001s ]
[ sql ] [ SQL ] SELECT MAX(topic_id) AS tp_max FROM `topic` LIMIT 1 [ RunTime:0.001000s ]
---------------------------------------------------------------
[ 2018-09-15T10:22:29+08:00 ] 127.0.0.1 GET /push/push/chooseList
[ info ] 127.0.0.1/push/push/chooseList [运行时间：0.044002s][吞吐率：22.73req/s] [内存消耗：2,192.68kb] [文件加载：53]
[ info ] [ BEHAVIOR ] Run app\behavior\CORS @app_init [ RunTime:0.000000s ]
[ info ] [ LANG ] D:\Documents\GitHub\xhgj\thinkphp\lang\zh-cn.php
[ info ] [ ROUTE ] array (
  'type' => 'module',
  'module' => 
  array (
    0 => 'push',
    1 => 'push',
    2 => 'chooseList',
  ),
)
[ info ] [ HEADER ] array (
  'connection' => 'close',
  'accept-encoding' => 'gzip, deflate',
  'cookie' => 'PHPSESSID=anlg2pbhoanejs3ahhel0haop2',
  'host' => '127.0.0.1',
  'accept' => '*/*',
  'user-agent' => 'PostmanRuntime/3.0.9',
  'token' => '0f91ad5c907ce908d25176767fc7b57a',
  'postman-token' => 'c40aefb4-5341-43b7-8eb7-a1f9f31fe3a5',
  'cache-control' => 'no-cache',
)
[ info ] [ PARAM ] array (
  '/push/push/chooseList' => '',
)
[ info ] [ RUN ] app\push\controller\push->chooseList[ D:\Documents\GitHub\xhgj\application\push\controller\Push.php ]
[ info ] [ DB ] INIT mysql
[ info ] [ LOG ] INIT File
[ sql ] [ DB ] CONNECT:[ UseTime:0.001000s ] mysql:host=127.0.0.1;port=3306;dbname=websocket;charset=utf8
[ sql ] [ SQL ] SHOW COLUMNS FROM `topic` [ RunTime:0.015001s ]
[ sql ] [ SQL ] SELECT MAX(topic_id) AS tp_max FROM `topic` LIMIT 1 [ RunTime:0.000000s ]
---------------------------------------------------------------
[ 2018-09-15T10:22:30+08:00 ] 127.0.0.1 GET /push/push/chooseList
[ info ] 127.0.0.1/push/push/chooseList [运行时间：0.052003s][吞吐率：19.23req/s] [内存消耗：2,192.68kb] [文件加载：53]
[ info ] [ BEHAVIOR ] Run app\behavior\CORS @app_init [ RunTime:0.001000s ]
[ info ] [ LANG ] D:\Documents\GitHub\xhgj\thinkphp\lang\zh-cn.php
[ info ] [ ROUTE ] array (
  'type' => 'module',
  'module' => 
  array (
    0 => 'push',
    1 => 'push',
    2 => 'chooseList',
  ),
)
[ info ] [ HEADER ] array (
  'connection' => 'close',
  'accept-encoding' => 'gzip, deflate',
  'cookie' => 'PHPSESSID=anlg2pbhoanejs3ahhel0haop2',
  'host' => '127.0.0.1',
  'accept' => '*/*',
  'user-agent' => 'PostmanRuntime/3.0.9',
  'token' => '0f91ad5c907ce908d25176767fc7b57a',
  'postman-token' => '0ba4b80d-2520-45e8-9705-70816e6236b3',
  'cache-control' => 'no-cache',
)
[ info ] [ PARAM ] array (
  '/push/push/chooseList' => '',
)
[ info ] [ RUN ] app\push\controller\push->chooseList[ D:\Documents\GitHub\xhgj\application\push\controller\Push.php ]
[ info ] [ DB ] INIT mysql
[ info ] [ LOG ] INIT File
[ sql ] [ DB ] CONNECT:[ UseTime:0.000000s ] mysql:host=127.0.0.1;port=3306;dbname=websocket;charset=utf8
[ sql ] [ SQL ] SHOW COLUMNS FROM `topic` [ RunTime:0.019001s ]
[ sql ] [ SQL ] SELECT MAX(topic_id) AS tp_max FROM `topic` LIMIT 1 [ RunTime:0.001000s ]
---------------------------------------------------------------
[ 2018-09-15T10:22:31+08:00 ] 127.0.0.1 GET /push/push/chooseList
[ info ] 127.0.0.1/push/push/chooseList [运行时间：0.046002s][吞吐率：21.74req/s] [内存消耗：2,192.68kb] [文件加载：53]
[ info ] [ BEHAVIOR ] Run app\behavior\CORS @app_init [ RunTime:0.000000s ]
[ info ] [ LANG ] D:\Documents\GitHub\xhgj\thinkphp\lang\zh-cn.php
[ info ] [ ROUTE ] array (
  'type' => 'module',
  'module' => 
  array (
    0 => 'push',
    1 => 'push',
    2 => 'chooseList',
  ),
)
[ info ] [ HEADER ] array (
  'connection' => 'close',
  'accept-encoding' => 'gzip, deflate',
  'cookie' => 'PHPSESSID=anlg2pbhoanejs3ahhel0haop2',
  'host' => '127.0.0.1',
  'accept' => '*/*',
  'user-agent' => 'PostmanRuntime/3.0.9',
  'token' => '0f91ad5c907ce908d25176767fc7b57a',
  'postman-token' => 'da1e34f9-6023-4881-a75d-27a857f27c8e',
  'cache-control' => 'no-cache',
)
[ info ] [ PARAM ] array (
  '/push/push/chooseList' => '',
)
[ info ] [ RUN ] app\push\controller\push->chooseList[ D:\Documents\GitHub\xhgj\application\push\controller\Push.php ]
[ info ] [ DB ] INIT mysql
[ info ] [ LOG ] INIT File
[ sql ] [ DB ] CONNECT:[ UseTime:0.001000s ] mysql:host=127.0.0.1;port=3306;dbname=websocket;charset=utf8
[ sql ] [ SQL ] SHOW COLUMNS FROM `topic` [ RunTime:0.017001s ]
[ sql ] [ SQL ] SELECT MAX(topic_id) AS tp_max FROM `topic` LIMIT 1 [ RunTime:0.000000s ]
---------------------------------------------------------------
[ 2018-09-15T10:22:32+08:00 ] 127.0.0.1 GET /push/push/chooseList
[ info ] 127.0.0.1/push/push/chooseList [运行时间：0.047002s][吞吐率：21.28req/s] [内存消耗：2,192.68kb] [文件加载：53]
[ info ] [ BEHAVIOR ] Run app\behavior\CORS @app_init [ RunTime:0.000000s ]
[ info ] [ LANG ] D:\Documents\GitHub\xhgj\thinkphp\lang\zh-cn.php
[ info ] [ ROUTE ] array (
  'type' => 'module',
  'module' => 
  array (
    0 => 'push',
    1 => 'push',
    2 => 'chooseList',
  ),
)
[ info ] [ HEADER ] array (
  'connection' => 'close',
  'accept-encoding' => 'gzip, deflate',
  'cookie' => 'PHPSESSID=anlg2pbhoanejs3ahhel0haop2',
  'host' => '127.0.0.1',
  'accept' => '*/*',
  'user-agent' => 'PostmanRuntime/3.0.9',
  'token' => '0f91ad5c907ce908d25176767fc7b57a',
  'postman-token' => '72836853-bf2f-4c00-948e-30b45bcffdfa',
  'cache-control' => 'no-cache',
)
[ info ] [ PARAM ] array (
  '/push/push/chooseList' => '',
)
[ info ] [ RUN ] app\push\controller\push->chooseList[ D:\Documents\GitHub\xhgj\application\push\controller\Push.php ]
[ info ] [ DB ] INIT mysql
[ info ] [ LOG ] INIT File
[ sql ] [ DB ] CONNECT:[ UseTime:0.001000s ] mysql:host=127.0.0.1;port=3306;dbname=websocket;charset=utf8
[ sql ] [ SQL ] SHOW COLUMNS FROM `topic` [ RunTime:0.018001s ]
[ sql ] [ SQL ] SELECT MAX(topic_id) AS tp_max FROM `topic` LIMIT 1 [ RunTime:0.000000s ]
---------------------------------------------------------------
[ 2018-09-15T10:22:32+08:00 ] 127.0.0.1 GET /push/push/chooseList
[ info ] 127.0.0.1/push/push/chooseList [运行时间：0.055003s][吞吐率：18.18req/s] [内存消耗：2,192.68kb] [文件加载：53]
[ info ] [ BEHAVIOR ] Run app\behavior\CORS @app_init [ RunTime:0.000000s ]
[ info ] [ LANG ] D:\Documents\GitHub\xhgj\thinkphp\lang\zh-cn.php
[ info ] [ ROUTE ] array (
  'type' => 'module',
  'module' => 
  array (
    0 => 'push',
    1 => 'push',
    2 => 'chooseList',
  ),
)
[ info ] [ HEADER ] array (
  'connection' => 'close',
  'accept-encoding' => 'gzip, deflate',
  'cookie' => 'PHPSESSID=anlg2pbhoanejs3ahhel0haop2',
  'host' => '127.0.0.1',
  'accept' => '*/*',
  'user-agent' => 'PostmanRuntime/3.0.9',
  'token' => '0f91ad5c907ce908d25176767fc7b57a',
  'postman-token' => '3ddb0e4b-e16c-4390-add7-d2d1ca5df571',
  'cache-control' => 'no-cache',
)
[ info ] [ PARAM ] array (
  '/push/push/chooseList' => '',
)
[ info ] [ RUN ] app\push\controller\push->chooseList[ D:\Documents\GitHub\xhgj\application\push\controller\Push.php ]
[ info ] [ DB ] INIT mysql
[ info ] [ LOG ] INIT File
[ sql ] [ DB ] CONNECT:[ UseTime:0.001000s ] mysql:host=127.0.0.1;port=3306;dbname=websocket;charset=utf8
[ sql ] [ SQL ] SHOW COLUMNS FROM `topic` [ RunTime:0.020001s ]
[ sql ] [ SQL ] SELECT MAX(topic_id) AS tp_max FROM `topic` LIMIT 1 [ RunTime:0.001000s ]
---------------------------------------------------------------
[ 2018-09-15T10:22:33+08:00 ] 127.0.0.1 GET /push/push/chooseList
[ info ] 127.0.0.1/push/push/chooseList [运行时间：0.045002s][吞吐率：22.22req/s] [内存消耗：2,192.68kb] [文件加载：53]
[ info ] [ BEHAVIOR ] Run app\behavior\CORS @app_init [ RunTime:0.000000s ]
[ info ] [ LANG ] D:\Documents\GitHub\xhgj\thinkphp\lang\zh-cn.php
[ info ] [ ROUTE ] array (
  'type' => 'module',
  'module' => 
  array (
    0 => 'push',
    1 => 'push',
    2 => 'chooseList',
  ),
)
[ info ] [ HEADER ] array (
  'connection' => 'close',
  'accept-encoding' => 'gzip, deflate',
  'cookie' => 'PHPSESSID=anlg2pbhoanejs3ahhel0haop2',
  'host' => '127.0.0.1',
  'accept' => '*/*',
  'user-agent' => 'PostmanRuntime/3.0.9',
  'token' => '0f91ad5c907ce908d25176767fc7b57a',
  'postman-token' => '80712cd3-ebcf-4412-8512-fb214fa520c0',
  'cache-control' => 'no-cache',
)
[ info ] [ PARAM ] array (
  '/push/push/chooseList' => '',
)
[ info ] [ RUN ] app\push\controller\push->chooseList[ D:\Documents\GitHub\xhgj\application\push\controller\Push.php ]
[ info ] [ DB ] INIT mysql
[ info ] [ LOG ] INIT File
[ sql ] [ DB ] CONNECT:[ UseTime:0.000000s ] mysql:host=127.0.0.1;port=3306;dbname=websocket;charset=utf8
[ sql ] [ SQL ] SHOW COLUMNS FROM `topic` [ RunTime:0.017001s ]
[ sql ] [ SQL ] SELECT MAX(topic_id) AS tp_max FROM `topic` LIMIT 1 [ RunTime:0.000000s ]
---------------------------------------------------------------
[ 2018-09-15T10:22:33+08:00 ] 127.0.0.1 GET /push/push/chooseList
[ info ] 127.0.0.1/push/push/chooseList [运行时间：0.054004s][吞吐率：18.52req/s] [内存消耗：2,192.68kb] [文件加载：53]
[ info ] [ BEHAVIOR ] Run app\behavior\CORS @app_init [ RunTime:0.001000s ]
[ info ] [ LANG ] D:\Documents\GitHub\xhgj\thinkphp\lang\zh-cn.php
[ info ] [ ROUTE ] array (
  'type' => 'module',
  'module' => 
  array (
    0 => 'push',
    1 => 'push',
    2 => 'chooseList',
  ),
)
[ info ] [ HEADER ] array (
  'connection' => 'close',
  'accept-encoding' => 'gzip, deflate',
  'cookie' => 'PHPSESSID=anlg2pbhoanejs3ahhel0haop2',
  'host' => '127.0.0.1',
  'accept' => '*/*',
  'user-agent' => 'PostmanRuntime/3.0.9',
  'token' => '0f91ad5c907ce908d25176767fc7b57a',
  'postman-token' => '2b10a1bd-ee21-4d55-bcad-c50dfb48c3b0',
  'cache-control' => 'no-cache',
)
[ info ] [ PARAM ] array (
  '/push/push/chooseList' => '',
)
[ info ] [ RUN ] app\push\controller\push->chooseList[ D:\Documents\GitHub\xhgj\application\push\controller\Push.php ]
[ info ] [ DB ] INIT mysql
[ info ] [ LOG ] INIT File
[ sql ] [ DB ] CONNECT:[ UseTime:0.010000s ] mysql:host=127.0.0.1;port=3306;dbname=websocket;charset=utf8
[ sql ] [ SQL ] SHOW COLUMNS FROM `topic` [ RunTime:0.017001s ]
[ sql ] [ SQL ] SELECT MAX(topic_id) AS tp_max FROM `topic` LIMIT 1 [ RunTime:0.000000s ]
---------------------------------------------------------------
[ 2018-09-15T10:22:34+08:00 ] 127.0.0.1 GET /push/push/chooseList
[ info ] 127.0.0.1/push/push/chooseList [运行时间：0.049003s][吞吐率：20.41req/s] [内存消耗：2,192.68kb] [文件加载：53]
[ info ] [ BEHAVIOR ] Run app\behavior\CORS @app_init [ RunTime:0.000000s ]
[ info ] [ LANG ] D:\Documents\GitHub\xhgj\thinkphp\lang\zh-cn.php
[ info ] [ ROUTE ] array (
  'type' => 'module',
  'module' => 
  array (
    0 => 'push',
    1 => 'push',
    2 => 'chooseList',
  ),
)
[ info ] [ HEADER ] array (
  'connection' => 'close',
  'accept-encoding' => 'gzip, deflate',
  'cookie' => 'PHPSESSID=anlg2pbhoanejs3ahhel0haop2',
  'host' => '127.0.0.1',
  'accept' => '*/*',
  'user-agent' => 'PostmanRuntime/3.0.9',
  'token' => '0f91ad5c907ce908d25176767fc7b57a',
  'postman-token' => 'be1a485f-e3b0-404c-be42-49862b971036',
  'cache-control' => 'no-cache',
)
[ info ] [ PARAM ] array (
  '/push/push/chooseList' => '',
)
[ info ] [ RUN ] app\push\controller\push->chooseList[ D:\Documents\GitHub\xhgj\application\push\controller\Push.php ]
[ info ] [ DB ] INIT mysql
[ info ] [ LOG ] INIT File
[ sql ] [ DB ] CONNECT:[ UseTime:0.010001s ] mysql:host=127.0.0.1;port=3306;dbname=websocket;charset=utf8
[ sql ] [ SQL ] SHOW COLUMNS FROM `topic` [ RunTime:0.011000s ]
[ sql ] [ SQL ] SELECT MAX(topic_id) AS tp_max FROM `topic` LIMIT 1 [ RunTime:0.000000s ]
---------------------------------------------------------------
[ 2018-09-15T10:22:34+08:00 ] 127.0.0.1 GET /push/push/chooseList
[ info ] 127.0.0.1/push/push/chooseList [运行时间：0.049003s][吞吐率：20.41req/s] [内存消耗：2,192.68kb] [文件加载：53]
[ info ] [ BEHAVIOR ] Run app\behavior\CORS @app_init [ RunTime:0.000000s ]
[ info ] [ LANG ] D:\Documents\GitHub\xhgj\thinkphp\lang\zh-cn.php
[ info ] [ ROUTE ] array (
  'type' => 'module',
  'module' => 
  array (
    0 => 'push',
    1 => 'push',
    2 => 'chooseList',
  ),
)
[ info ] [ HEADER ] array (
  'connection' => 'close',
  'accept-encoding' => 'gzip, deflate',
  'cookie' => 'PHPSESSID=anlg2pbhoanejs3ahhel0haop2',
  'host' => '127.0.0.1',
  'accept' => '*/*',
  'user-agent' => 'PostmanRuntime/3.0.9',
  'token' => '0f91ad5c907ce908d25176767fc7b57a',
  'postman-token' => 'ed856421-66cf-44bf-8173-b12223e49284',
  'cache-control' => 'no-cache',
)
[ info ] [ PARAM ] array (
  '/push/push/chooseList' => '',
)
[ info ] [ RUN ] app\push\controller\push->chooseList[ D:\Documents\GitHub\xhgj\application\push\controller\Push.php ]
[ info ] [ DB ] INIT mysql
[ info ] [ LOG ] INIT File
[ sql ] [ DB ] CONNECT:[ UseTime:0.000000s ] mysql:host=127.0.0.1;port=3306;dbname=websocket;charset=utf8
[ sql ] [ SQL ] SHOW COLUMNS FROM `topic` [ RunTime:0.019001s ]
[ sql ] [ SQL ] SELECT MAX(topic_id) AS tp_max FROM `topic` LIMIT 1 [ RunTime:0.001000s ]
---------------------------------------------------------------
[ 2018-09-15T10:22:34+08:00 ] 127.0.0.1 GET /push/push/chooseList
[ info ] 127.0.0.1/push/push/chooseList [运行时间：0.055003s][吞吐率：18.18req/s] [内存消耗：2,192.68kb] [文件加载：53]
[ info ] [ BEHAVIOR ] Run app\behavior\CORS @app_init [ RunTime:0.001000s ]
[ info ] [ LANG ] D:\Documents\GitHub\xhgj\thinkphp\lang\zh-cn.php
[ info ] [ ROUTE ] array (
  'type' => 'module',
  'module' => 
  array (
    0 => 'push',
    1 => 'push',
    2 => 'chooseList',
  ),
)
[ info ] [ HEADER ] array (
  'connection' => 'close',
  'accept-encoding' => 'gzip, deflate',
  'cookie' => 'PHPSESSID=anlg2pbhoanejs3ahhel0haop2',
  'host' => '127.0.0.1',
  'accept' => '*/*',
  'user-agent' => 'PostmanRuntime/3.0.9',
  'token' => '0f91ad5c907ce908d25176767fc7b57a',
  'postman-token' => '01676033-a0a4-42a7-be7b-67f9a2cb6af9',
  'cache-control' => 'no-cache',
)
[ info ] [ PARAM ] array (
  '/push/push/chooseList' => '',
)
[ info ] [ RUN ] app\push\controller\push->chooseList[ D:\Documents\GitHub\xhgj\application\push\controller\Push.php ]
[ info ] [ DB ] INIT mysql
[ info ] [ LOG ] INIT File
[ sql ] [ DB ] CONNECT:[ UseTime:0.010001s ] mysql:host=127.0.0.1;port=3306;dbname=websocket;charset=utf8
[ sql ] [ SQL ] SHOW COLUMNS FROM `topic` [ RunTime:0.017001s ]
[ sql ] [ SQL ] SELECT MAX(topic_id) AS tp_max FROM `topic` LIMIT 1 [ RunTime:0.000000s ]
---------------------------------------------------------------
[ 2018-09-15T10:22:35+08:00 ] 127.0.0.1 GET /push/push/chooseList
[ info ] 127.0.0.1/push/push/chooseList [运行时间：0.059004s][吞吐率：16.95req/s] [内存消耗：2,192.68kb] [文件加载：53]
[ info ] [ BEHAVIOR ] Run app\behavior\CORS @app_init [ RunTime:0.001000s ]
[ info ] [ LANG ] D:\Documents\GitHub\xhgj\thinkphp\lang\zh-cn.php
[ info ] [ ROUTE ] array (
  'type' => 'module',
  'module' => 
  array (
    0 => 'push',
    1 => 'push',
    2 => 'chooseList',
  ),
)
[ info ] [ HEADER ] array (
  'connection' => 'close',
  'accept-encoding' => 'gzip, deflate',
  'cookie' => 'PHPSESSID=anlg2pbhoanejs3ahhel0haop2',
  'host' => '127.0.0.1',
  'accept' => '*/*',
  'user-agent' => 'PostmanRuntime/3.0.9',
  'token' => '0f91ad5c907ce908d25176767fc7b57a',
  'postman-token' => 'ff836015-52c3-45b3-844f-1c81e4f3adc4',
  'cache-control' => 'no-cache',
)
[ info ] [ PARAM ] array (
  '/push/push/chooseList' => '',
)
[ info ] [ RUN ] app\push\controller\push->chooseList[ D:\Documents\GitHub\xhgj\application\push\controller\Push.php ]
[ info ] [ DB ] INIT mysql
[ info ] [ LOG ] INIT File
[ sql ] [ DB ] CONNECT:[ UseTime:0.010000s ] mysql:host=127.0.0.1;port=3306;dbname=websocket;charset=utf8
[ sql ] [ SQL ] SHOW COLUMNS FROM `topic` [ RunTime:0.020001s ]
[ sql ] [ SQL ] SELECT MAX(topic_id) AS tp_max FROM `topic` LIMIT 1 [ RunTime:0.001000s ]
---------------------------------------------------------------
[ 2018-09-15T10:22:35+08:00 ] 127.0.0.1 GET /push/push/chooseList
[ info ] 127.0.0.1/push/push/chooseList [运行时间：0.050002s][吞吐率：20.00req/s] [内存消耗：2,192.68kb] [文件加载：53]
[ info ] [ BEHAVIOR ] Run app\behavior\CORS @app_init [ RunTime:0.000000s ]
[ info ] [ LANG ] D:\Documents\GitHub\xhgj\thinkphp\lang\zh-cn.php
[ info ] [ ROUTE ] array (
  'type' => 'module',
  'module' => 
  array (
    0 => 'push',
    1 => 'push',
    2 => 'chooseList',
  ),
)
[ info ] [ HEADER ] array (
  'connection' => 'close',
  'accept-encoding' => 'gzip, deflate',
  'cookie' => 'PHPSESSID=anlg2pbhoanejs3ahhel0haop2',
  'host' => '127.0.0.1',
  'accept' => '*/*',
  'user-agent' => 'PostmanRuntime/3.0.9',
  'token' => '0f91ad5c907ce908d25176767fc7b57a',
  'postman-token' => 'c8e7948c-d482-4100-806f-a3fa4aa9449b',
  'cache-control' => 'no-cache',
)
[ info ] [ PARAM ] array (
  '/push/push/chooseList' => '',
)
[ info ] [ RUN ] app\push\controller\push->chooseList[ D:\Documents\GitHub\xhgj\application\push\controller\Push.php ]
[ info ] [ DB ] INIT mysql
[ info ] [ LOG ] INIT File
[ sql ] [ DB ] CONNECT:[ UseTime:0.001000s ] mysql:host=127.0.0.1;port=3306;dbname=websocket;charset=utf8
[ sql ] [ SQL ] SHOW COLUMNS FROM `topic` [ RunTime:0.019001s ]
[ sql ] [ SQL ] SELECT MAX(topic_id) AS tp_max FROM `topic` LIMIT 1 [ RunTime:0.000000s ]
---------------------------------------------------------------
[ 2018-09-15T10:22:36+08:00 ] 127.0.0.1 GET /push/push/chooseList
[ info ] 127.0.0.1/push/push/chooseList [运行时间：0.053003s][吞吐率：18.87req/s] [内存消耗：2,192.68kb] [文件加载：53]
[ info ] [ BEHAVIOR ] Run app\behavior\CORS @app_init [ RunTime:0.000000s ]
[ info ] [ LANG ] D:\Documents\GitHub\xhgj\thinkphp\lang\zh-cn.php
[ info ] [ ROUTE ] array (
  'type' => 'module',
  'module' => 
  array (
    0 => 'push',
    1 => 'push',
    2 => 'chooseList',
  ),
)
[ info ] [ HEADER ] array (
  'connection' => 'close',
  'accept-encoding' => 'gzip, deflate',
  'cookie' => 'PHPSESSID=anlg2pbhoanejs3ahhel0haop2',
  'host' => '127.0.0.1',
  'accept' => '*/*',
  'user-agent' => 'PostmanRuntime/3.0.9',
  'token' => '0f91ad5c907ce908d25176767fc7b57a',
  'postman-token' => '63795d8b-6520-4ef3-91d4-e09aedcb6a45',
  'cache-control' => 'no-cache',
)
[ info ] [ PARAM ] array (
  '/push/push/chooseList' => '',
)
[ info ] [ RUN ] app\push\controller\push->chooseList[ D:\Documents\GitHub\xhgj\application\push\controller\Push.php ]
[ info ] [ DB ] INIT mysql
[ info ] [ LOG ] INIT File
[ sql ] [ DB ] CONNECT:[ UseTime:0.001001s ] mysql:host=127.0.0.1;port=3306;dbname=websocket;charset=utf8
[ sql ] [ SQL ] SHOW COLUMNS FROM `topic` [ RunTime:0.024001s ]
[ sql ] [ SQL ] SELECT MAX(topic_id) AS tp_max FROM `topic` LIMIT 1 [ RunTime:0.000000s ]
---------------------------------------------------------------
[ 2018-09-15T10:22:38+08:00 ] 127.0.0.1 GET /push/push/chooseList
[ info ] 127.0.0.1/push/push/chooseList [运行时间：0.044003s][吞吐率：22.73req/s] [内存消耗：2,192.68kb] [文件加载：53]
[ info ] [ BEHAVIOR ] Run app\behavior\CORS @app_init [ RunTime:0.001000s ]
[ info ] [ LANG ] D:\Documents\GitHub\xhgj\thinkphp\lang\zh-cn.php
[ info ] [ ROUTE ] array (
  'type' => 'module',
  'module' => 
  array (
    0 => 'push',
    1 => 'push',
    2 => 'chooseList',
  ),
)
[ info ] [ HEADER ] array (
  'connection' => 'close',
  'accept-encoding' => 'gzip, deflate',
  'cookie' => 'PHPSESSID=anlg2pbhoanejs3ahhel0haop2',
  'host' => '127.0.0.1',
  'accept' => '*/*',
  'user-agent' => 'PostmanRuntime/3.0.9',
  'token' => '0f91ad5c907ce908d25176767fc7b57a',
  'postman-token' => '5fdc2492-5381-4799-a264-a7960894c014',
  'cache-control' => 'no-cache',
)
[ info ] [ PARAM ] array (
  '/push/push/chooseList' => '',
)
[ info ] [ RUN ] app\push\controller\push->chooseList[ D:\Documents\GitHub\xhgj\application\push\controller\Push.php ]
[ info ] [ DB ] INIT mysql
[ info ] [ LOG ] INIT File
[ sql ] [ DB ] CONNECT:[ UseTime:0.000000s ] mysql:host=127.0.0.1;port=3306;dbname=websocket;charset=utf8
[ sql ] [ SQL ] SHOW COLUMNS FROM `topic` [ RunTime:0.017001s ]
[ sql ] [ SQL ] SELECT MAX(topic_id) AS tp_max FROM `topic` LIMIT 1 [ RunTime:0.000000s ]
---------------------------------------------------------------
[ 2018-09-15T10:23:23+08:00 ] 127.0.0.1 GET /push/push/chooseList
[ info ] 127.0.0.1/push/push/chooseList [运行时间：0.054003s][吞吐率：18.52req/s] [内存消耗：2,192.67kb] [文件加载：53]
[ info ] [ BEHAVIOR ] Run app\behavior\CORS @app_init [ RunTime:0.001000s ]
[ info ] [ LANG ] D:\Documents\GitHub\xhgj\thinkphp\lang\zh-cn.php
[ info ] [ ROUTE ] array (
  'type' => 'module',
  'module' => 
  array (
    0 => 'push',
    1 => 'push',
    2 => 'chooseList',
  ),
)
[ info ] [ HEADER ] array (
  'connection' => 'close',
  'accept-encoding' => 'gzip, deflate',
  'cookie' => 'PHPSESSID=anlg2pbhoanejs3ahhel0haop2',
  'host' => '127.0.0.1',
  'accept' => '*/*',
  'user-agent' => 'PostmanRuntime/3.0.9',
  'token' => '0f91ad5c907ce908d25176767fc7b57a',
  'postman-token' => 'c53bfb12-fa8b-4907-ab59-e5bc11ecaae1',
  'cache-control' => 'no-cache',
)
[ info ] [ PARAM ] array (
  '/push/push/chooseList' => '',
)
[ info ] [ RUN ] app\push\controller\push->chooseList[ D:\Documents\GitHub\xhgj\application\push\controller\Push.php ]
[ info ] [ DB ] INIT mysql
[ info ] [ LOG ] INIT File
[ sql ] [ DB ] CONNECT:[ UseTime:0.002000s ] mysql:host=127.0.0.1;port=3306;dbname=websocket;charset=utf8
[ sql ] [ SQL ] SHOW COLUMNS FROM `topic` [ RunTime:0.019002s ]
[ sql ] [ SQL ] SELECT MAX(topic_id) AS tp_max FROM `topic` LIMIT 1 [ RunTime:0.000000s ]
---------------------------------------------------------------
[ 2018-09-15T10:23:25+08:00 ] 127.0.0.1 GET /push/push/chooseList
[ info ] 127.0.0.1/push/push/chooseList [运行时间：0.049002s][吞吐率：20.41req/s] [内存消耗：2,192.73kb] [文件加载：53]
[ info ] [ BEHAVIOR ] Run app\behavior\CORS @app_init [ RunTime:0.001000s ]
[ info ] [ LANG ] D:\Documents\GitHub\xhgj\thinkphp\lang\zh-cn.php
[ info ] [ ROUTE ] array (
  'type' => 'module',
  'module' => 
  array (
    0 => 'push',
    1 => 'push',
    2 => 'chooseList',
  ),
)
[ info ] [ HEADER ] array (
  'connection' => 'close',
  'accept-encoding' => 'gzip, deflate',
  'cookie' => 'PHPSESSID=anlg2pbhoanejs3ahhel0haop2',
  'host' => '127.0.0.1',
  'accept' => '*/*',
  'user-agent' => 'PostmanRuntime/3.0.9',
  'token' => '0f91ad5c907ce908d25176767fc7b57a',
  'postman-token' => 'fb1d0a96-a1ff-4f59-a0c9-6946ed633e0f',
  'cache-control' => 'no-cache',
)
[ info ] [ PARAM ] array (
  '/push/push/chooseList' => '',
)
[ info ] [ RUN ] app\push\controller\push->chooseList[ D:\Documents\GitHub\xhgj\application\push\controller\Push.php ]
[ info ] [ DB ] INIT mysql
[ info ] [ LOG ] INIT File
[ sql ] [ DB ] CONNECT:[ UseTime:0.001000s ] mysql:host=127.0.0.1;port=3306;dbname=websocket;charset=utf8
[ sql ] [ SQL ] SHOW COLUMNS FROM `topic` [ RunTime:0.019001s ]
[ sql ] [ SQL ] SELECT MAX(topic_id) AS tp_max FROM `topic` LIMIT 1 [ RunTime:0.000000s ]
---------------------------------------------------------------
[ 2018-09-15T10:23:25+08:00 ] 127.0.0.1 GET /push/push/chooseList
[ info ] 127.0.0.1/push/push/chooseList [运行时间：0.048003s][吞吐率：20.83req/s] [内存消耗：2,192.73kb] [文件加载：53]
[ info ] [ BEHAVIOR ] Run app\behavior\CORS @app_init [ RunTime:0.000000s ]
[ info ] [ LANG ] D:\Documents\GitHub\xhgj\thinkphp\lang\zh-cn.php
[ info ] [ ROUTE ] array (
  'type' => 'module',
  'module' => 
  array (
    0 => 'push',
    1 => 'push',
    2 => 'chooseList',
  ),
)
[ info ] [ HEADER ] array (
  'connection' => 'close',
  'accept-encoding' => 'gzip, deflate',
  'cookie' => 'PHPSESSID=anlg2pbhoanejs3ahhel0haop2',
  'host' => '127.0.0.1',
  'accept' => '*/*',
  'user-agent' => 'PostmanRuntime/3.0.9',
  'token' => '0f91ad5c907ce908d25176767fc7b57a',
  'postman-token' => '646c3b8c-56ba-41d7-85ea-cbc3c0adce5e',
  'cache-control' => 'no-cache',
)
[ info ] [ PARAM ] array (
  '/push/push/chooseList' => '',
)
[ info ] [ RUN ] app\push\controller\push->chooseList[ D:\Documents\GitHub\xhgj\application\push\controller\Push.php ]
[ info ] [ DB ] INIT mysql
[ info ] [ LOG ] INIT File
[ sql ] [ DB ] CONNECT:[ UseTime:0.000000s ] mysql:host=127.0.0.1;port=3306;dbname=websocket;charset=utf8
[ sql ] [ SQL ] SHOW COLUMNS FROM `topic` [ RunTime:0.019001s ]
[ sql ] [ SQL ] SELECT MAX(topic_id) AS tp_max FROM `topic` LIMIT 1 [ RunTime:0.001000s ]
---------------------------------------------------------------
[ 2018-09-15T10:23:26+08:00 ] 127.0.0.1 GET /push/push/chooseList
[ info ] 127.0.0.1/push/push/chooseList [运行时间：0.057003s][吞吐率：17.54req/s] [内存消耗：2,192.73kb] [文件加载：53]
[ info ] [ BEHAVIOR ] Run app\behavior\CORS @app_init [ RunTime:0.000000s ]
[ info ] [ LANG ] D:\Documents\GitHub\xhgj\thinkphp\lang\zh-cn.php
[ info ] [ ROUTE ] array (
  'type' => 'module',
  'module' => 
  array (
    0 => 'push',
    1 => 'push',
    2 => 'chooseList',
  ),
)
[ info ] [ HEADER ] array (
  'connection' => 'close',
  'accept-encoding' => 'gzip, deflate',
  'cookie' => 'PHPSESSID=anlg2pbhoanejs3ahhel0haop2',
  'host' => '127.0.0.1',
  'accept' => '*/*',
  'user-agent' => 'PostmanRuntime/3.0.9',
  'token' => '0f91ad5c907ce908d25176767fc7b57a',
  'postman-token' => '7e266746-1c2c-47c7-b52b-a25697f88666',
  'cache-control' => 'no-cache',
)
[ info ] [ PARAM ] array (
  '/push/push/chooseList' => '',
)
[ info ] [ RUN ] app\push\controller\push->chooseList[ D:\Documents\GitHub\xhgj\application\push\controller\Push.php ]
[ info ] [ DB ] INIT mysql
[ info ] [ LOG ] INIT File
[ sql ] [ DB ] CONNECT:[ UseTime:0.010000s ] mysql:host=127.0.0.1;port=3306;dbname=websocket;charset=utf8
[ sql ] [ SQL ] SHOW COLUMNS FROM `topic` [ RunTime:0.019001s ]
[ sql ] [ SQL ] SELECT MAX(topic_id) AS tp_max FROM `topic` LIMIT 1 [ RunTime:0.001000s ]
---------------------------------------------------------------
[ 2018-09-15T10:23:27+08:00 ] 127.0.0.1 GET /push/push/chooseList
[ info ] 127.0.0.1/push/push/chooseList [运行时间：0.043002s][吞吐率：23.25req/s] [内存消耗：2,192.73kb] [文件加载：53]
[ info ] [ BEHAVIOR ] Run app\behavior\CORS @app_init [ RunTime:0.000000s ]
[ info ] [ LANG ] D:\Documents\GitHub\xhgj\thinkphp\lang\zh-cn.php
[ info ] [ ROUTE ] array (
  'type' => 'module',
  'module' => 
  array (
    0 => 'push',
    1 => 'push',
    2 => 'chooseList',
  ),
)
[ info ] [ HEADER ] array (
  'connection' => 'close',
  'accept-encoding' => 'gzip, deflate',
  'cookie' => 'PHPSESSID=anlg2pbhoanejs3ahhel0haop2',
  'host' => '127.0.0.1',
  'accept' => '*/*',
  'user-agent' => 'PostmanRuntime/3.0.9',
  'token' => '0f91ad5c907ce908d25176767fc7b57a',
  'postman-token' => '6ec3039c-e953-4afc-9f59-94428e70f233',
  'cache-control' => 'no-cache',
)
[ info ] [ PARAM ] array (
  '/push/push/chooseList' => '',
)
[ info ] [ RUN ] app\push\controller\push->chooseList[ D:\Documents\GitHub\xhgj\application\push\controller\Push.php ]
[ info ] [ DB ] INIT mysql
[ info ] [ LOG ] INIT File
[ sql ] [ DB ] CONNECT:[ UseTime:0.001000s ] mysql:host=127.0.0.1;port=3306;dbname=websocket;charset=utf8
[ sql ] [ SQL ] SHOW COLUMNS FROM `topic` [ RunTime:0.014001s ]
[ sql ] [ SQL ] SELECT MAX(topic_id) AS tp_max FROM `topic` LIMIT 1 [ RunTime:0.001000s ]
---------------------------------------------------------------
[ 2018-09-15T10:23:28+08:00 ] 127.0.0.1 GET /push/push/chooseList
[ info ] 127.0.0.1/push/push/chooseList [运行时间：0.051003s][吞吐率：19.61req/s] [内存消耗：2,192.73kb] [文件加载：53]
[ info ] [ BEHAVIOR ] Run app\behavior\CORS @app_init [ RunTime:0.000000s ]
[ info ] [ LANG ] D:\Documents\GitHub\xhgj\thinkphp\lang\zh-cn.php
[ info ] [ ROUTE ] array (
  'type' => 'module',
  'module' => 
  array (
    0 => 'push',
    1 => 'push',
    2 => 'chooseList',
  ),
)
[ info ] [ HEADER ] array (
  'connection' => 'close',
  'accept-encoding' => 'gzip, deflate',
  'cookie' => 'PHPSESSID=anlg2pbhoanejs3ahhel0haop2',
  'host' => '127.0.0.1',
  'accept' => '*/*',
  'user-agent' => 'PostmanRuntime/3.0.9',
  'token' => '0f91ad5c907ce908d25176767fc7b57a',
  'postman-token' => '62507690-5d3e-46b9-af1d-782bf0f7da63',
  'cache-control' => 'no-cache',
)
[ info ] [ PARAM ] array (
  '/push/push/chooseList' => '',
)
[ info ] [ RUN ] app\push\controller\push->chooseList[ D:\Documents\GitHub\xhgj\application\push\controller\Push.php ]
[ info ] [ DB ] INIT mysql
[ info ] [ LOG ] INIT File
[ sql ] [ DB ] CONNECT:[ UseTime:0.000000s ] mysql:host=127.0.0.1;port=3306;dbname=websocket;charset=utf8
[ sql ] [ SQL ] SHOW COLUMNS FROM `topic` [ RunTime:0.021002s ]
[ sql ] [ SQL ] SELECT MAX(topic_id) AS tp_max FROM `topic` LIMIT 1 [ RunTime:0.001000s ]
---------------------------------------------------------------
[ 2018-09-15T10:23:28+08:00 ] 127.0.0.1 GET /push/push/chooseList
[ info ] 127.0.0.1/push/push/chooseList [运行时间：0.050002s][吞吐率：20.00req/s] [内存消耗：2,192.73kb] [文件加载：53]
[ info ] [ BEHAVIOR ] Run app\behavior\CORS @app_init [ RunTime:0.000000s ]
[ info ] [ LANG ] D:\Documents\GitHub\xhgj\thinkphp\lang\zh-cn.php
[ info ] [ ROUTE ] array (
  'type' => 'module',
  'module' => 
  array (
    0 => 'push',
    1 => 'push',
    2 => 'chooseList',
  ),
)
[ info ] [ HEADER ] array (
  'connection' => 'close',
  'accept-encoding' => 'gzip, deflate',
  'cookie' => 'PHPSESSID=anlg2pbhoanejs3ahhel0haop2',
  'host' => '127.0.0.1',
  'accept' => '*/*',
  'user-agent' => 'PostmanRuntime/3.0.9',
  'token' => '0f91ad5c907ce908d25176767fc7b57a',
  'postman-token' => 'cb9b13a1-334c-4644-9ceb-e0f948884cec',
  'cache-control' => 'no-cache',
)
[ info ] [ PARAM ] array (
  '/push/push/chooseList' => '',
)
[ info ] [ RUN ] app\push\controller\push->chooseList[ D:\Documents\GitHub\xhgj\application\push\controller\Push.php ]
[ info ] [ DB ] INIT mysql
[ info ] [ LOG ] INIT File
[ sql ] [ DB ] CONNECT:[ UseTime:0.010001s ] mysql:host=127.0.0.1;port=3306;dbname=websocket;charset=utf8
[ sql ] [ SQL ] SHOW COLUMNS FROM `topic` [ RunTime:0.013000s ]
[ sql ] [ SQL ] SELECT MAX(topic_id) AS tp_max FROM `topic` LIMIT 1 [ RunTime:0.000000s ]
---------------------------------------------------------------
[ 2018-09-15T10:23:29+08:00 ] 127.0.0.1 GET /push/push/chooseList
[ info ] 127.0.0.1/push/push/chooseList [运行时间：0.053003s][吞吐率：18.87req/s] [内存消耗：2,192.73kb] [文件加载：53]
[ info ] [ BEHAVIOR ] Run app\behavior\CORS @app_init [ RunTime:0.000000s ]
[ info ] [ LANG ] D:\Documents\GitHub\xhgj\thinkphp\lang\zh-cn.php
[ info ] [ ROUTE ] array (
  'type' => 'module',
  'module' => 
  array (
    0 => 'push',
    1 => 'push',
    2 => 'chooseList',
  ),
)
[ info ] [ HEADER ] array (
  'connection' => 'close',
  'accept-encoding' => 'gzip, deflate',
  'cookie' => 'PHPSESSID=anlg2pbhoanejs3ahhel0haop2',
  'host' => '127.0.0.1',
  'accept' => '*/*',
  'user-agent' => 'PostmanRuntime/3.0.9',
  'token' => '0f91ad5c907ce908d25176767fc7b57a',
  'postman-token' => '94f47939-c707-47b3-b876-26a1f8613862',
  'cache-control' => 'no-cache',
)
[ info ] [ PARAM ] array (
  '/push/push/chooseList' => '',
)
[ info ] [ RUN ] app\push\controller\push->chooseList[ D:\Documents\GitHub\xhgj\application\push\controller\Push.php ]
[ info ] [ DB ] INIT mysql
[ info ] [ LOG ] INIT File
[ sql ] [ DB ] CONNECT:[ UseTime:0.010001s ] mysql:host=127.0.0.1;port=3306;dbname=websocket;charset=utf8
[ sql ] [ SQL ] SHOW COLUMNS FROM `topic` [ RunTime:0.015001s ]
[ sql ] [ SQL ] SELECT MAX(topic_id) AS tp_max FROM `topic` LIMIT 1 [ RunTime:0.000000s ]
---------------------------------------------------------------
[ 2018-09-15T10:27:39+08:00 ] 127.0.0.1 GET /push/push/chooseList
[ info ] 127.0.0.1/push/push/chooseList [运行时间：0.078005s][吞吐率：12.82req/s] [内存消耗：2,282.09kb] [文件加载：56]
[ info ] [ BEHAVIOR ] Run app\behavior\CORS @app_init [ RunTime:0.001000s ]
[ info ] [ LANG ] D:\Documents\GitHub\xhgj\thinkphp\lang\zh-cn.php
[ info ] [ ROUTE ] array (
  'type' => 'module',
  'module' => 
  array (
    0 => 'push',
    1 => 'push',
    2 => 'chooseList',
  ),
)
[ info ] [ HEADER ] array (
  'connection' => 'close',
  'accept-encoding' => 'gzip, deflate',
  'cookie' => 'PHPSESSID=anlg2pbhoanejs3ahhel0haop2',
  'host' => '127.0.0.1',
  'accept' => '*/*',
  'user-agent' => 'PostmanRuntime/3.0.9',
  'token' => '0f91ad5c907ce908d25176767fc7b57a',
  'postman-token' => '7fe492fe-89bf-49bc-8f46-996f40faff27',
  'cache-control' => 'no-cache',
)
[ info ] [ PARAM ] array (
  '/push/push/chooseList' => '',
)
[ info ] [ RUN ] app\push\controller\push->chooseList[ D:\Documents\GitHub\xhgj\application\push\controller\Push.php ]
[ info ] [ DB ] INIT mysql
[ info ] [ LOG ] INIT File
[ sql ] [ DB ] CONNECT:[ UseTime:0.010000s ] mysql:host=127.0.0.1;port=3306;dbname=websocket;charset=utf8
[ sql ] [ SQL ] SHOW COLUMNS FROM `topic` [ RunTime:0.015001s ]
[ sql ] [ SQL ] SELECT MAX(topic_id) AS tp_max FROM `topic` LIMIT 1 [ RunTime:0.000000s ]
[ sql ] [ SQL ] SELECT * FROM `topic` WHERE  `topic_id` = 2 LIMIT 1 [ RunTime:0.000000s ]
[ sql ] [ SQL ] SHOW COLUMNS FROM `answer` [ RunTime:0.016001s ]
[ sql ] [ SQL ] SELECT * FROM `answer` WHERE  `topic_id` = 2 [ RunTime:0.001000s ]
[ sql ] [ SQL ] SELECT * FROM `topic` WHERE  `topic_id` = 7 LIMIT 1 [ RunTime:0.000000s ]
[ sql ] [ SQL ] SELECT * FROM `answer` WHERE  `topic_id` = 7 [ RunTime:0.000000s ]
[ sql ] [ SQL ] SELECT * FROM `topic` WHERE  `topic_id` = 12 LIMIT 1 [ RunTime:0.001000s ]
[ sql ] [ SQL ] SELECT * FROM `topic` WHERE  `topic_id` = 13 LIMIT 1 [ RunTime:0.000000s ]
[ sql ] [ SQL ] SELECT * FROM `topic` WHERE  `topic_id` = 15 LIMIT 1 [ RunTime:0.001000s ]
---------------------------------------------------------------
[ 2018-09-15T10:28:03+08:00 ] 127.0.0.1 GET /push/push/chooseList
[ info ] 127.0.0.1/push/push/chooseList [运行时间：0.077005s][吞吐率：12.99req/s] [内存消耗：2,287.16kb] [文件加载：56]
[ info ] [ BEHAVIOR ] Run app\behavior\CORS @app_init [ RunTime:0.000000s ]
[ info ] [ LANG ] D:\Documents\GitHub\xhgj\thinkphp\lang\zh-cn.php
[ info ] [ ROUTE ] array (
  'type' => 'module',
  'module' => 
  array (
    0 => 'push',
    1 => 'push',
    2 => 'chooseList',
  ),
)
[ info ] [ HEADER ] array (
  'connection' => 'close',
  'accept-encoding' => 'gzip, deflate',
  'cookie' => 'PHPSESSID=anlg2pbhoanejs3ahhel0haop2',
  'host' => '127.0.0.1',
  'accept' => '*/*',
  'user-agent' => 'PostmanRuntime/3.0.9',
  'token' => '0f91ad5c907ce908d25176767fc7b57a',
  'postman-token' => 'cf7077bb-a68f-46cb-a61f-a56c9457a5e6',
  'cache-control' => 'no-cache',
)
[ info ] [ PARAM ] array (
  '/push/push/chooseList' => '',
)
[ info ] [ RUN ] app\push\controller\push->chooseList[ D:\Documents\GitHub\xhgj\application\push\controller\Push.php ]
[ info ] [ DB ] INIT mysql
[ info ] [ LOG ] INIT File
[ sql ] [ DB ] CONNECT:[ UseTime:0.000000s ] mysql:host=127.0.0.1;port=3306;dbname=websocket;charset=utf8
[ sql ] [ SQL ] SHOW COLUMNS FROM `topic` [ RunTime:0.019001s ]
[ sql ] [ SQL ] SELECT MAX(topic_id) AS tp_max FROM `topic` LIMIT 1 [ RunTime:0.000000s ]
[ sql ] [ SQL ] SELECT * FROM `topic` WHERE  `topic_id` = 1 LIMIT 1 [ RunTime:0.001000s ]
[ sql ] [ SQL ] SHOW COLUMNS FROM `answer` [ RunTime:0.019001s ]
[ sql ] [ SQL ] SELECT * FROM `answer` WHERE  `topic_id` = 1 [ RunTime:0.000000s ]
[ sql ] [ SQL ] SELECT * FROM `topic` WHERE  `topic_id` = 3 LIMIT 1 [ RunTime:0.000000s ]
[ sql ] [ SQL ] SELECT * FROM `answer` WHERE  `topic_id` = 3 [ RunTime:0.000000s ]
[ sql ] [ SQL ] SELECT * FROM `topic` WHERE  `topic_id` = 4 LIMIT 1 [ RunTime:0.000000s ]
[ sql ] [ SQL ] SELECT * FROM `answer` WHERE  `topic_id` = 4 [ RunTime:0.001000s ]
[ sql ] [ SQL ] SELECT * FROM `topic` WHERE  `topic_id` = 5 LIMIT 1 [ RunTime:0.000000s ]
[ sql ] [ SQL ] SELECT * FROM `answer` WHERE  `topic_id` = 5 [ RunTime:0.000000s ]
[ sql ] [ SQL ] SELECT * FROM `topic` WHERE  `topic_id` = 7 LIMIT 1 [ RunTime:0.000000s ]
[ sql ] [ SQL ] SELECT * FROM `answer` WHERE  `topic_id` = 7 [ RunTime:0.000000s ]
---------------------------------------------------------------
[ 2018-09-15T10:28:46+08:00 ] 127.0.0.1 GET /push/push/chooseList?num=4
[ info ] 127.0.0.1/push/push/chooseList?num=4 [运行时间：0.075005s][吞吐率：13.33req/s] [内存消耗：2,284.74kb] [文件加载：56]
[ info ] [ BEHAVIOR ] Run app\behavior\CORS @app_init [ RunTime:0.000000s ]
[ info ] [ LANG ] D:\Documents\GitHub\xhgj\thinkphp\lang\zh-cn.php
[ info ] [ ROUTE ] array (
  'type' => 'module',
  'module' => 
  array (
    0 => 'push',
    1 => 'push',
    2 => 'chooseList',
  ),
)
[ info ] [ HEADER ] array (
  'connection' => 'close',
  'accept-encoding' => 'gzip, deflate',
  'cookie' => 'PHPSESSID=anlg2pbhoanejs3ahhel0haop2',
  'host' => '127.0.0.1',
  'accept' => '*/*',
  'user-agent' => 'PostmanRuntime/3.0.9',
  'token' => '0f91ad5c907ce908d25176767fc7b57a',
  'postman-token' => 'a49409e9-eee1-4e4a-affd-1bd1f354fb7e',
  'cache-control' => 'no-cache',
)
[ info ] [ PARAM ] array (
  '/push/push/chooseList' => '',
  'num' => '4',
)
[ info ] [ RUN ] app\push\controller\push->chooseList[ D:\Documents\GitHub\xhgj\application\push\controller\Push.php ]
[ info ] [ DB ] INIT mysql
[ info ] [ LOG ] INIT File
[ sql ] [ DB ] CONNECT:[ UseTime:0.001000s ] mysql:host=127.0.0.1;port=3306;dbname=websocket;charset=utf8
[ sql ] [ SQL ] SHOW COLUMNS FROM `topic` [ RunTime:0.019001s ]
[ sql ] [ SQL ] SELECT MAX(topic_id) AS tp_max FROM `topic` LIMIT 1 [ RunTime:0.000000s ]
[ sql ] [ SQL ] SELECT * FROM `topic` WHERE  `topic_id` = 2 LIMIT 1 [ RunTime:0.000000s ]
[ sql ] [ SQL ] SHOW COLUMNS FROM `answer` [ RunTime:0.020001s ]
[ sql ] [ SQL ] SELECT * FROM `answer` WHERE  `topic_id` = 2 [ RunTime:0.000000s ]
[ sql ] [ SQL ] SELECT * FROM `topic` WHERE  `topic_id` = 3 LIMIT 1 [ RunTime:0.000000s ]
[ sql ] [ SQL ] SELECT * FROM `answer` WHERE  `topic_id` = 3 [ RunTime:0.000000s ]
[ sql ] [ SQL ] SELECT * FROM `topic` WHERE  `topic_id` = 5 LIMIT 1 [ RunTime:0.001000s ]
[ sql ] [ SQL ] SELECT * FROM `answer` WHERE  `topic_id` = 5 [ RunTime:0.000000s ]
[ sql ] [ SQL ] SELECT * FROM `topic` WHERE  `topic_id` = 7 LIMIT 1 [ RunTime:0.000000s ]
[ sql ] [ SQL ] SELECT * FROM `answer` WHERE  `topic_id` = 7 [ RunTime:0.000000s ]
---------------------------------------------------------------
[ 2018-09-15T12:59:28+08:00 ] 127.0.0.1 GET /push/project/project
[ info ] 127.0.0.1/push/project/project [运行时间：0.022002s][吞吐率：45.45req/s] [内存消耗：1,122.63kb] [文件加载：40]
[ info ] [ BEHAVIOR ] Run app\behavior\CORS @app_init [ RunTime:0.001000s ]
[ info ] [ LANG ] D:\Documents\GitHub\xhgj\thinkphp\lang\zh-cn.php
[ info ] [ ROUTE ] array (
  'type' => 'module',
  'module' => 
  array (
    0 => 'push',
    1 => 'project',
    2 => 'project',
  ),
)
[ info ] [ HEADER ] array (
  'connection' => 'close',
  'accept-encoding' => 'gzip, deflate',
  'cookie' => 'PHPSESSID=anlg2pbhoanejs3ahhel0haop2',
  'host' => '127.0.0.1',
  'accept' => '*/*',
  'user-agent' => 'PostmanRuntime/3.0.9',
  'token' => '0f91ad5c907ce908d25176767fc7b57a',
  'postman-token' => '9f9fd0a5-8cc4-451d-b382-3fba04214143',
  'cache-control' => 'no-cache',
)
[ info ] [ PARAM ] array (
  '/push/project/project' => '',
)
[ info ] [ LOG ] INIT File
---------------------------------------------------------------
[ 2018-09-15T13:00:28+08:00 ] 127.0.0.1 GET /api/project/project
[ info ] 127.0.0.1/api/project/project [运行时间：0.181011s][吞吐率：5.52req/s] [内存消耗：2,370.27kb] [文件加载：59]
[ info ] [ BEHAVIOR ] Run app\behavior\CORS @app_init [ RunTime:0.000000s ]
[ info ] [ LANG ] D:\Documents\GitHub\xhgj\thinkphp\lang\zh-cn.php
[ info ] [ ROUTE ] array (
  'type' => 'module',
  'module' => 
  array (
    0 => 'api',
    1 => 'project',
    2 => 'project',
  ),
)
[ info ] [ HEADER ] array (
  'connection' => 'close',
  'accept-encoding' => 'gzip, deflate',
  'cookie' => 'PHPSESSID=anlg2pbhoanejs3ahhel0haop2',
  'host' => '127.0.0.1',
  'accept' => '*/*',
  'user-agent' => 'PostmanRuntime/3.0.9',
  'token' => '0f91ad5c907ce908d25176767fc7b57a',
  'postman-token' => 'f795842d-72f4-4866-9782-c43779ba93cc',
  'cache-control' => 'no-cache',
)
[ info ] [ PARAM ] array (
  '/api/project/project' => '',
)
[ info ] [ CACHE ] INIT File
[ info ] [ RUN ] app\api\controller\Project->project[ D:\Documents\GitHub\xhgj\application\api\controller\Project.php ]
[ info ] [ DB ] INIT mysql
[ info ] [ LOG ] INIT File
[ sql ] [ DB ] CONNECT:[ UseTime:0.074004s ] mysql:host=47.96.8.108;port=3306;dbname=xhgj;charset=utf8
[ sql ] [ SQL ] SHOW COLUMNS FROM `project_admin` [ RunTime:0.017001s ]
[ sql ] [ SQL ] SELECT * FROM `project_admin` WHERE  `id` = 2 LIMIT 1 [ RunTime:0.015001s ]
[ sql ] [ SQL ] SHOW COLUMNS FROM `device` [ RunTime:0.023002s ]
[ sql ] [ SQL ] SELECT `device_name`,`device_id`,`install_last_time`,`maintain_last_worker`,`longitude`,`latitude`,`status`,`alarm_type` FROM `device` WHERE  `project_id` = 1 ORDER BY `install_last_time` DESC [ RunTime:0.014000s ]
---------------------------------------------------------------
[ 2018-09-15T13:01:23+08:00 ] 127.0.0.1 GET /api/project/project
[ info ] 127.0.0.1/api/project/project [运行时间：0.121007s][吞吐率：8.26req/s] [内存消耗：2,370.27kb] [文件加载：59]
[ info ] [ BEHAVIOR ] Run app\behavior\CORS @app_init [ RunTime:0.000000s ]
[ info ] [ LANG ] D:\Documents\GitHub\xhgj\thinkphp\lang\zh-cn.php
[ info ] [ ROUTE ] array (
  'type' => 'module',
  'module' => 
  array (
    0 => 'api',
    1 => 'project',
    2 => 'project',
  ),
)
[ info ] [ HEADER ] array (
  'connection' => 'close',
  'accept-encoding' => 'gzip, deflate',
  'cookie' => 'PHPSESSID=anlg2pbhoanejs3ahhel0haop2',
  'host' => '127.0.0.1',
  'accept' => '*/*',
  'user-agent' => 'PostmanRuntime/3.0.9',
  'token' => '0f91ad5c907ce908d25176767fc7b57a',
  'postman-token' => '2683c99b-1cd5-4d43-ad91-3468de9a6aaa',
  'cache-control' => 'no-cache',
)
[ info ] [ PARAM ] array (
  '/api/project/project' => '',
)
[ info ] [ CACHE ] INIT File
[ info ] [ RUN ] app\api\controller\Project->project[ D:\Documents\GitHub\xhgj\application\api\controller\Project.php ]
[ info ] [ DB ] INIT mysql
[ info ] [ LOG ] INIT File
[ sql ] [ DB ] CONNECT:[ UseTime:0.027002s ] mysql:host=47.96.8.108;port=3306;dbname=xhgj;charset=utf8
[ sql ] [ SQL ] SHOW COLUMNS FROM `project_admin` [ RunTime:0.019001s ]
[ sql ] [ SQL ] SELECT * FROM `project_admin` WHERE  `id` = 2 LIMIT 1 [ RunTime:0.015001s ]
[ sql ] [ SQL ] SHOW COLUMNS FROM `device` [ RunTime:0.016001s ]
[ sql ] [ SQL ] SELECT `device_name`,`device_id`,`install_last_time`,`maintain_last_worker`,`longitude`,`latitude`,`status`,`alarm_type` FROM `device` WHERE  `project_id` = 1 ORDER BY `install_last_time` DESC [ RunTime:0.013001s ]
---------------------------------------------------------------
[ 2018-09-15T13:01:46+08:00 ] 127.0.0.1 GET /api/project/project
[ info ] 127.0.0.1/api/project/project [运行时间：0.130007s][吞吐率：7.69req/s] [内存消耗：2,381.09kb] [文件加载：59]
[ info ] [ BEHAVIOR ] Run app\behavior\CORS @app_init [ RunTime:0.000000s ]
[ info ] [ LANG ] D:\Documents\GitHub\xhgj\thinkphp\lang\zh-cn.php
[ info ] [ ROUTE ] array (
  'type' => 'module',
  'module' => 
  array (
    0 => 'api',
    1 => 'project',
    2 => 'project',
  ),
)
[ info ] [ HEADER ] array (
  'connection' => 'close',
  'accept-encoding' => 'gzip, deflate',
  'cookie' => 'PHPSESSID=anlg2pbhoanejs3ahhel0haop2',
  'host' => '127.0.0.1',
  'accept' => '*/*',
  'user-agent' => 'PostmanRuntime/3.0.9',
  'token' => '0f91ad5c907ce908d25176767fc7b57a',
  'postman-token' => 'd259e9ad-ef6f-4167-9a0c-a640a43d9e12',
  'cache-control' => 'no-cache',
)
[ info ] [ PARAM ] array (
  '/api/project/project' => '',
)
[ info ] [ CACHE ] INIT File
[ info ] [ RUN ] app\api\controller\Project->project[ D:\Documents\GitHub\xhgj\application\api\controller\Project.php ]
[ info ] [ DB ] INIT mysql
[ info ] [ LOG ] INIT File
[ sql ] [ DB ] CONNECT:[ UseTime:0.023001s ] mysql:host=47.96.8.108;port=3306;dbname=xhgj;charset=utf8
[ sql ] [ SQL ] SHOW COLUMNS FROM `project_admin` [ RunTime:0.015001s ]
[ sql ] [ SQL ] SELECT * FROM `project_admin` WHERE  `id` = 2 LIMIT 1 [ RunTime:0.018001s ]
[ sql ] [ SQL ] SHOW COLUMNS FROM `device` [ RunTime:0.018001s ]
[ sql ] [ SQL ] SELECT * FROM `device` WHERE  `project_id` = 1 ORDER BY `install_last_time` DESC [ RunTime:0.019001s ]
---------------------------------------------------------------
[ 2018-09-15T14:22:26+08:00 ] 127.0.0.1 GET /push/push/chooseList?num=4
[ info ] 127.0.0.1/push/push/chooseList?num=4 [运行时间：0.081005s][吞吐率：12.34req/s] [内存消耗：2,284.96kb] [文件加载：56]
[ info ] [ BEHAVIOR ] Run app\behavior\CORS @app_init [ RunTime:0.001000s ]
[ info ] [ LANG ] D:\Documents\GitHub\xhgj\thinkphp\lang\zh-cn.php
[ info ] [ ROUTE ] array (
  'type' => 'module',
  'module' => 
  array (
    0 => 'push',
    1 => 'push',
    2 => 'chooseList',
  ),
)
[ info ] [ HEADER ] array (
  'connection' => 'close',
  'accept-encoding' => 'gzip, deflate',
  'cookie' => 'PHPSESSID=anlg2pbhoanejs3ahhel0haop2',
  'host' => '127.0.0.1',
  'accept' => '*/*',
  'user-agent' => 'PostmanRuntime/3.0.9',
  'token' => '62f8369827d84495ddbc6db09bf3bf42',
  'postman-token' => '4652d826-b4e9-4b56-a313-9d73b0963b25',
  'cache-control' => 'no-cache',
)
[ info ] [ PARAM ] array (
  '/push/push/chooseList' => '',
  'num' => '4',
)
[ info ] [ RUN ] app\push\controller\push->chooseList[ D:\Documents\GitHub\xhgj\application\push\controller\Push.php ]
[ info ] [ DB ] INIT mysql
[ info ] [ LOG ] INIT File
[ sql ] [ DB ] CONNECT:[ UseTime:0.001000s ] mysql:host=127.0.0.1;port=3306;dbname=websocket;charset=utf8
[ sql ] [ SQL ] SHOW COLUMNS FROM `topic` [ RunTime:0.019001s ]
[ sql ] [ SQL ] SELECT MAX(topic_id) AS tp_max FROM `topic` LIMIT 1 [ RunTime:0.000000s ]
[ sql ] [ SQL ] SELECT * FROM `topic` WHERE  `topic_id` = 1 LIMIT 1 [ RunTime:0.001000s ]
[ sql ] [ SQL ] SHOW COLUMNS FROM `answer` [ RunTime:0.019001s ]
[ sql ] [ SQL ] SELECT * FROM `answer` WHERE  `topic_id` = 1 [ RunTime:0.000000s ]
[ sql ] [ SQL ] SELECT * FROM `topic` WHERE  `topic_id` = 2 LIMIT 1 [ RunTime:0.000000s ]
[ sql ] [ SQL ] SELECT * FROM `answer` WHERE  `topic_id` = 2 [ RunTime:0.000000s ]
[ sql ] [ SQL ] SELECT * FROM `topic` WHERE  `topic_id` = 4 LIMIT 1 [ RunTime:0.001000s ]
[ sql ] [ SQL ] SELECT * FROM `answer` WHERE  `topic_id` = 4 [ RunTime:0.000000s ]
[ sql ] [ SQL ] SELECT * FROM `topic` WHERE  `topic_id` = 5 LIMIT 1 [ RunTime:0.000000s ]
[ sql ] [ SQL ] SELECT * FROM `answer` WHERE  `topic_id` = 5 [ RunTime:0.001000s ]
---------------------------------------------------------------
[ 2018-09-15T14:22:31+08:00 ] 127.0.0.1 GET /push/push/chooseList?num=5
[ info ] 127.0.0.1/push/push/chooseList?num=5 [运行时间：0.097006s][吞吐率：10.31req/s] [内存消耗：2,287.80kb] [文件加载：56]
[ info ] [ BEHAVIOR ] Run app\behavior\CORS @app_init [ RunTime:0.000000s ]
[ info ] [ LANG ] D:\Documents\GitHub\xhgj\thinkphp\lang\zh-cn.php
[ info ] [ ROUTE ] array (
  'type' => 'module',
  'module' => 
  array (
    0 => 'push',
    1 => 'push',
    2 => 'chooseList',
  ),
)
[ info ] [ HEADER ] array (
  'connection' => 'close',
  'accept-encoding' => 'gzip, deflate',
  'cookie' => 'PHPSESSID=anlg2pbhoanejs3ahhel0haop2',
  'host' => '127.0.0.1',
  'accept' => '*/*',
  'user-agent' => 'PostmanRuntime/3.0.9',
  'token' => '62f8369827d84495ddbc6db09bf3bf42',
  'postman-token' => '919c5e91-1ae0-48be-9439-88683f6d0a5f',
  'cache-control' => 'no-cache',
)
[ info ] [ PARAM ] array (
  '/push/push/chooseList' => '',
  'num' => '5',
)
[ info ] [ RUN ] app\push\controller\push->chooseList[ D:\Documents\GitHub\xhgj\application\push\controller\Push.php ]
[ info ] [ DB ] INIT mysql
[ info ] [ LOG ] INIT File
[ sql ] [ DB ] CONNECT:[ UseTime:0.000000s ] mysql:host=127.0.0.1;port=3306;dbname=websocket;charset=utf8
[ sql ] [ SQL ] SHOW COLUMNS FROM `topic` [ RunTime:0.020001s ]
[ sql ] [ SQL ] SELECT MAX(topic_id) AS tp_max FROM `topic` LIMIT 1 [ RunTime:0.000000s ]
[ sql ] [ SQL ] SELECT * FROM `topic` WHERE  `topic_id` = 1 LIMIT 1 [ RunTime:0.001000s ]
[ sql ] [ SQL ] SHOW COLUMNS FROM `answer` [ RunTime:0.025002s ]
[ sql ] [ SQL ] SELECT * FROM `answer` WHERE  `topic_id` = 1 [ RunTime:0.001000s ]
[ sql ] [ SQL ] SELECT * FROM `topic` WHERE  `topic_id` = 3 LIMIT 1 [ RunTime:0.001000s ]
[ sql ] [ SQL ] SELECT * FROM `answer` WHERE  `topic_id` = 3 [ RunTime:0.001000s ]
[ sql ] [ SQL ] SELECT * FROM `topic` WHERE  `topic_id` = 5 LIMIT 1 [ RunTime:0.001000s ]
[ sql ] [ SQL ] SELECT * FROM `answer` WHERE  `topic_id` = 5 [ RunTime:0.001000s ]
[ sql ] [ SQL ] SELECT * FROM `topic` WHERE  `topic_id` = 6 LIMIT 1 [ RunTime:0.000000s ]
[ sql ] [ SQL ] SELECT * FROM `answer` WHERE  `topic_id` = 6 [ RunTime:0.000000s ]
[ sql ] [ SQL ] SELECT * FROM `topic` WHERE  `topic_id` = 7 LIMIT 1 [ RunTime:0.000000s ]
[ sql ] [ SQL ] SELECT * FROM `answer` WHERE  `topic_id` = 7 [ RunTime:0.001000s ]
---------------------------------------------------------------
[ 2018-09-15T14:24:27+08:00 ] 127.0.0.1 POST /push/push/chooseList?num=5
[ info ] 127.0.0.1/push/push/chooseList?num=5 [运行时间：0.079005s][吞吐率：12.66req/s] [内存消耗：2,288.06kb] [文件加载：56]
[ info ] [ BEHAVIOR ] Run app\behavior\CORS @app_init [ RunTime:0.000000s ]
[ info ] [ LANG ] D:\Documents\GitHub\xhgj\thinkphp\lang\zh-cn.php
[ info ] [ ROUTE ] array (
  'type' => 'module',
  'module' => 
  array (
    0 => 'push',
    1 => 'push',
    2 => 'chooseList',
  ),
)
[ info ] [ HEADER ] array (
  'connection' => 'close',
  'content-length' => '159',
  'content-type' => 'multipart/form-data; boundary=--------------------------055345284329997847159031',
  'accept-encoding' => 'gzip, deflate',
  'cookie' => 'PHPSESSID=anlg2pbhoanejs3ahhel0haop2',
  'host' => '127.0.0.1',
  'accept' => '*/*',
  'user-agent' => 'PostmanRuntime/3.0.9',
  'postman-token' => '112c8d1d-1aaa-4556-8eee-5b485240c8fd',
  'cache-control' => 'no-cache',
)
[ info ] [ PARAM ] array (
  '/push/push/chooseList' => '',
  'num' => '5',
)
[ info ] [ RUN ] app\push\controller\push->chooseList[ D:\Documents\GitHub\xhgj\application\push\controller\Push.php ]
[ info ] [ DB ] INIT mysql
[ info ] [ LOG ] INIT File
[ sql ] [ DB ] CONNECT:[ UseTime:0.001000s ] mysql:host=127.0.0.1;port=3306;dbname=websocket;charset=utf8
[ sql ] [ SQL ] SHOW COLUMNS FROM `topic` [ RunTime:0.012001s ]
[ sql ] [ SQL ] SELECT MAX(topic_id) AS tp_max FROM `topic` LIMIT 1 [ RunTime:0.001000s ]
[ sql ] [ SQL ] SELECT * FROM `topic` WHERE  `topic_id` = 2 LIMIT 1 [ RunTime:0.001000s ]
[ sql ] [ SQL ] SHOW COLUMNS FROM `answer` [ RunTime:0.019001s ]
[ sql ] [ SQL ] SELECT * FROM `answer` WHERE  `topic_id` = 2 [ RunTime:0.000000s ]
[ sql ] [ SQL ] SELECT * FROM `topic` WHERE  `topic_id` = 3 LIMIT 1 [ RunTime:0.000000s ]
[ sql ] [ SQL ] SELECT * FROM `answer` WHERE  `topic_id` = 3 [ RunTime:0.001000s ]
[ sql ] [ SQL ] SELECT * FROM `topic` WHERE  `topic_id` = 4 LIMIT 1 [ RunTime:0.000000s ]
[ sql ] [ SQL ] SELECT * FROM `answer` WHERE  `topic_id` = 4 [ RunTime:0.001000s ]
[ sql ] [ SQL ] SELECT * FROM `topic` WHERE  `topic_id` = 5 LIMIT 1 [ RunTime:0.001000s ]
[ sql ] [ SQL ] SELECT * FROM `answer` WHERE  `topic_id` = 5 [ RunTime:0.001000s ]
[ sql ] [ SQL ] SELECT * FROM `topic` WHERE  `topic_id` = 6 LIMIT 1 [ RunTime:0.000000s ]
[ sql ] [ SQL ] SELECT * FROM `answer` WHERE  `topic_id` = 6 [ RunTime:0.000000s ]
