---------------------------------------------------------------
[ 2018-09-21T09:15:34+08:00 ] 127.0.0.1 POST /push/push/bind
[ info ] web.socket.com/push/push/bind [运行时间：0.083005s][吞吐率：12.05req/s] [内存消耗：2,500.94kb] [文件加载：65]
[ info ] [ BEHAVIOR ] Run app\behavior\CORS @app_init [ RunTime:0.000000s ]
[ info ] [ LANG ] D:\Documents\GitHub\websocket\thinkphp\lang\zh-cn.php
[ info ] [ ROUTE ] array (
  'type' => 'module',
  'module' => 
  array (
    0 => 'push',
    1 => 'push',
    2 => 'bind',
  ),
)
[ info ] [ HEADER ] array (
  'accept-language' => 'zh-CN,zh;q=0.8',
  'accept-encoding' => 'gzip, deflate',
  'content-type' => 'application/x-www-form-urlencoded; charset=UTF-8',
  'token' => '6ae1b82f2d54608aa71fc941d46456dd',
  'user-agent' => 'Mozilla/5.0 (Windows NT 6.1; WOW64) AppleWebKit/537.36 (KHTML, like Gecko) Chrome/49.0.2623.75 Safari/537.36',
  'origin' => 'null',
  'accept' => 'application/json, text/javascript, */*; q=0.01',
  'content-length' => '40',
  'connection' => 'close',
  'host' => 'web.socket.com',
)
[ info ] [ PARAM ] array (
  '/push/push/bind' => '',
  'client_id' => '7f0000010b5400000001',
  'room_id' => '3',
)
[ info ] [ CACHE ] INIT File
[ info ] [ RUN ] app\push\controller\push->bind[ D:\Documents\GitHub\websocket\application\push\controller\Push.php ]
[ info ] [ DB ] INIT mysql
[ info ] [ LOG ] INIT File
[ sql ] [ DB ] CONNECT:[ UseTime:0.002000s ] mysql:host=127.0.0.1;port=3306;dbname=websocket;charset=utf8
[ sql ] [ SQL ] SHOW COLUMNS FROM `room` [ RunTime:0.006000s ]
[ sql ] [ SQL ] SELECT * FROM `room` WHERE  `room_id` = 3 LIMIT 1 [ RunTime:0.001000s ]
[ sql ] [ SQL ] SHOW COLUMNS FROM `points` [ RunTime:0.007000s ]
[ sql ] [ SQL ] SELECT * FROM `points` WHERE  `room_id` = 3 [ RunTime:0.000000s ]
[ sql ] [ SQL ] SELECT * FROM `points` WHERE  `room_id` = 3 [ RunTime:0.001000s ]
[ sql ] [ SQL ] SELECT * FROM `points` WHERE  `room_id` = 3 [ RunTime:0.000000s ]
[ error ] [2]Illegal offset type[D:\Documents\GitHub\websocket\application\push\model\Points.php:100]
---------------------------------------------------------------
[ 2018-09-21T09:16:38+08:00 ] 127.0.0.1 POST /push/push/bind
[ info ] web.socket.com/push/push/bind [运行时间：0.045002s][吞吐率：22.22req/s] [内存消耗：2,500.97kb] [文件加载：65]
[ info ] [ BEHAVIOR ] Run app\behavior\CORS @app_init [ RunTime:0.000000s ]
[ info ] [ LANG ] D:\Documents\GitHub\websocket\thinkphp\lang\zh-cn.php
[ info ] [ ROUTE ] array (
  'type' => 'module',
  'module' => 
  array (
    0 => 'push',
    1 => 'push',
    2 => 'bind',
  ),
)
[ info ] [ HEADER ] array (
  'connection' => 'close',
  'origin' => 'null',
  'content-length' => '40',
  'token' => '6ae1b82f2d54608aa71fc941d46456dd',
  'content-type' => 'application/x-www-form-urlencoded; charset=UTF-8',
  'accept-encoding' => 'gzip, deflate',
  'accept-language' => 'zh-CN,zh;q=0.8,zh-TW;q=0.7,zh-HK;q=0.5,en-US;q=0.3,en;q=0.2',
  'accept' => 'application/json, text/javascript, */*; q=0.01',
  'user-agent' => 'Mozilla/5.0 (Windows NT 6.1; Win64; x64; rv:62.0) Gecko/20100101 Firefox/62.0',
  'host' => 'web.socket.com',
)
[ info ] [ PARAM ] array (
  '/push/push/bind' => '',
  'client_id' => '7f0000010b5400000002',
  'room_id' => '3',
)
[ info ] [ CACHE ] INIT File
[ info ] [ RUN ] app\push\controller\push->bind[ D:\Documents\GitHub\websocket\application\push\controller\Push.php ]
[ info ] [ DB ] INIT mysql
[ info ] [ LOG ] INIT File
[ sql ] [ DB ] CONNECT:[ UseTime:0.000000s ] mysql:host=127.0.0.1;port=3306;dbname=websocket;charset=utf8
[ sql ] [ SQL ] SHOW COLUMNS FROM `room` [ RunTime:0.004000s ]
[ sql ] [ SQL ] SELECT * FROM `room` WHERE  `room_id` = 3 LIMIT 1 [ RunTime:0.000000s ]
[ sql ] [ SQL ] SHOW COLUMNS FROM `points` [ RunTime:0.004000s ]
[ sql ] [ SQL ] SELECT * FROM `points` WHERE  `room_id` = 3 [ RunTime:0.001000s ]
[ sql ] [ SQL ] SELECT * FROM `points` WHERE  `room_id` = 3 [ RunTime:0.000000s ]
[ sql ] [ SQL ] SELECT * FROM `points` WHERE  `room_id` = 3 [ RunTime:0.000000s ]
[ error ] [2]Illegal offset type[D:\Documents\GitHub\websocket\application\push\model\Points.php:100]
---------------------------------------------------------------
[ 2018-09-21T09:17:32+08:00 ] 127.0.0.1 POST /push/push/bind
[ info ] web.socket.com/push/push/bind [运行时间：0.048002s][吞吐率：20.83req/s] [内存消耗：2,469.55kb] [文件加载：62]
[ info ] [ BEHAVIOR ] Run app\behavior\CORS @app_init [ RunTime:0.001000s ]
[ info ] [ LANG ] D:\Documents\GitHub\websocket\thinkphp\lang\zh-cn.php
[ info ] [ ROUTE ] array (
  'type' => 'module',
  'module' => 
  array (
    0 => 'push',
    1 => 'push',
    2 => 'bind',
  ),
)
[ info ] [ HEADER ] array (
  'connection' => 'close',
  'origin' => 'null',
  'content-length' => '40',
  'token' => '6ae1b82f2d54608aa71fc941d46456dd',
  'content-type' => 'application/x-www-form-urlencoded; charset=UTF-8',
  'accept-encoding' => 'gzip, deflate',
  'accept-language' => 'zh-CN,zh;q=0.8,zh-TW;q=0.7,zh-HK;q=0.5,en-US;q=0.3,en;q=0.2',
  'accept' => 'application/json, text/javascript, */*; q=0.01',
  'user-agent' => 'Mozilla/5.0 (Windows NT 6.1; Win64; x64; rv:62.0) Gecko/20100101 Firefox/62.0',
  'host' => 'web.socket.com',
)
[ info ] [ PARAM ] array (
  '/push/push/bind' => '',
  'client_id' => '7f0000010b5400000003',
  'room_id' => '3',
)
[ info ] [ CACHE ] INIT File
[ info ] [ RUN ] app\push\controller\push->bind[ D:\Documents\GitHub\websocket\application\push\controller\Push.php ]
[ info ] [ DB ] INIT mysql
[ info ] [ LOG ] INIT File
[ sql ] [ DB ] CONNECT:[ UseTime:0.001001s ] mysql:host=127.0.0.1;port=3306;dbname=websocket;charset=utf8
[ sql ] [ SQL ] SHOW COLUMNS FROM `room` [ RunTime:0.004000s ]
[ sql ] [ SQL ] SELECT * FROM `room` WHERE  `room_id` = 3 LIMIT 1 [ RunTime:0.000000s ]
[ sql ] [ SQL ] SHOW COLUMNS FROM `points` [ RunTime:0.004000s ]
[ sql ] [ SQL ] SELECT * FROM `points` WHERE  `room_id` = 3 [ RunTime:0.001000s ]
[ sql ] [ SQL ] SELECT * FROM `points` WHERE  `room_id` = 3 [ RunTime:0.000000s ]
[ sql ] [ SQL ] SELECT * FROM `points` WHERE  `room_id` = 3 [ RunTime:0.001000s ]
---------------------------------------------------------------
[ 2018-09-21T09:18:39+08:00 ] 127.0.0.1 POST /push/push/bind
[ info ] web.socket.com/push/push/bind [运行时间：0.046003s][吞吐率：21.74req/s] [内存消耗：2,470.00kb] [文件加载：62]
[ info ] [ BEHAVIOR ] Run app\behavior\CORS @app_init [ RunTime:0.000000s ]
[ info ] [ LANG ] D:\Documents\GitHub\websocket\thinkphp\lang\zh-cn.php
[ info ] [ ROUTE ] array (
  'type' => 'module',
  'module' => 
  array (
    0 => 'push',
    1 => 'push',
    2 => 'bind',
  ),
)
[ info ] [ HEADER ] array (
  'connection' => 'close',
  'origin' => 'null',
  'content-length' => '40',
  'token' => '6ae1b82f2d54608aa71fc941d46456dd',
  'content-type' => 'application/x-www-form-urlencoded; charset=UTF-8',
  'accept-encoding' => 'gzip, deflate',
  'accept-language' => 'zh-CN,zh;q=0.8,zh-TW;q=0.7,zh-HK;q=0.5,en-US;q=0.3,en;q=0.2',
  'accept' => 'application/json, text/javascript, */*; q=0.01',
  'user-agent' => 'Mozilla/5.0 (Windows NT 6.1; Win64; x64; rv:62.0) Gecko/20100101 Firefox/62.0',
  'host' => 'web.socket.com',
)
[ info ] [ PARAM ] array (
  '/push/push/bind' => '',
  'client_id' => '7f0000010b5400000004',
  'room_id' => '3',
)
[ info ] [ CACHE ] INIT File
[ info ] [ RUN ] app\push\controller\push->bind[ D:\Documents\GitHub\websocket\application\push\controller\Push.php ]
[ info ] [ DB ] INIT mysql
[ info ] [ LOG ] INIT File
[ sql ] [ DB ] CONNECT:[ UseTime:0.000000s ] mysql:host=127.0.0.1;port=3306;dbname=websocket;charset=utf8
[ sql ] [ SQL ] SHOW COLUMNS FROM `room` [ RunTime:0.005000s ]
[ sql ] [ SQL ] SELECT * FROM `room` WHERE  `room_id` = 3 LIMIT 1 [ RunTime:0.000000s ]
[ sql ] [ SQL ] SHOW COLUMNS FROM `points` [ RunTime:0.005000s ]
[ sql ] [ SQL ] SELECT * FROM `points` WHERE  `room_id` = 3 [ RunTime:0.000000s ]
[ sql ] [ SQL ] SELECT * FROM `points` WHERE  `room_id` = 3 [ RunTime:0.000000s ]
[ sql ] [ SQL ] SELECT * FROM `points` WHERE  `room_id` = 3 [ RunTime:0.000000s ]
---------------------------------------------------------------
[ 2018-09-21T09:19:45+08:00 ] 127.0.0.1 POST /push/push/bind
[ info ] web.socket.com/push/push/bind [运行时间：0.060003s][吞吐率：16.67req/s] [内存消耗：2,501.65kb] [文件加载：65]
[ info ] [ BEHAVIOR ] Run app\behavior\CORS @app_init [ RunTime:0.000000s ]
[ info ] [ LANG ] D:\Documents\GitHub\websocket\thinkphp\lang\zh-cn.php
[ info ] [ ROUTE ] array (
  'type' => 'module',
  'module' => 
  array (
    0 => 'push',
    1 => 'push',
    2 => 'bind',
  ),
)
[ info ] [ HEADER ] array (
  'connection' => 'close',
  'origin' => 'null',
  'content-length' => '40',
  'token' => '6ae1b82f2d54608aa71fc941d46456dd',
  'content-type' => 'application/x-www-form-urlencoded; charset=UTF-8',
  'accept-encoding' => 'gzip, deflate',
  'accept-language' => 'zh-CN,zh;q=0.8,zh-TW;q=0.7,zh-HK;q=0.5,en-US;q=0.3,en;q=0.2',
  'accept' => 'application/json, text/javascript, */*; q=0.01',
  'user-agent' => 'Mozilla/5.0 (Windows NT 6.1; Win64; x64; rv:62.0) Gecko/20100101 Firefox/62.0',
  'host' => 'web.socket.com',
)
[ info ] [ PARAM ] array (
  '/push/push/bind' => '',
  'client_id' => '7f0000010b5400000005',
  'room_id' => '3',
)
[ info ] [ CACHE ] INIT File
[ info ] [ RUN ] app\push\controller\push->bind[ D:\Documents\GitHub\websocket\application\push\controller\Push.php ]
[ info ] [ DB ] INIT mysql
[ info ] [ LOG ] INIT File
[ sql ] [ DB ] CONNECT:[ UseTime:0.010001s ] mysql:host=127.0.0.1;port=3306;dbname=websocket;charset=utf8
[ sql ] [ SQL ] SHOW COLUMNS FROM `room` [ RunTime:0.004000s ]
[ sql ] [ SQL ] SELECT * FROM `room` WHERE  `room_id` = 3 LIMIT 1 [ RunTime:0.000000s ]
[ sql ] [ SQL ] SHOW COLUMNS FROM `points` [ RunTime:0.007001s ]
[ sql ] [ SQL ] SELECT * FROM `points` WHERE  `room_id` = 3 [ RunTime:0.001000s ]
[ sql ] [ SQL ] SELECT * FROM `points` WHERE  `room_id` = 3 [ RunTime:0.000000s ]
[ sql ] [ SQL ] SELECT * FROM `points` WHERE  `room_id` = 3 [ RunTime:0.000000s ]
[ error ] [2]Illegal offset type[D:\Documents\GitHub\websocket\application\push\model\Points.php:102]
---------------------------------------------------------------
[ 2018-09-21T09:33:58+08:00 ] 127.0.0.1 POST /push/push/bind
[ info ] web.socket.com/push/push/bind [运行时间：0.049003s][吞吐率：20.41req/s] [内存消耗：2,501.85kb] [文件加载：65]
[ info ] [ BEHAVIOR ] Run app\behavior\CORS @app_init [ RunTime:0.001000s ]
[ info ] [ LANG ] D:\Documents\GitHub\websocket\thinkphp\lang\zh-cn.php
[ info ] [ ROUTE ] array (
  'type' => 'module',
  'module' => 
  array (
    0 => 'push',
    1 => 'push',
    2 => 'bind',
  ),
)
[ info ] [ HEADER ] array (
  'connection' => 'close',
  'origin' => 'null',
  'content-length' => '40',
  'token' => '6ae1b82f2d54608aa71fc941d46456dd',
  'content-type' => 'application/x-www-form-urlencoded; charset=UTF-8',
  'accept-encoding' => 'gzip, deflate',
  'accept-language' => 'zh-CN,zh;q=0.8,zh-TW;q=0.7,zh-HK;q=0.5,en-US;q=0.3,en;q=0.2',
  'accept' => 'application/json, text/javascript, */*; q=0.01',
  'user-agent' => 'Mozilla/5.0 (Windows NT 6.1; Win64; x64; rv:62.0) Gecko/20100101 Firefox/62.0',
  'host' => 'web.socket.com',
)
[ info ] [ PARAM ] array (
  '/push/push/bind' => '',
  'client_id' => '7f0000010b5400000006',
  'room_id' => '3',
)
[ info ] [ CACHE ] INIT File
[ info ] [ RUN ] app\push\controller\push->bind[ D:\Documents\GitHub\websocket\application\push\controller\Push.php ]
[ info ] [ DB ] INIT mysql
[ info ] [ LOG ] INIT File
[ sql ] [ DB ] CONNECT:[ UseTime:0.000000s ] mysql:host=127.0.0.1;port=3306;dbname=websocket;charset=utf8
[ sql ] [ SQL ] SHOW COLUMNS FROM `room` [ RunTime:0.005000s ]
[ sql ] [ SQL ] SELECT * FROM `room` WHERE  `room_id` = 3 LIMIT 1 [ RunTime:0.001000s ]
[ sql ] [ SQL ] SHOW COLUMNS FROM `points` [ RunTime:0.005001s ]
[ sql ] [ SQL ] SELECT * FROM `points` WHERE  `room_id` = 3 [ RunTime:0.000000s ]
[ sql ] [ SQL ] SELECT * FROM `points` WHERE  `room_id` = 3 [ RunTime:0.000000s ]
[ sql ] [ SQL ] SELECT * FROM `points` WHERE  `room_id` = 3 [ RunTime:0.000000s ]
[ error ] [2]Illegal offset type[D:\Documents\GitHub\websocket\application\push\model\Points.php:104]
---------------------------------------------------------------
[ 2018-09-21T09:34:55+08:00 ] 127.0.0.1 POST /push/push/bind
[ info ] web.socket.com/push/push/bind [运行时间：0.055003s][吞吐率：18.18req/s] [内存消耗：2,501.63kb] [文件加载：65]
[ info ] [ BEHAVIOR ] Run app\behavior\CORS @app_init [ RunTime:0.001000s ]
[ info ] [ LANG ] D:\Documents\GitHub\websocket\thinkphp\lang\zh-cn.php
[ info ] [ ROUTE ] array (
  'type' => 'module',
  'module' => 
  array (
    0 => 'push',
    1 => 'push',
    2 => 'bind',
  ),
)
[ info ] [ HEADER ] array (
  'connection' => 'close',
  'origin' => 'null',
  'content-length' => '40',
  'token' => '6ae1b82f2d54608aa71fc941d46456dd',
  'content-type' => 'application/x-www-form-urlencoded; charset=UTF-8',
  'accept-encoding' => 'gzip, deflate',
  'accept-language' => 'zh-CN,zh;q=0.8,zh-TW;q=0.7,zh-HK;q=0.5,en-US;q=0.3,en;q=0.2',
  'accept' => 'application/json, text/javascript, */*; q=0.01',
  'user-agent' => 'Mozilla/5.0 (Windows NT 6.1; Win64; x64; rv:62.0) Gecko/20100101 Firefox/62.0',
  'host' => 'web.socket.com',
)
[ info ] [ PARAM ] array (
  '/push/push/bind' => '',
  'client_id' => '7f0000010b5400000007',
  'room_id' => '3',
)
[ info ] [ CACHE ] INIT File
[ info ] [ RUN ] app\push\controller\push->bind[ D:\Documents\GitHub\websocket\application\push\controller\Push.php ]
[ info ] [ DB ] INIT mysql
[ info ] [ LOG ] INIT File
[ sql ] [ DB ] CONNECT:[ UseTime:0.010001s ] mysql:host=127.0.0.1;port=3306;dbname=websocket;charset=utf8
[ sql ] [ SQL ] SHOW COLUMNS FROM `room` [ RunTime:0.004000s ]
[ sql ] [ SQL ] SELECT * FROM `room` WHERE  `room_id` = 3 LIMIT 1 [ RunTime:0.000000s ]
[ sql ] [ SQL ] SHOW COLUMNS FROM `points` [ RunTime:0.004001s ]
[ sql ] [ SQL ] SELECT * FROM `points` WHERE  `room_id` = 3 [ RunTime:0.001000s ]
[ sql ] [ SQL ] SELECT * FROM `points` WHERE  `room_id` = 3 [ RunTime:0.001000s ]
[ sql ] [ SQL ] SELECT * FROM `points` WHERE  `room_id` = 3 [ RunTime:0.000000s ]
[ error ] [2]Illegal offset type[D:\Documents\GitHub\websocket\application\push\model\Points.php:106]
---------------------------------------------------------------
[ 2018-09-21T09:35:32+08:00 ] 127.0.0.1 POST /push/push/bind
[ info ] web.socket.com/push/push/bind [运行时间：0.064004s][吞吐率：15.62req/s] [内存消耗：2,533.81kb] [文件加载：66]
[ info ] [ BEHAVIOR ] Run app\behavior\CORS @app_init [ RunTime:0.000000s ]
[ info ] [ LANG ] D:\Documents\GitHub\websocket\thinkphp\lang\zh-cn.php
[ info ] [ ROUTE ] array (
  'type' => 'module',
  'module' => 
  array (
    0 => 'push',
    1 => 'push',
    2 => 'bind',
  ),
)
[ info ] [ HEADER ] array (
  'connection' => 'close',
  'origin' => 'null',
  'content-length' => '40',
  'token' => '6ae1b82f2d54608aa71fc941d46456dd',
  'content-type' => 'application/x-www-form-urlencoded; charset=UTF-8',
  'accept-encoding' => 'gzip, deflate',
  'accept-language' => 'zh-CN,zh;q=0.8,zh-TW;q=0.7,zh-HK;q=0.5,en-US;q=0.3,en;q=0.2',
  'accept' => 'application/json, text/javascript, */*; q=0.01',
  'user-agent' => 'Mozilla/5.0 (Windows NT 6.1; Win64; x64; rv:62.0) Gecko/20100101 Firefox/62.0',
  'host' => 'web.socket.com',
)
[ info ] [ PARAM ] array (
  '/push/push/bind' => '',
  'client_id' => '7f0000010b5400000008',
  'room_id' => '3',
)
[ info ] [ CACHE ] INIT File
[ info ] [ RUN ] app\push\controller\push->bind[ D:\Documents\GitHub\websocket\application\push\controller\Push.php ]
[ info ] [ DB ] INIT mysql
[ info ] [ LOG ] INIT File
[ sql ] [ DB ] CONNECT:[ UseTime:0.010000s ] mysql:host=127.0.0.1;port=3306;dbname=websocket;charset=utf8
[ sql ] [ SQL ] SHOW COLUMNS FROM `room` [ RunTime:0.005001s ]
[ sql ] [ SQL ] SELECT * FROM `room` WHERE  `room_id` = 3 LIMIT 1 [ RunTime:0.000000s ]
[ sql ] [ SQL ] SHOW COLUMNS FROM `points` [ RunTime:0.004000s ]
[ sql ] [ SQL ] SELECT * FROM `points` WHERE  `room_id` = 3 [ RunTime:0.000000s ]
[ sql ] [ SQL ] SELECT * FROM `points` WHERE  `room_id` = 3 [ RunTime:0.000000s ]
[ sql ] [ SQL ] SELECT * FROM `points` WHERE  `room_id` = 3 [ RunTime:0.000000s ]
[ sql ] [ SQL ] SHOW COLUMNS FROM `user` [ RunTime:0.006000s ]
[ error ] [8]未定义数组下标: 1[D:\Documents\GitHub\websocket\thinkphp\library\think\db\Builder.php:319]
---------------------------------------------------------------
[ 2018-09-21T09:36:13+08:00 ] 127.0.0.1 POST /push/push/bind
[ info ] web.socket.com/push/push/bind [运行时间：0.068004s][吞吐率：14.70req/s] [内存消耗：2,533.81kb] [文件加载：66]
[ info ] [ BEHAVIOR ] Run app\behavior\CORS @app_init [ RunTime:0.001000s ]
[ info ] [ LANG ] D:\Documents\GitHub\websocket\thinkphp\lang\zh-cn.php
[ info ] [ ROUTE ] array (
  'type' => 'module',
  'module' => 
  array (
    0 => 'push',
    1 => 'push',
    2 => 'bind',
  ),
)
[ info ] [ HEADER ] array (
  'connection' => 'close',
  'origin' => 'null',
  'content-length' => '40',
  'token' => '6ae1b82f2d54608aa71fc941d46456dd',
  'content-type' => 'application/x-www-form-urlencoded; charset=UTF-8',
  'accept-encoding' => 'gzip, deflate',
  'accept-language' => 'zh-CN,zh;q=0.8,zh-TW;q=0.7,zh-HK;q=0.5,en-US;q=0.3,en;q=0.2',
  'accept' => 'application/json, text/javascript, */*; q=0.01',
  'user-agent' => 'Mozilla/5.0 (Windows NT 6.1; Win64; x64; rv:62.0) Gecko/20100101 Firefox/62.0',
  'host' => 'web.socket.com',
)
[ info ] [ PARAM ] array (
  '/push/push/bind' => '',
  'client_id' => '7f0000010b5400000009',
  'room_id' => '3',
)
[ info ] [ CACHE ] INIT File
[ info ] [ RUN ] app\push\controller\push->bind[ D:\Documents\GitHub\websocket\application\push\controller\Push.php ]
[ info ] [ DB ] INIT mysql
[ info ] [ LOG ] INIT File
[ sql ] [ DB ] CONNECT:[ UseTime:0.010000s ] mysql:host=127.0.0.1;port=3306;dbname=websocket;charset=utf8
[ sql ] [ SQL ] SHOW COLUMNS FROM `room` [ RunTime:0.005001s ]
[ sql ] [ SQL ] SELECT * FROM `room` WHERE  `room_id` = 3 LIMIT 1 [ RunTime:0.001000s ]
[ sql ] [ SQL ] SHOW COLUMNS FROM `points` [ RunTime:0.005000s ]
[ sql ] [ SQL ] SELECT * FROM `points` WHERE  `room_id` = 3 [ RunTime:0.000000s ]
[ sql ] [ SQL ] SELECT * FROM `points` WHERE  `room_id` = 3 [ RunTime:0.001000s ]
[ sql ] [ SQL ] SELECT * FROM `points` WHERE  `room_id` = 3 [ RunTime:0.000000s ]
[ sql ] [ SQL ] SHOW COLUMNS FROM `user` [ RunTime:0.005001s ]
[ error ] [8]未定义数组下标: 1[D:\Documents\GitHub\websocket\thinkphp\library\think\db\Builder.php:319]
---------------------------------------------------------------
[ 2018-09-21T09:36:32+08:00 ] 127.0.0.1 POST /push/push/bind
[ info ] web.socket.com/push/push/bind [运行时间：0.063003s][吞吐率：15.87req/s] [内存消耗：2,532.99kb] [文件加载：66]
[ info ] [ BEHAVIOR ] Run app\behavior\CORS @app_init [ RunTime:0.000000s ]
[ info ] [ LANG ] D:\Documents\GitHub\websocket\thinkphp\lang\zh-cn.php
[ info ] [ ROUTE ] array (
  'type' => 'module',
  'module' => 
  array (
    0 => 'push',
    1 => 'push',
    2 => 'bind',
  ),
)
[ info ] [ HEADER ] array (
  'connection' => 'close',
  'origin' => 'null',
  'content-length' => '40',
  'token' => '6ae1b82f2d54608aa71fc941d46456dd',
  'content-type' => 'application/x-www-form-urlencoded; charset=UTF-8',
  'accept-encoding' => 'gzip, deflate',
  'accept-language' => 'zh-CN,zh;q=0.8,zh-TW;q=0.7,zh-HK;q=0.5,en-US;q=0.3,en;q=0.2',
  'accept' => 'application/json, text/javascript, */*; q=0.01',
  'user-agent' => 'Mozilla/5.0 (Windows NT 6.1; Win64; x64; rv:62.0) Gecko/20100101 Firefox/62.0',
  'host' => 'web.socket.com',
)
[ info ] [ PARAM ] array (
  '/push/push/bind' => '',
  'client_id' => '7f0000010b540000000a',
  'room_id' => '3',
)
[ info ] [ CACHE ] INIT File
[ info ] [ RUN ] app\push\controller\push->bind[ D:\Documents\GitHub\websocket\application\push\controller\Push.php ]
[ info ] [ DB ] INIT mysql
[ info ] [ LOG ] INIT File
[ sql ] [ DB ] CONNECT:[ UseTime:0.010001s ] mysql:host=127.0.0.1;port=3306;dbname=websocket;charset=utf8
[ sql ] [ SQL ] SHOW COLUMNS FROM `room` [ RunTime:0.005000s ]
[ sql ] [ SQL ] SELECT * FROM `room` WHERE  `room_id` = 3 LIMIT 1 [ RunTime:0.001000s ]
[ sql ] [ SQL ] SHOW COLUMNS FROM `points` [ RunTime:0.006001s ]
[ sql ] [ SQL ] SELECT * FROM `points` WHERE  `room_id` = 3 [ RunTime:0.000000s ]
[ sql ] [ SQL ] SELECT * FROM `points` WHERE  `room_id` = 3 [ RunTime:0.001000s ]
[ sql ] [ SQL ] SELECT * FROM `points` WHERE  `room_id` = 3 [ RunTime:0.001000s ]
[ sql ] [ SQL ] SHOW COLUMNS FROM `user` [ RunTime:0.005000s ]
[ sql ] [ SQL ] SELECT * FROM `user` LIMIT 1 [ RunTime:0.000000s ]
[ error ] [2]Illegal offset type[D:\Documents\GitHub\websocket\application\push\model\Points.php:103]
---------------------------------------------------------------
[ 2018-09-21T09:36:49+08:00 ] 127.0.0.1 POST /push/push/bind
[ info ] web.socket.com/push/push/bind [运行时间：0.060003s][吞吐率：16.67req/s] [内存消耗：2,532.99kb] [文件加载：66]
[ info ] [ BEHAVIOR ] Run app\behavior\CORS @app_init [ RunTime:0.000000s ]
[ info ] [ LANG ] D:\Documents\GitHub\websocket\thinkphp\lang\zh-cn.php
[ info ] [ ROUTE ] array (
  'type' => 'module',
  'module' => 
  array (
    0 => 'push',
    1 => 'push',
    2 => 'bind',
  ),
)
[ info ] [ HEADER ] array (
  'connection' => 'close',
  'origin' => 'null',
  'content-length' => '40',
  'token' => '6ae1b82f2d54608aa71fc941d46456dd',
  'content-type' => 'application/x-www-form-urlencoded; charset=UTF-8',
  'accept-encoding' => 'gzip, deflate',
  'accept-language' => 'zh-CN,zh;q=0.8,zh-TW;q=0.7,zh-HK;q=0.5,en-US;q=0.3,en;q=0.2',
  'accept' => 'application/json, text/javascript, */*; q=0.01',
  'user-agent' => 'Mozilla/5.0 (Windows NT 6.1; Win64; x64; rv:62.0) Gecko/20100101 Firefox/62.0',
  'host' => 'web.socket.com',
)
[ info ] [ PARAM ] array (
  '/push/push/bind' => '',
  'client_id' => '7f0000010b540000000b',
  'room_id' => '3',
)
[ info ] [ CACHE ] INIT File
[ info ] [ RUN ] app\push\controller\push->bind[ D:\Documents\GitHub\websocket\application\push\controller\Push.php ]
[ info ] [ DB ] INIT mysql
[ info ] [ LOG ] INIT File
[ sql ] [ DB ] CONNECT:[ UseTime:0.010001s ] mysql:host=127.0.0.1;port=3306;dbname=websocket;charset=utf8
[ sql ] [ SQL ] SHOW COLUMNS FROM `room` [ RunTime:0.004000s ]
[ sql ] [ SQL ] SELECT * FROM `room` WHERE  `room_id` = 3 LIMIT 1 [ RunTime:0.000000s ]
[ sql ] [ SQL ] SHOW COLUMNS FROM `points` [ RunTime:0.005000s ]
[ sql ] [ SQL ] SELECT * FROM `points` WHERE  `room_id` = 3 [ RunTime:0.000000s ]
[ sql ] [ SQL ] SELECT * FROM `points` WHERE  `room_id` = 3 [ RunTime:0.000000s ]
[ sql ] [ SQL ] SELECT * FROM `points` WHERE  `room_id` = 3 [ RunTime:0.001000s ]
[ sql ] [ SQL ] SHOW COLUMNS FROM `user` [ RunTime:0.004000s ]
[ sql ] [ SQL ] SELECT * FROM `user` LIMIT 1 [ RunTime:0.000000s ]
[ error ] [2]Illegal offset type[D:\Documents\GitHub\websocket\application\push\model\Points.php:103]
---------------------------------------------------------------
[ 2018-09-21T09:45:50+08:00 ] 127.0.0.1 POST /push/push/bind
[ info ] web.socket.com/push/push/bind [运行时间：0.102006s][吞吐率：9.80req/s] [内存消耗：2,534.48kb] [文件加载：66]
[ info ] [ BEHAVIOR ] Run app\behavior\CORS @app_init [ RunTime:0.000000s ]
[ info ] [ LANG ] D:\Documents\GitHub\websocket\thinkphp\lang\zh-cn.php
[ info ] [ ROUTE ] array (
  'type' => 'module',
  'module' => 
  array (
    0 => 'push',
    1 => 'push',
    2 => 'bind',
  ),
)
[ info ] [ HEADER ] array (
  'connection' => 'close',
  'origin' => 'null',
  'content-length' => '40',
  'token' => '6ae1b82f2d54608aa71fc941d46456dd',
  'content-type' => 'application/x-www-form-urlencoded; charset=UTF-8',
  'accept-encoding' => 'gzip, deflate',
  'accept-language' => 'zh-CN,zh;q=0.8,zh-TW;q=0.7,zh-HK;q=0.5,en-US;q=0.3,en;q=0.2',
  'accept' => 'application/json, text/javascript, */*; q=0.01',
  'user-agent' => 'Mozilla/5.0 (Windows NT 6.1; Win64; x64; rv:62.0) Gecko/20100101 Firefox/62.0',
  'host' => 'web.socket.com',
)
[ info ] [ PARAM ] array (
  '/push/push/bind' => '',
  'client_id' => '7f0000010b540000000c',
  'room_id' => '3',
)
[ info ] [ CACHE ] INIT File
[ info ] [ RUN ] app\push\controller\push->bind[ D:\Documents\GitHub\websocket\application\push\controller\Push.php ]
[ info ] [ DB ] INIT mysql
[ info ] [ LOG ] INIT File
[ sql ] [ DB ] CONNECT:[ UseTime:0.010000s ] mysql:host=127.0.0.1;port=3306;dbname=websocket;charset=utf8
[ sql ] [ SQL ] SHOW COLUMNS FROM `room` [ RunTime:0.015001s ]
[ sql ] [ SQL ] SELECT * FROM `room` WHERE  `room_id` = 3 LIMIT 1 [ RunTime:0.000000s ]
[ sql ] [ SQL ] SHOW COLUMNS FROM `points` [ RunTime:0.017001s ]
[ sql ] [ SQL ] SELECT * FROM `points` WHERE  `room_id` = 3 [ RunTime:0.000000s ]
[ sql ] [ SQL ] SELECT * FROM `points` WHERE  `room_id` = 3 [ RunTime:0.001000s ]
[ sql ] [ SQL ] SELECT * FROM `points` WHERE  `room_id` = 3 [ RunTime:0.000000s ]
[ sql ] [ SQL ] SHOW COLUMNS FROM `user` [ RunTime:0.018001s ]
[ error ] [8]未定义数组下标: 1[D:\Documents\GitHub\websocket\thinkphp\library\think\db\Builder.php:319]
---------------------------------------------------------------
[ 2018-09-21T09:46:23+08:00 ] 127.0.0.1 POST /push/push/bind
[ info ] web.socket.com/push/push/bind [运行时间：0.090005s][吞吐率：11.11req/s] [内存消耗：2,534.48kb] [文件加载：66]
[ info ] [ BEHAVIOR ] Run app\behavior\CORS @app_init [ RunTime:0.000000s ]
[ info ] [ LANG ] D:\Documents\GitHub\websocket\thinkphp\lang\zh-cn.php
[ info ] [ ROUTE ] array (
  'type' => 'module',
  'module' => 
  array (
    0 => 'push',
    1 => 'push',
    2 => 'bind',
  ),
)
[ info ] [ HEADER ] array (
  'connection' => 'close',
  'origin' => 'null',
  'content-length' => '40',
  'token' => '6ae1b82f2d54608aa71fc941d46456dd',
  'content-type' => 'application/x-www-form-urlencoded; charset=UTF-8',
  'accept-encoding' => 'gzip, deflate',
  'accept-language' => 'zh-CN,zh;q=0.8,zh-TW;q=0.7,zh-HK;q=0.5,en-US;q=0.3,en;q=0.2',
  'accept' => 'application/json, text/javascript, */*; q=0.01',
  'user-agent' => 'Mozilla/5.0 (Windows NT 6.1; Win64; x64; rv:62.0) Gecko/20100101 Firefox/62.0',
  'host' => 'web.socket.com',
)
[ info ] [ PARAM ] array (
  '/push/push/bind' => '',
  'client_id' => '7f0000010b540000000d',
  'room_id' => '3',
)
[ info ] [ CACHE ] INIT File
[ info ] [ RUN ] app\push\controller\push->bind[ D:\Documents\GitHub\websocket\application\push\controller\Push.php ]
[ info ] [ DB ] INIT mysql
[ info ] [ LOG ] INIT File
[ sql ] [ DB ] CONNECT:[ UseTime:0.000000s ] mysql:host=127.0.0.1;port=3306;dbname=websocket;charset=utf8
[ sql ] [ SQL ] SHOW COLUMNS FROM `room` [ RunTime:0.018001s ]
[ sql ] [ SQL ] SELECT * FROM `room` WHERE  `room_id` = 3 LIMIT 1 [ RunTime:0.001000s ]
[ sql ] [ SQL ] SHOW COLUMNS FROM `points` [ RunTime:0.013000s ]
[ sql ] [ SQL ] SELECT * FROM `points` WHERE  `room_id` = 3 [ RunTime:0.001000s ]
[ sql ] [ SQL ] SELECT * FROM `points` WHERE  `room_id` = 3 [ RunTime:0.003001s ]
[ sql ] [ SQL ] SELECT * FROM `points` WHERE  `room_id` = 3 [ RunTime:0.001000s ]
[ sql ] [ SQL ] SHOW COLUMNS FROM `user` [ RunTime:0.018001s ]
[ error ] [8]未定义数组下标: 1[D:\Documents\GitHub\websocket\thinkphp\library\think\db\Builder.php:319]
---------------------------------------------------------------
[ 2018-09-21T09:46:38+08:00 ] 127.0.0.1 POST /push/push/bind
[ info ] web.socket.com/push/push/bind [运行时间：0.105006s][吞吐率：9.52req/s] [内存消耗：2,534.48kb] [文件加载：66]
[ info ] [ BEHAVIOR ] Run app\behavior\CORS @app_init [ RunTime:0.000000s ]
[ info ] [ LANG ] D:\Documents\GitHub\websocket\thinkphp\lang\zh-cn.php
[ info ] [ ROUTE ] array (
  'type' => 'module',
  'module' => 
  array (
    0 => 'push',
    1 => 'push',
    2 => 'bind',
  ),
)
[ info ] [ HEADER ] array (
  'connection' => 'close',
  'origin' => 'null',
  'content-length' => '40',
  'token' => '6ae1b82f2d54608aa71fc941d46456dd',
  'content-type' => 'application/x-www-form-urlencoded; charset=UTF-8',
  'accept-encoding' => 'gzip, deflate',
  'accept-language' => 'zh-CN,zh;q=0.8,zh-TW;q=0.7,zh-HK;q=0.5,en-US;q=0.3,en;q=0.2',
  'accept' => 'application/json, text/javascript, */*; q=0.01',
  'user-agent' => 'Mozilla/5.0 (Windows NT 6.1; Win64; x64; rv:62.0) Gecko/20100101 Firefox/62.0',
  'host' => 'web.socket.com',
)
[ info ] [ PARAM ] array (
  '/push/push/bind' => '',
  'client_id' => '7f0000010b540000000e',
  'room_id' => '3',
)
[ info ] [ CACHE ] INIT File
[ info ] [ RUN ] app\push\controller\push->bind[ D:\Documents\GitHub\websocket\application\push\controller\Push.php ]
[ info ] [ DB ] INIT mysql
[ info ] [ LOG ] INIT File
[ sql ] [ DB ] CONNECT:[ UseTime:0.010000s ] mysql:host=127.0.0.1;port=3306;dbname=websocket;charset=utf8
[ sql ] [ SQL ] SHOW COLUMNS FROM `room` [ RunTime:0.019001s ]
[ sql ] [ SQL ] SELECT * FROM `room` WHERE  `room_id` = 3 LIMIT 1 [ RunTime:0.000000s ]
[ sql ] [ SQL ] SHOW COLUMNS FROM `points` [ RunTime:0.018001s ]
[ sql ] [ SQL ] SELECT * FROM `points` WHERE  `room_id` = 3 [ RunTime:0.000000s ]
[ sql ] [ SQL ] SELECT * FROM `points` WHERE  `room_id` = 3 [ RunTime:0.000000s ]
[ sql ] [ SQL ] SELECT * FROM `points` WHERE  `room_id` = 3 [ RunTime:0.000000s ]
[ sql ] [ SQL ] SHOW COLUMNS FROM `user` [ RunTime:0.017001s ]
[ error ] [8]未定义数组下标: 1[D:\Documents\GitHub\websocket\thinkphp\library\think\db\Builder.php:319]
---------------------------------------------------------------
[ 2018-09-21T09:47:04+08:00 ] 127.0.0.1 POST /push/push/bind
[ info ] web.socket.com/push/push/bind [运行时间：0.078004s][吞吐率：12.82req/s] [内存消耗：2,534.48kb] [文件加载：66]
[ info ] [ BEHAVIOR ] Run app\behavior\CORS @app_init [ RunTime:0.000000s ]
[ info ] [ LANG ] D:\Documents\GitHub\websocket\thinkphp\lang\zh-cn.php
[ info ] [ ROUTE ] array (
  'type' => 'module',
  'module' => 
  array (
    0 => 'push',
    1 => 'push',
    2 => 'bind',
  ),
)
[ info ] [ HEADER ] array (
  'connection' => 'close',
  'origin' => 'null',
  'content-length' => '40',
  'token' => '6ae1b82f2d54608aa71fc941d46456dd',
  'content-type' => 'application/x-www-form-urlencoded; charset=UTF-8',
  'accept-encoding' => 'gzip, deflate',
  'accept-language' => 'zh-CN,zh;q=0.8,zh-TW;q=0.7,zh-HK;q=0.5,en-US;q=0.3,en;q=0.2',
  'accept' => 'application/json, text/javascript, */*; q=0.01',
  'user-agent' => 'Mozilla/5.0 (Windows NT 6.1; Win64; x64; rv:62.0) Gecko/20100101 Firefox/62.0',
  'host' => 'web.socket.com',
)
[ info ] [ PARAM ] array (
  '/push/push/bind' => '',
  'client_id' => '7f0000010b540000000f',
  'room_id' => '3',
)
[ info ] [ CACHE ] INIT File
[ info ] [ RUN ] app\push\controller\push->bind[ D:\Documents\GitHub\websocket\application\push\controller\Push.php ]
[ info ] [ DB ] INIT mysql
[ info ] [ LOG ] INIT File
[ sql ] [ DB ] CONNECT:[ UseTime:0.001000s ] mysql:host=127.0.0.1;port=3306;dbname=websocket;charset=utf8
[ sql ] [ SQL ] SHOW COLUMNS FROM `room` [ RunTime:0.006001s ]
[ sql ] [ SQL ] SELECT * FROM `room` WHERE  `room_id` = 3 LIMIT 1 [ RunTime:0.000000s ]
[ sql ] [ SQL ] SHOW COLUMNS FROM `points` [ RunTime:0.016001s ]
[ sql ] [ SQL ] SELECT * FROM `points` WHERE  `room_id` = 3 [ RunTime:0.001000s ]
[ sql ] [ SQL ] SELECT * FROM `points` WHERE  `room_id` = 3 [ RunTime:0.001000s ]
[ sql ] [ SQL ] SELECT * FROM `points` WHERE  `room_id` = 3 [ RunTime:0.001000s ]
[ sql ] [ SQL ] SHOW COLUMNS FROM `user` [ RunTime:0.019001s ]
[ error ] [8]未定义数组下标: 1[D:\Documents\GitHub\websocket\thinkphp\library\think\db\Builder.php:319]
---------------------------------------------------------------
[ 2018-09-21T09:47:15+08:00 ] 127.0.0.1 POST /push/push/bind
[ info ] web.socket.com/push/push/bind [运行时间：0.106006s][吞吐率：9.43req/s] [内存消耗：2,534.44kb] [文件加载：66]
[ info ] [ BEHAVIOR ] Run app\behavior\CORS @app_init [ RunTime:0.000000s ]
[ info ] [ LANG ] D:\Documents\GitHub\websocket\thinkphp\lang\zh-cn.php
[ info ] [ ROUTE ] array (
  'type' => 'module',
  'module' => 
  array (
    0 => 'push',
    1 => 'push',
    2 => 'bind',
  ),
)
[ info ] [ HEADER ] array (
  'connection' => 'close',
  'origin' => 'null',
  'content-length' => '40',
  'token' => '6ae1b82f2d54608aa71fc941d46456dd',
  'content-type' => 'application/x-www-form-urlencoded; charset=UTF-8',
  'accept-encoding' => 'gzip, deflate',
  'accept-language' => 'zh-CN,zh;q=0.8,zh-TW;q=0.7,zh-HK;q=0.5,en-US;q=0.3,en;q=0.2',
  'accept' => 'application/json, text/javascript, */*; q=0.01',
  'user-agent' => 'Mozilla/5.0 (Windows NT 6.1; Win64; x64; rv:62.0) Gecko/20100101 Firefox/62.0',
  'host' => 'web.socket.com',
)
[ info ] [ PARAM ] array (
  '/push/push/bind' => '',
  'client_id' => '7f0000010b5400000010',
  'room_id' => '3',
)
[ info ] [ CACHE ] INIT File
[ info ] [ RUN ] app\push\controller\push->bind[ D:\Documents\GitHub\websocket\application\push\controller\Push.php ]
[ info ] [ DB ] INIT mysql
[ info ] [ LOG ] INIT File
[ sql ] [ DB ] CONNECT:[ UseTime:0.010001s ] mysql:host=127.0.0.1;port=3306;dbname=websocket;charset=utf8
[ sql ] [ SQL ] SHOW COLUMNS FROM `room` [ RunTime:0.019001s ]
[ sql ] [ SQL ] SELECT * FROM `room` WHERE  `room_id` = 3 LIMIT 1 [ RunTime:0.000000s ]
[ sql ] [ SQL ] SHOW COLUMNS FROM `points` [ RunTime:0.015001s ]
[ sql ] [ SQL ] SELECT * FROM `points` WHERE  `room_id` = 3 [ RunTime:0.000000s ]
[ sql ] [ SQL ] SELECT * FROM `points` WHERE  `room_id` = 3 [ RunTime:0.000000s ]
[ sql ] [ SQL ] SELECT * FROM `points` WHERE  `room_id` = 3 [ RunTime:0.001000s ]
[ sql ] [ SQL ] SHOW COLUMNS FROM `user` [ RunTime:0.026002s ]
[ error ] [8]未定义数组下标: 1[D:\Documents\GitHub\websocket\thinkphp\library\think\db\Builder.php:319]
---------------------------------------------------------------
[ 2018-09-21T09:47:24+08:00 ] 127.0.0.1 POST /push/push/bind
[ info ] web.socket.com/push/push/bind [运行时间：0.104006s][吞吐率：9.61req/s] [内存消耗：2,534.42kb] [文件加载：66]
[ info ] [ BEHAVIOR ] Run app\behavior\CORS @app_init [ RunTime:0.000000s ]
[ info ] [ LANG ] D:\Documents\GitHub\websocket\thinkphp\lang\zh-cn.php
[ info ] [ ROUTE ] array (
  'type' => 'module',
  'module' => 
  array (
    0 => 'push',
    1 => 'push',
    2 => 'bind',
  ),
)
[ info ] [ HEADER ] array (
  'connection' => 'close',
  'origin' => 'null',
  'content-length' => '40',
  'token' => '6ae1b82f2d54608aa71fc941d46456dd',
  'content-type' => 'application/x-www-form-urlencoded; charset=UTF-8',
  'accept-encoding' => 'gzip, deflate',
  'accept-language' => 'zh-CN,zh;q=0.8,zh-TW;q=0.7,zh-HK;q=0.5,en-US;q=0.3,en;q=0.2',
  'accept' => 'application/json, text/javascript, */*; q=0.01',
  'user-agent' => 'Mozilla/5.0 (Windows NT 6.1; Win64; x64; rv:62.0) Gecko/20100101 Firefox/62.0',
  'host' => 'web.socket.com',
)
[ info ] [ PARAM ] array (
  '/push/push/bind' => '',
  'client_id' => '7f0000010b5400000011',
  'room_id' => '3',
)
[ info ] [ CACHE ] INIT File
[ info ] [ RUN ] app\push\controller\push->bind[ D:\Documents\GitHub\websocket\application\push\controller\Push.php ]
[ info ] [ DB ] INIT mysql
[ info ] [ LOG ] INIT File
[ sql ] [ DB ] CONNECT:[ UseTime:0.010001s ] mysql:host=127.0.0.1;port=3306;dbname=websocket;charset=utf8
[ sql ] [ SQL ] SHOW COLUMNS FROM `room` [ RunTime:0.018001s ]
[ sql ] [ SQL ] SELECT * FROM `room` WHERE  `room_id` = 3 LIMIT 1 [ RunTime:0.000000s ]
[ sql ] [ SQL ] SHOW COLUMNS FROM `points` [ RunTime:0.018001s ]
[ sql ] [ SQL ] SELECT * FROM `points` WHERE  `room_id` = 3 [ RunTime:0.000000s ]
[ sql ] [ SQL ] SELECT * FROM `points` WHERE  `room_id` = 3 [ RunTime:0.000000s ]
[ sql ] [ SQL ] SELECT * FROM `points` WHERE  `room_id` = 3 [ RunTime:0.001000s ]
[ sql ] [ SQL ] SHOW COLUMNS FROM `user` [ RunTime:0.018001s ]
[ error ] [8]未定义数组下标: 1[D:\Documents\GitHub\websocket\thinkphp\library\think\db\Builder.php:319]
---------------------------------------------------------------
[ 2018-09-21T09:51:24+08:00 ] 127.0.0.1 POST /push/push/bind
[ info ] web.socket.com/push/push/bind [运行时间：0.100006s][吞吐率：10.00req/s] [内存消耗：2,534.70kb] [文件加载：66]
[ info ] [ BEHAVIOR ] Run app\behavior\CORS @app_init [ RunTime:0.000000s ]
[ info ] [ LANG ] D:\Documents\GitHub\websocket\thinkphp\lang\zh-cn.php
[ info ] [ ROUTE ] array (
  'type' => 'module',
  'module' => 
  array (
    0 => 'push',
    1 => 'push',
    2 => 'bind',
  ),
)
[ info ] [ HEADER ] array (
  'connection' => 'close',
  'origin' => 'null',
  'content-length' => '40',
  'token' => '6ae1b82f2d54608aa71fc941d46456dd',
  'content-type' => 'application/x-www-form-urlencoded; charset=UTF-8',
  'accept-encoding' => 'gzip, deflate',
  'accept-language' => 'zh-CN,zh;q=0.8,zh-TW;q=0.7,zh-HK;q=0.5,en-US;q=0.3,en;q=0.2',
  'accept' => 'application/json, text/javascript, */*; q=0.01',
  'user-agent' => 'Mozilla/5.0 (Windows NT 6.1; Win64; x64; rv:62.0) Gecko/20100101 Firefox/62.0',
  'host' => 'web.socket.com',
)
[ info ] [ PARAM ] array (
  '/push/push/bind' => '',
  'client_id' => '7f0000010b5400000012',
  'room_id' => '3',
)
[ info ] [ CACHE ] INIT File
[ info ] [ RUN ] app\push\controller\push->bind[ D:\Documents\GitHub\websocket\application\push\controller\Push.php ]
[ info ] [ DB ] INIT mysql
[ info ] [ LOG ] INIT File
[ sql ] [ DB ] CONNECT:[ UseTime:0.010000s ] mysql:host=127.0.0.1;port=3306;dbname=websocket;charset=utf8
[ sql ] [ SQL ] SHOW COLUMNS FROM `room` [ RunTime:0.010001s ]
[ sql ] [ SQL ] SELECT * FROM `room` WHERE  `room_id` = 3 LIMIT 1 [ RunTime:0.001000s ]
[ sql ] [ SQL ] SHOW COLUMNS FROM `points` [ RunTime:0.019001s ]
[ sql ] [ SQL ] SELECT * FROM `points` WHERE  `room_id` = 3 [ RunTime:0.001000s ]
[ sql ] [ SQL ] SELECT * FROM `points` WHERE  `room_id` = 3 [ RunTime:0.000000s ]
[ sql ] [ SQL ] SELECT * FROM `points` WHERE  `room_id` = 3 [ RunTime:0.000000s ]
[ sql ] [ SQL ] SHOW COLUMNS FROM `user` [ RunTime:0.019001s ]
[ error ] [8]未定义数组下标: 1[D:\Documents\GitHub\websocket\thinkphp\library\think\db\Builder.php:319]
---------------------------------------------------------------
[ 2018-09-21T10:03:19+08:00 ] 127.0.0.1 POST /push/push/bind
[ info ] web.socket.com/push/push/bind [运行时间：0.076004s][吞吐率：13.16req/s] [内存消耗：2,507.37kb] [文件加载：63]
[ info ] [ BEHAVIOR ] Run app\behavior\CORS @app_init [ RunTime:0.000000s ]
[ info ] [ LANG ] D:\Documents\GitHub\websocket\thinkphp\lang\zh-cn.php
[ info ] [ ROUTE ] array (
  'type' => 'module',
  'module' => 
  array (
    0 => 'push',
    1 => 'push',
    2 => 'bind',
  ),
)
[ info ] [ HEADER ] array (
  'connection' => 'close',
  'origin' => 'null',
  'content-length' => '40',
  'token' => '6ae1b82f2d54608aa71fc941d46456dd',
  'content-type' => 'application/x-www-form-urlencoded; charset=UTF-8',
  'accept-encoding' => 'gzip, deflate',
  'accept-language' => 'zh-CN,zh;q=0.8,zh-TW;q=0.7,zh-HK;q=0.5,en-US;q=0.3,en;q=0.2',
  'accept' => 'application/json, text/javascript, */*; q=0.01',
  'user-agent' => 'Mozilla/5.0 (Windows NT 6.1; Win64; x64; rv:62.0) Gecko/20100101 Firefox/62.0',
  'host' => 'web.socket.com',
)
[ info ] [ PARAM ] array (
  '/push/push/bind' => '',
  'client_id' => '7f0000010b5400000013',
  'room_id' => '3',
)
[ info ] [ CACHE ] INIT File
[ info ] [ RUN ] app\push\controller\push->bind[ D:\Documents\GitHub\websocket\application\push\controller\Push.php ]
[ info ] [ DB ] INIT mysql
[ info ] [ LOG ] INIT File
[ sql ] [ DB ] CONNECT:[ UseTime:0.010001s ] mysql:host=127.0.0.1;port=3306;dbname=websocket;charset=utf8
[ sql ] [ SQL ] SHOW COLUMNS FROM `room` [ RunTime:0.005000s ]
[ sql ] [ SQL ] SELECT * FROM `room` WHERE  `room_id` = 3 LIMIT 1 [ RunTime:0.000000s ]
[ sql ] [ SQL ] SHOW COLUMNS FROM `points` [ RunTime:0.005000s ]
[ sql ] [ SQL ] SELECT * FROM `points` WHERE  `room_id` = 3 [ RunTime:0.000000s ]
[ sql ] [ SQL ] SELECT * FROM `points` WHERE  `room_id` = 3 [ RunTime:0.000000s ]
[ sql ] [ SQL ] SELECT * FROM `points` WHERE  `room_id` = 3 [ RunTime:0.001000s ]
[ sql ] [ SQL ] SHOW COLUMNS FROM `user` [ RunTime:0.004000s ]
[ sql ] [ SQL ] SELECT * FROM `user` WHERE  `user_id` = 2 LIMIT 1 [ RunTime:0.001000s ]
[ sql ] [ SQL ] SELECT * FROM `user` WHERE  `user_id` = 4 LIMIT 1 [ RunTime:0.000000s ]
[ sql ] [ SQL ] SELECT * FROM `user` WHERE  `user_id` = 1 LIMIT 1 [ RunTime:0.000000s ]
---------------------------------------------------------------
[ 2018-09-21T10:04:15+08:00 ] 127.0.0.1 POST /push/push/bind
[ info ] web.socket.com/push/push/bind [运行时间：0.058003s][吞吐率：17.24req/s] [内存消耗：2,507.36kb] [文件加载：63]
[ info ] [ BEHAVIOR ] Run app\behavior\CORS @app_init [ RunTime:0.000000s ]
[ info ] [ LANG ] D:\Documents\GitHub\websocket\thinkphp\lang\zh-cn.php
[ info ] [ ROUTE ] array (
  'type' => 'module',
  'module' => 
  array (
    0 => 'push',
    1 => 'push',
    2 => 'bind',
  ),
)
[ info ] [ HEADER ] array (
  'connection' => 'close',
  'origin' => 'null',
  'content-length' => '40',
  'token' => '6ae1b82f2d54608aa71fc941d46456dd',
  'content-type' => 'application/x-www-form-urlencoded; charset=UTF-8',
  'accept-encoding' => 'gzip, deflate',
  'accept-language' => 'zh-CN,zh;q=0.8,zh-TW;q=0.7,zh-HK;q=0.5,en-US;q=0.3,en;q=0.2',
  'accept' => 'application/json, text/javascript, */*; q=0.01',
  'user-agent' => 'Mozilla/5.0 (Windows NT 6.1; Win64; x64; rv:62.0) Gecko/20100101 Firefox/62.0',
  'host' => 'web.socket.com',
)
[ info ] [ PARAM ] array (
  '/push/push/bind' => '',
  'client_id' => '7f0000010b5400000014',
  'room_id' => '3',
)
[ info ] [ CACHE ] INIT File
[ info ] [ RUN ] app\push\controller\push->bind[ D:\Documents\GitHub\websocket\application\push\controller\Push.php ]
[ info ] [ DB ] INIT mysql
[ info ] [ LOG ] INIT File
[ sql ] [ DB ] CONNECT:[ UseTime:0.010001s ] mysql:host=127.0.0.1;port=3306;dbname=websocket;charset=utf8
[ sql ] [ SQL ] SHOW COLUMNS FROM `room` [ RunTime:0.004000s ]
[ sql ] [ SQL ] SELECT * FROM `room` WHERE  `room_id` = 3 LIMIT 1 [ RunTime:0.001000s ]
[ sql ] [ SQL ] SHOW COLUMNS FROM `points` [ RunTime:0.004001s ]
[ sql ] [ SQL ] SELECT * FROM `points` WHERE  `room_id` = 3 [ RunTime:0.000000s ]
[ sql ] [ SQL ] SELECT * FROM `points` WHERE  `room_id` = 3 [ RunTime:0.001000s ]
[ sql ] [ SQL ] SELECT * FROM `points` WHERE  `room_id` = 3 [ RunTime:0.000000s ]
[ sql ] [ SQL ] SHOW COLUMNS FROM `user` [ RunTime:0.004000s ]
[ sql ] [ SQL ] SELECT * FROM `user` WHERE  `user_id` = 2 LIMIT 1 [ RunTime:0.001000s ]
[ sql ] [ SQL ] SELECT * FROM `user` WHERE  `user_id` = 4 LIMIT 1 [ RunTime:0.000000s ]
[ sql ] [ SQL ] SELECT * FROM `user` WHERE  `user_id` = 1 LIMIT 1 [ RunTime:0.001000s ]
---------------------------------------------------------------
[ 2018-09-21T10:04:52+08:00 ] 127.0.0.1 POST /push/push/bind
[ info ] web.socket.com/push/push/bind [运行时间：0.061003s][吞吐率：16.39req/s] [内存消耗：2,507.38kb] [文件加载：63]
[ info ] [ BEHAVIOR ] Run app\behavior\CORS @app_init [ RunTime:0.000000s ]
[ info ] [ LANG ] D:\Documents\GitHub\websocket\thinkphp\lang\zh-cn.php
[ info ] [ ROUTE ] array (
  'type' => 'module',
  'module' => 
  array (
    0 => 'push',
    1 => 'push',
    2 => 'bind',
  ),
)
[ info ] [ HEADER ] array (
  'connection' => 'close',
  'origin' => 'null',
  'content-length' => '40',
  'token' => '6ae1b82f2d54608aa71fc941d46456dd',
  'content-type' => 'application/x-www-form-urlencoded; charset=UTF-8',
  'accept-encoding' => 'gzip, deflate',
  'accept-language' => 'zh-CN,zh;q=0.8,zh-TW;q=0.7,zh-HK;q=0.5,en-US;q=0.3,en;q=0.2',
  'accept' => 'application/json, text/javascript, */*; q=0.01',
  'user-agent' => 'Mozilla/5.0 (Windows NT 6.1; Win64; x64; rv:62.0) Gecko/20100101 Firefox/62.0',
  'host' => 'web.socket.com',
)
[ info ] [ PARAM ] array (
  '/push/push/bind' => '',
  'client_id' => '7f0000010b5400000015',
  'room_id' => '3',
)
[ info ] [ CACHE ] INIT File
[ info ] [ RUN ] app\push\controller\push->bind[ D:\Documents\GitHub\websocket\application\push\controller\Push.php ]
[ info ] [ DB ] INIT mysql
[ info ] [ LOG ] INIT File
[ sql ] [ DB ] CONNECT:[ UseTime:0.011001s ] mysql:host=127.0.0.1;port=3306;dbname=websocket;charset=utf8
[ sql ] [ SQL ] SHOW COLUMNS FROM `room` [ RunTime:0.005000s ]
[ sql ] [ SQL ] SELECT * FROM `room` WHERE  `room_id` = 3 LIMIT 1 [ RunTime:0.000000s ]
[ sql ] [ SQL ] SHOW COLUMNS FROM `points` [ RunTime:0.005001s ]
[ sql ] [ SQL ] SELECT * FROM `points` WHERE  `room_id` = 3 [ RunTime:0.001000s ]
[ sql ] [ SQL ] SELECT * FROM `points` WHERE  `room_id` = 3 [ RunTime:0.000000s ]
[ sql ] [ SQL ] SELECT * FROM `points` WHERE  `room_id` = 3 [ RunTime:0.001000s ]
[ sql ] [ SQL ] SHOW COLUMNS FROM `user` [ RunTime:0.004000s ]
[ sql ] [ SQL ] SELECT * FROM `user` WHERE  `user_id` = 2 LIMIT 1 [ RunTime:0.000000s ]
[ sql ] [ SQL ] SELECT * FROM `user` WHERE  `user_id` = 4 LIMIT 1 [ RunTime:0.001000s ]
[ sql ] [ SQL ] SELECT * FROM `user` WHERE  `user_id` = 1 LIMIT 1 [ RunTime:0.000000s ]
---------------------------------------------------------------
[ 2018-09-21T10:05:17+08:00 ] 127.0.0.1 POST /push/push/bind
[ info ] web.socket.com/push/push/bind [运行时间：0.054003s][吞吐率：18.52req/s] [内存消耗：2,507.41kb] [文件加载：63]
[ info ] [ BEHAVIOR ] Run app\behavior\CORS @app_init [ RunTime:0.001000s ]
[ info ] [ LANG ] D:\Documents\GitHub\websocket\thinkphp\lang\zh-cn.php
[ info ] [ ROUTE ] array (
  'type' => 'module',
  'module' => 
  array (
    0 => 'push',
    1 => 'push',
    2 => 'bind',
  ),
)
[ info ] [ HEADER ] array (
  'connection' => 'close',
  'origin' => 'null',
  'content-length' => '40',
  'token' => '6ae1b82f2d54608aa71fc941d46456dd',
  'content-type' => 'application/x-www-form-urlencoded; charset=UTF-8',
  'accept-encoding' => 'gzip, deflate',
  'accept-language' => 'zh-CN,zh;q=0.8,zh-TW;q=0.7,zh-HK;q=0.5,en-US;q=0.3,en;q=0.2',
  'accept' => 'application/json, text/javascript, */*; q=0.01',
  'user-agent' => 'Mozilla/5.0 (Windows NT 6.1; Win64; x64; rv:62.0) Gecko/20100101 Firefox/62.0',
  'host' => 'web.socket.com',
)
[ info ] [ PARAM ] array (
  '/push/push/bind' => '',
  'client_id' => '7f0000010b5400000016',
  'room_id' => '3',
)
[ info ] [ CACHE ] INIT File
[ info ] [ RUN ] app\push\controller\push->bind[ D:\Documents\GitHub\websocket\application\push\controller\Push.php ]
[ info ] [ DB ] INIT mysql
[ info ] [ LOG ] INIT File
[ sql ] [ DB ] CONNECT:[ UseTime:0.002000s ] mysql:host=127.0.0.1;port=3306;dbname=websocket;charset=utf8
[ sql ] [ SQL ] SHOW COLUMNS FROM `room` [ RunTime:0.005001s ]
[ sql ] [ SQL ] SELECT * FROM `room` WHERE  `room_id` = 3 LIMIT 1 [ RunTime:0.001000s ]
[ sql ] [ SQL ] SHOW COLUMNS FROM `points` [ RunTime:0.005000s ]
[ sql ] [ SQL ] SELECT * FROM `points` WHERE  `room_id` = 3 [ RunTime:0.001000s ]
[ sql ] [ SQL ] SELECT * FROM `points` WHERE  `room_id` = 3 [ RunTime:0.000000s ]
[ sql ] [ SQL ] SELECT * FROM `points` WHERE  `room_id` = 3 [ RunTime:0.000000s ]
[ sql ] [ SQL ] SHOW COLUMNS FROM `user` [ RunTime:0.004000s ]
[ sql ] [ SQL ] SELECT * FROM `user` WHERE  `user_id` = 2 LIMIT 1 [ RunTime:0.000000s ]
[ sql ] [ SQL ] SELECT * FROM `user` WHERE  `user_id` = 4 LIMIT 1 [ RunTime:0.001001s ]
[ sql ] [ SQL ] SELECT * FROM `user` WHERE  `user_id` = 1 LIMIT 1 [ RunTime:0.000000s ]
---------------------------------------------------------------
[ 2018-09-21T10:06:00+08:00 ] 127.0.0.1 POST /push/push/bind
[ info ] web.socket.com/push/push/bind [运行时间：0.062003s][吞吐率：16.13req/s] [内存消耗：2,507.41kb] [文件加载：63]
[ info ] [ BEHAVIOR ] Run app\behavior\CORS @app_init [ RunTime:0.000000s ]
[ info ] [ LANG ] D:\Documents\GitHub\websocket\thinkphp\lang\zh-cn.php
[ info ] [ ROUTE ] array (
  'type' => 'module',
  'module' => 
  array (
    0 => 'push',
    1 => 'push',
    2 => 'bind',
  ),
)
[ info ] [ HEADER ] array (
  'connection' => 'close',
  'origin' => 'null',
  'content-length' => '40',
  'token' => '6ae1b82f2d54608aa71fc941d46456dd',
  'content-type' => 'application/x-www-form-urlencoded; charset=UTF-8',
  'accept-encoding' => 'gzip, deflate',
  'accept-language' => 'zh-CN,zh;q=0.8,zh-TW;q=0.7,zh-HK;q=0.5,en-US;q=0.3,en;q=0.2',
  'accept' => 'application/json, text/javascript, */*; q=0.01',
  'user-agent' => 'Mozilla/5.0 (Windows NT 6.1; Win64; x64; rv:62.0) Gecko/20100101 Firefox/62.0',
  'host' => 'web.socket.com',
)
[ info ] [ PARAM ] array (
  '/push/push/bind' => '',
  'client_id' => '7f0000010b5400000017',
  'room_id' => '3',
)
[ info ] [ CACHE ] INIT File
[ info ] [ RUN ] app\push\controller\push->bind[ D:\Documents\GitHub\websocket\application\push\controller\Push.php ]
[ info ] [ DB ] INIT mysql
[ info ] [ LOG ] INIT File
[ sql ] [ DB ] CONNECT:[ UseTime:0.010001s ] mysql:host=127.0.0.1;port=3306;dbname=websocket;charset=utf8
[ sql ] [ SQL ] SHOW COLUMNS FROM `room` [ RunTime:0.004000s ]
[ sql ] [ SQL ] SELECT * FROM `room` WHERE  `room_id` = 3 LIMIT 1 [ RunTime:0.001000s ]
[ sql ] [ SQL ] SHOW COLUMNS FROM `points` [ RunTime:0.004001s ]
[ sql ] [ SQL ] SELECT * FROM `points` WHERE  `room_id` = 3 [ RunTime:0.001000s ]
[ sql ] [ SQL ] SELECT * FROM `points` WHERE  `room_id` = 3 [ RunTime:0.000000s ]
[ sql ] [ SQL ] SELECT * FROM `points` WHERE  `room_id` = 3 [ RunTime:0.000000s ]
[ sql ] [ SQL ] SHOW COLUMNS FROM `user` [ RunTime:0.004000s ]
[ sql ] [ SQL ] SELECT * FROM `user` WHERE  `user_id` = 2 LIMIT 1 [ RunTime:0.001000s ]
[ sql ] [ SQL ] SELECT * FROM `user` WHERE  `user_id` = 4 LIMIT 1 [ RunTime:0.000000s ]
[ sql ] [ SQL ] SELECT * FROM `user` WHERE  `user_id` = 1 LIMIT 1 [ RunTime:0.001000s ]
---------------------------------------------------------------
[ 2018-09-21T10:15:46+08:00 ] 127.0.0.1 POST /push/push/bind
[ info ] web.socket.com/push/push/bind [运行时间：0.054003s][吞吐率：18.52req/s] [内存消耗：2,509.76kb] [文件加载：63]
[ info ] [ BEHAVIOR ] Run app\behavior\CORS @app_init [ RunTime:0.000000s ]
[ info ] [ LANG ] D:\Documents\GitHub\websocket\thinkphp\lang\zh-cn.php
[ info ] [ ROUTE ] array (
  'type' => 'module',
  'module' => 
  array (
    0 => 'push',
    1 => 'push',
    2 => 'bind',
  ),
)
[ info ] [ HEADER ] array (
  'connection' => 'close',
  'origin' => 'null',
  'content-length' => '40',
  'token' => '6ae1b82f2d54608aa71fc941d46456dd',
  'content-type' => 'application/x-www-form-urlencoded; charset=UTF-8',
  'accept-encoding' => 'gzip, deflate',
  'accept-language' => 'zh-CN,zh;q=0.8,zh-TW;q=0.7,zh-HK;q=0.5,en-US;q=0.3,en;q=0.2',
  'accept' => 'application/json, text/javascript, */*; q=0.01',
  'user-agent' => 'Mozilla/5.0 (Windows NT 6.1; Win64; x64; rv:62.0) Gecko/20100101 Firefox/62.0',
  'host' => 'web.socket.com',
)
[ info ] [ PARAM ] array (
  '/push/push/bind' => '',
  'client_id' => '7f0000010b5400000018',
  'room_id' => '3',
)
[ info ] [ CACHE ] INIT File
[ info ] [ RUN ] app\push\controller\push->bind[ D:\Documents\GitHub\websocket\application\push\controller\Push.php ]
[ info ] [ DB ] INIT mysql
[ info ] [ LOG ] INIT File
[ sql ] [ DB ] CONNECT:[ UseTime:0.000000s ] mysql:host=127.0.0.1;port=3306;dbname=websocket;charset=utf8
[ sql ] [ SQL ] SHOW COLUMNS FROM `room` [ RunTime:0.005000s ]
[ sql ] [ SQL ] SELECT * FROM `room` WHERE  `room_id` = 3 LIMIT 1 [ RunTime:0.000000s ]
[ sql ] [ SQL ] SHOW COLUMNS FROM `points` [ RunTime:0.004000s ]
[ sql ] [ SQL ] SELECT * FROM `points` WHERE  `room_id` = 3 [ RunTime:0.000000s ]
[ sql ] [ SQL ] SELECT * FROM `points` WHERE  `room_id` = 3 [ RunTime:0.001000s ]
[ sql ] [ SQL ] SELECT * FROM `points` WHERE  `room_id` = 3 [ RunTime:0.000000s ]
[ sql ] [ SQL ] SHOW COLUMNS FROM `user` [ RunTime:0.004000s ]
[ sql ] [ SQL ] SELECT * FROM `user` WHERE  `user_id` = 2 LIMIT 1 [ RunTime:0.000000s ]
[ sql ] [ SQL ] SELECT * FROM `user` WHERE  `user_id` = 4 LIMIT 1 [ RunTime:0.000000s ]
[ sql ] [ SQL ] SELECT * FROM `user` WHERE  `user_id` = 1 LIMIT 1 [ RunTime:0.000000s ]
---------------------------------------------------------------
[ 2018-09-21T10:16:39+08:00 ] 127.0.0.1 POST /push/push/bind
[ info ] web.socket.com/push/push/bind [运行时间：0.050003s][吞吐率：20.00req/s] [内存消耗：2,508.63kb] [文件加载：63]
[ info ] [ BEHAVIOR ] Run app\behavior\CORS @app_init [ RunTime:0.000000s ]
[ info ] [ LANG ] D:\Documents\GitHub\websocket\thinkphp\lang\zh-cn.php
[ info ] [ ROUTE ] array (
  'type' => 'module',
  'module' => 
  array (
    0 => 'push',
    1 => 'push',
    2 => 'bind',
  ),
)
[ info ] [ HEADER ] array (
  'connection' => 'close',
  'origin' => 'null',
  'content-length' => '40',
  'token' => '6ae1b82f2d54608aa71fc941d46456dd',
  'content-type' => 'application/x-www-form-urlencoded; charset=UTF-8',
  'accept-encoding' => 'gzip, deflate',
  'accept-language' => 'zh-CN,zh;q=0.8,zh-TW;q=0.7,zh-HK;q=0.5,en-US;q=0.3,en;q=0.2',
  'accept' => 'application/json, text/javascript, */*; q=0.01',
  'user-agent' => 'Mozilla/5.0 (Windows NT 6.1; Win64; x64; rv:62.0) Gecko/20100101 Firefox/62.0',
  'host' => 'web.socket.com',
)
[ info ] [ PARAM ] array (
  '/push/push/bind' => '',
  'client_id' => '7f0000010b5400000019',
  'room_id' => '3',
)
[ info ] [ CACHE ] INIT File
[ info ] [ RUN ] app\push\controller\push->bind[ D:\Documents\GitHub\websocket\application\push\controller\Push.php ]
[ info ] [ DB ] INIT mysql
[ info ] [ LOG ] INIT File
[ sql ] [ DB ] CONNECT:[ UseTime:0.000000s ] mysql:host=127.0.0.1;port=3306;dbname=websocket;charset=utf8
[ sql ] [ SQL ] SHOW COLUMNS FROM `room` [ RunTime:0.004000s ]
[ sql ] [ SQL ] SELECT * FROM `room` WHERE  `room_id` = 3 LIMIT 1 [ RunTime:0.000000s ]
[ sql ] [ SQL ] SHOW COLUMNS FROM `points` [ RunTime:0.005000s ]
[ sql ] [ SQL ] SELECT * FROM `points` WHERE  `room_id` = 3 [ RunTime:0.000000s ]
[ sql ] [ SQL ] SELECT * FROM `points` WHERE  `room_id` = 3 [ RunTime:0.000000s ]
[ sql ] [ SQL ] SELECT * FROM `points` WHERE  `room_id` = 3 [ RunTime:0.001000s ]
[ sql ] [ SQL ] SHOW COLUMNS FROM `user` [ RunTime:0.004001s ]
[ sql ] [ SQL ] SELECT * FROM `user` WHERE  `user_id` = 2 LIMIT 1 [ RunTime:0.000000s ]
[ sql ] [ SQL ] SELECT * FROM `user` WHERE  `user_id` = 4 LIMIT 1 [ RunTime:0.001000s ]
[ sql ] [ SQL ] SELECT * FROM `user` WHERE  `user_id` = 1 LIMIT 1 [ RunTime:0.000000s ]
---------------------------------------------------------------
[ 2018-09-21T10:17:15+08:00 ] 127.0.0.1 POST /push/push/bind
[ info ] web.socket.com/push/push/bind [运行时间：0.061003s][吞吐率：16.39req/s] [内存消耗：2,508.48kb] [文件加载：63]
[ info ] [ BEHAVIOR ] Run app\behavior\CORS @app_init [ RunTime:0.000000s ]
[ info ] [ LANG ] D:\Documents\GitHub\websocket\thinkphp\lang\zh-cn.php
[ info ] [ ROUTE ] array (
  'type' => 'module',
  'module' => 
  array (
    0 => 'push',
    1 => 'push',
    2 => 'bind',
  ),
)
[ info ] [ HEADER ] array (
  'connection' => 'close',
  'origin' => 'null',
  'content-length' => '40',
  'token' => '6ae1b82f2d54608aa71fc941d46456dd',
  'content-type' => 'application/x-www-form-urlencoded; charset=UTF-8',
  'accept-encoding' => 'gzip, deflate',
  'accept-language' => 'zh-CN,zh;q=0.8,zh-TW;q=0.7,zh-HK;q=0.5,en-US;q=0.3,en;q=0.2',
  'accept' => 'application/json, text/javascript, */*; q=0.01',
  'user-agent' => 'Mozilla/5.0 (Windows NT 6.1; Win64; x64; rv:62.0) Gecko/20100101 Firefox/62.0',
  'host' => 'web.socket.com',
)
[ info ] [ PARAM ] array (
  '/push/push/bind' => '',
  'client_id' => '7f0000010b540000001a',
  'room_id' => '3',
)
[ info ] [ CACHE ] INIT File
[ info ] [ RUN ] app\push\controller\push->bind[ D:\Documents\GitHub\websocket\application\push\controller\Push.php ]
[ info ] [ DB ] INIT mysql
[ info ] [ LOG ] INIT File
[ sql ] [ DB ] CONNECT:[ UseTime:0.010001s ] mysql:host=127.0.0.1;port=3306;dbname=websocket;charset=utf8
[ sql ] [ SQL ] SHOW COLUMNS FROM `room` [ RunTime:0.006000s ]
[ sql ] [ SQL ] SELECT * FROM `room` WHERE  `room_id` = 3 LIMIT 1 [ RunTime:0.000000s ]
[ sql ] [ SQL ] SHOW COLUMNS FROM `points` [ RunTime:0.005000s ]
[ sql ] [ SQL ] SELECT * FROM `points` WHERE  `room_id` = 3 [ RunTime:0.000000s ]
[ sql ] [ SQL ] SELECT * FROM `points` WHERE  `room_id` = 3 [ RunTime:0.000000s ]
[ sql ] [ SQL ] SELECT * FROM `points` WHERE  `room_id` = 3 [ RunTime:0.001000s ]
[ sql ] [ SQL ] SHOW COLUMNS FROM `user` [ RunTime:0.005000s ]
[ sql ] [ SQL ] SELECT * FROM `user` WHERE  `user_id` = 2 LIMIT 1 [ RunTime:0.000000s ]
[ sql ] [ SQL ] SELECT * FROM `user` WHERE  `user_id` = 4 LIMIT 1 [ RunTime:0.001000s ]
[ sql ] [ SQL ] SELECT * FROM `user` WHERE  `user_id` = 1 LIMIT 1 [ RunTime:0.000000s ]
---------------------------------------------------------------
[ 2018-09-21T10:18:06+08:00 ] 127.0.0.1 POST /push/push/bind
[ info ] web.socket.com/push/push/bind [运行时间：0.053003s][吞吐率：18.87req/s] [内存消耗：2,509.72kb] [文件加载：63]
[ info ] [ BEHAVIOR ] Run app\behavior\CORS @app_init [ RunTime:0.000000s ]
[ info ] [ LANG ] D:\Documents\GitHub\websocket\thinkphp\lang\zh-cn.php
[ info ] [ ROUTE ] array (
  'type' => 'module',
  'module' => 
  array (
    0 => 'push',
    1 => 'push',
    2 => 'bind',
  ),
)
[ info ] [ HEADER ] array (
  'connection' => 'close',
  'origin' => 'null',
  'content-length' => '40',
  'token' => '6ae1b82f2d54608aa71fc941d46456dd',
  'content-type' => 'application/x-www-form-urlencoded; charset=UTF-8',
  'accept-encoding' => 'gzip, deflate',
  'accept-language' => 'zh-CN,zh;q=0.8,zh-TW;q=0.7,zh-HK;q=0.5,en-US;q=0.3,en;q=0.2',
  'accept' => 'application/json, text/javascript, */*; q=0.01',
  'user-agent' => 'Mozilla/5.0 (Windows NT 6.1; Win64; x64; rv:62.0) Gecko/20100101 Firefox/62.0',
  'host' => 'web.socket.com',
)
[ info ] [ PARAM ] array (
  '/push/push/bind' => '',
  'client_id' => '7f0000010b540000001b',
  'room_id' => '3',
)
[ info ] [ CACHE ] INIT File
[ info ] [ RUN ] app\push\controller\push->bind[ D:\Documents\GitHub\websocket\application\push\controller\Push.php ]
[ info ] [ DB ] INIT mysql
[ info ] [ LOG ] INIT File
[ sql ] [ DB ] CONNECT:[ UseTime:0.001000s ] mysql:host=127.0.0.1;port=3306;dbname=websocket;charset=utf8
[ sql ] [ SQL ] SHOW COLUMNS FROM `room` [ RunTime:0.004001s ]
[ sql ] [ SQL ] SELECT * FROM `room` WHERE  `room_id` = 3 LIMIT 1 [ RunTime:0.000000s ]
[ sql ] [ SQL ] SHOW COLUMNS FROM `points` [ RunTime:0.004000s ]
[ sql ] [ SQL ] SELECT * FROM `points` WHERE  `room_id` = 3 [ RunTime:0.001000s ]
[ sql ] [ SQL ] SELECT * FROM `points` WHERE  `room_id` = 3 [ RunTime:0.001000s ]
[ sql ] [ SQL ] SELECT * FROM `points` WHERE  `room_id` = 3 [ RunTime:0.000000s ]
[ sql ] [ SQL ] SHOW COLUMNS FROM `user` [ RunTime:0.004000s ]
[ sql ] [ SQL ] SELECT * FROM `user` WHERE  `user_id` = 2 LIMIT 1 [ RunTime:0.000000s ]
[ sql ] [ SQL ] SELECT * FROM `user` WHERE  `user_id` = 4 LIMIT 1 [ RunTime:0.001000s ]
[ sql ] [ SQL ] SELECT * FROM `user` WHERE  `user_id` = 1 LIMIT 1 [ RunTime:0.000000s ]
---------------------------------------------------------------
[ 2018-09-21T12:02:57+08:00 ] 127.0.0.1 POST /push/push/bind
[ info ] web.socket.com/push/push/bind [运行时间：0.085004s][吞吐率：11.76req/s] [内存消耗：2,476.85kb] [文件加载：62]
[ info ] [ BEHAVIOR ] Run app\behavior\CORS @app_init [ RunTime:0.000000s ]
[ info ] [ LANG ] D:\Documents\GitHub\websocket\thinkphp\lang\zh-cn.php
[ info ] [ ROUTE ] array (
  'type' => 'module',
  'module' => 
  array (
    0 => 'push',
    1 => 'push',
    2 => 'bind',
  ),
)
[ info ] [ HEADER ] array (
  'connection' => 'close',
  'origin' => 'null',
  'content-length' => '40',
  'token' => '6ae1b82f2d54608aa71fc941d46456dd',
  'content-type' => 'application/x-www-form-urlencoded; charset=UTF-8',
  'accept-encoding' => 'gzip, deflate',
  'accept-language' => 'zh-CN,zh;q=0.8,zh-TW;q=0.7,zh-HK;q=0.5,en-US;q=0.3,en;q=0.2',
  'accept' => 'application/json, text/javascript, */*; q=0.01',
  'user-agent' => 'Mozilla/5.0 (Windows NT 6.1; Win64; x64; rv:62.0) Gecko/20100101 Firefox/62.0',
  'host' => 'web.socket.com',
)
[ info ] [ PARAM ] array (
  '/push/push/bind' => '',
  'client_id' => '7f0000010b540000001c',
  'room_id' => '3',
)
[ info ] [ CACHE ] INIT File
[ info ] [ RUN ] app\push\controller\push->bind[ D:\Documents\GitHub\websocket\application\push\controller\Push.php ]
[ info ] [ DB ] INIT mysql
[ info ] [ LOG ] INIT File
[ sql ] [ DB ] CONNECT:[ UseTime:0.001000s ] mysql:host=127.0.0.1;port=3306;dbname=websocket;charset=utf8
[ sql ] [ SQL ] SHOW COLUMNS FROM `room` [ RunTime:0.018001s ]
[ sql ] [ SQL ] SELECT * FROM `room` WHERE  `room_id` = 3 LIMIT 1 [ RunTime:0.001000s ]
[ sql ] [ SQL ] SHOW COLUMNS FROM `points` [ RunTime:0.018001s ]
[ sql ] [ SQL ] SELECT * FROM `points` WHERE  `room_id` = 3 [ RunTime:0.001000s ]
[ sql ] [ SQL ] SELECT * FROM `points` WHERE  `room_id` = 3 [ RunTime:0.001000s ]
---------------------------------------------------------------
[ 2018-09-21T12:03:01+08:00 ] 127.0.0.1 POST /push/push/challenge
[ info ] web.socket.com/push/push/challenge [运行时间：0.051003s][吞吐率：19.61req/s] [内存消耗：2,466.84kb] [文件加载：63]
[ info ] [ BEHAVIOR ] Run app\behavior\CORS @app_init [ RunTime:0.000000s ]
[ info ] [ LANG ] D:\Documents\GitHub\websocket\thinkphp\lang\zh-cn.php
[ info ] [ ROUTE ] array (
  'type' => 'module',
  'module' => 
  array (
    0 => 'push',
    1 => 'push',
    2 => 'challenge',
  ),
)
[ info ] [ HEADER ] array (
  'connection' => 'close',
  'origin' => 'null',
  'content-length' => '6',
  'token' => '6ae1b82f2d54608aa71fc941d46456dd',
  'content-type' => 'application/x-www-form-urlencoded; charset=UTF-8',
  'accept-encoding' => 'gzip, deflate',
  'accept-language' => 'zh-CN,zh;q=0.8,zh-TW;q=0.7,zh-HK;q=0.5,en-US;q=0.3,en;q=0.2',
  'accept' => 'application/json, text/javascript, */*; q=0.01',
  'user-agent' => 'Mozilla/5.0 (Windows NT 6.1; Win64; x64; rv:62.0) Gecko/20100101 Firefox/62.0',
  'host' => 'web.socket.com',
)
[ info ] [ PARAM ] array (
  '/push/push/challenge' => '',
  'type' => '1',
)
[ info ] [ CACHE ] INIT File
[ info ] [ RUN ] app\push\controller\push->challenge[ D:\Documents\GitHub\websocket\application\push\controller\Push.php ]
[ info ] [ DB ] INIT mysql
[ info ] [ LOG ] INIT File
[ sql ] [ DB ] CONNECT:[ UseTime:0.001000s ] mysql:host=127.0.0.1;port=3306;dbname=websocket;charset=utf8
[ sql ] [ SQL ] SHOW COLUMNS FROM `points` [ RunTime:0.018001s ]
[ sql ] [ SQL ] SELECT * FROM `points` WHERE  `isend` = 0 [ RunTime:0.001000s ]
[ error ] [8]未定义数组索引: user_id[D:\Documents\GitHub\websocket\application\push\model\Points.php:143]
---------------------------------------------------------------
[ 2018-09-21T12:03:25+08:00 ] 127.0.0.1 POST /push/push/bind
[ info ] web.socket.com/push/push/bind [运行时间：0.080005s][吞吐率：12.50req/s] [内存消耗：2,476.75kb] [文件加载：62]
[ info ] [ BEHAVIOR ] Run app\behavior\CORS @app_init [ RunTime:0.001000s ]
[ info ] [ LANG ] D:\Documents\GitHub\websocket\thinkphp\lang\zh-cn.php
[ info ] [ ROUTE ] array (
  'type' => 'module',
  'module' => 
  array (
    0 => 'push',
    1 => 'push',
    2 => 'bind',
  ),
)
[ info ] [ HEADER ] array (
  'connection' => 'close',
  'origin' => 'null',
  'content-length' => '40',
  'token' => '6ae1b82f2d54608aa71fc941d46456dd',
  'content-type' => 'application/x-www-form-urlencoded; charset=UTF-8',
  'accept-encoding' => 'gzip, deflate',
  'accept-language' => 'zh-CN,zh;q=0.8,zh-TW;q=0.7,zh-HK;q=0.5,en-US;q=0.3,en;q=0.2',
  'accept' => 'application/json, text/javascript, */*; q=0.01',
  'user-agent' => 'Mozilla/5.0 (Windows NT 6.1; Win64; x64; rv:62.0) Gecko/20100101 Firefox/62.0',
  'host' => 'web.socket.com',
)
[ info ] [ PARAM ] array (
  '/push/push/bind' => '',
  'client_id' => '7f0000010b540000001d',
  'room_id' => '3',
)
[ info ] [ CACHE ] INIT File
[ info ] [ RUN ] app\push\controller\push->bind[ D:\Documents\GitHub\websocket\application\push\controller\Push.php ]
[ info ] [ DB ] INIT mysql
[ info ] [ LOG ] INIT File
[ sql ] [ DB ] CONNECT:[ UseTime:0.010000s ] mysql:host=127.0.0.1;port=3306;dbname=websocket;charset=utf8
[ sql ] [ SQL ] SHOW COLUMNS FROM `room` [ RunTime:0.019002s ]
[ sql ] [ SQL ] SELECT * FROM `room` WHERE  `room_id` = 3 LIMIT 1 [ RunTime:0.001000s ]
[ sql ] [ SQL ] SHOW COLUMNS FROM `points` [ RunTime:0.019001s ]
[ sql ] [ SQL ] SELECT * FROM `points` WHERE  `room_id` = 3 [ RunTime:0.001000s ]
[ sql ] [ SQL ] SELECT * FROM `points` WHERE  `room_id` = 3 [ RunTime:0.000000s ]
---------------------------------------------------------------
[ 2018-09-21T12:03:30+08:00 ] 127.0.0.1 POST /push/push/challenge
[ info ] web.socket.com/push/push/challenge [运行时间：0.075005s][吞吐率：13.33req/s] [内存消耗：2,436.15kb] [文件加载：60]
[ info ] [ BEHAVIOR ] Run app\behavior\CORS @app_init [ RunTime:0.000000s ]
[ info ] [ LANG ] D:\Documents\GitHub\websocket\thinkphp\lang\zh-cn.php
[ info ] [ ROUTE ] array (
  'type' => 'module',
  'module' => 
  array (
    0 => 'push',
    1 => 'push',
    2 => 'challenge',
  ),
)
[ info ] [ HEADER ] array (
  'connection' => 'close',
  'origin' => 'null',
  'content-length' => '6',
  'token' => '6ae1b82f2d54608aa71fc941d46456dd',
  'content-type' => 'application/x-www-form-urlencoded; charset=UTF-8',
  'accept-encoding' => 'gzip, deflate',
  'accept-language' => 'zh-CN,zh;q=0.8,zh-TW;q=0.7,zh-HK;q=0.5,en-US;q=0.3,en;q=0.2',
  'accept' => 'application/json, text/javascript, */*; q=0.01',
  'user-agent' => 'Mozilla/5.0 (Windows NT 6.1; Win64; x64; rv:62.0) Gecko/20100101 Firefox/62.0',
  'host' => 'web.socket.com',
)
[ info ] [ PARAM ] array (
  '/push/push/challenge' => '',
  'type' => '1',
)
[ info ] [ CACHE ] INIT File
[ info ] [ RUN ] app\push\controller\push->challenge[ D:\Documents\GitHub\websocket\application\push\controller\Push.php ]
[ info ] [ DB ] INIT mysql
[ info ] [ LOG ] INIT File
[ sql ] [ DB ] CONNECT:[ UseTime:0.010000s ] mysql:host=127.0.0.1;port=3306;dbname=websocket;charset=utf8
[ sql ] [ SQL ] SHOW COLUMNS FROM `points` [ RunTime:0.018001s ]
[ sql ] [ SQL ] SELECT * FROM `points` WHERE  `isend` = 0 [ RunTime:0.001001s ]
---------------------------------------------------------------
[ 2018-09-21T14:52:03+08:00 ] 127.0.0.1 POST /push/push/bind
[ info ] web.socket.com/push/push/bind [运行时间：0.095006s][吞吐率：10.53req/s] [内存消耗：2,477.30kb] [文件加载：62]
[ info ] [ BEHAVIOR ] Run app\behavior\CORS @app_init [ RunTime:0.001000s ]
[ info ] [ LANG ] D:\Documents\GitHub\websocket\thinkphp\lang\zh-cn.php
[ info ] [ ROUTE ] array (
  'type' => 'module',
  'module' => 
  array (
    0 => 'push',
    1 => 'push',
    2 => 'bind',
  ),
)
[ info ] [ HEADER ] array (
  'connection' => 'close',
  'origin' => 'null',
  'content-length' => '40',
  'token' => '6ae1b82f2d54608aa71fc941d46456dd',
  'content-type' => 'application/x-www-form-urlencoded; charset=UTF-8',
  'accept-encoding' => 'gzip, deflate',
  'accept-language' => 'zh-CN,zh;q=0.8,zh-TW;q=0.7,zh-HK;q=0.5,en-US;q=0.3,en;q=0.2',
  'accept' => 'application/json, text/javascript, */*; q=0.01',
  'user-agent' => 'Mozilla/5.0 (Windows NT 6.1; Win64; x64; rv:62.0) Gecko/20100101 Firefox/62.0',
  'host' => 'web.socket.com',
)
[ info ] [ PARAM ] array (
  '/push/push/bind' => '',
  'client_id' => '7f0000010b540000001e',
  'room_id' => '3',
)
[ info ] [ CACHE ] INIT File
[ info ] [ RUN ] app\push\controller\push->bind[ D:\Documents\GitHub\websocket\application\push\controller\Push.php ]
[ info ] [ DB ] INIT mysql
[ info ] [ LOG ] INIT File
[ sql ] [ DB ] CONNECT:[ UseTime:0.010000s ] mysql:host=127.0.0.1;port=3306;dbname=websocket;charset=utf8
[ sql ] [ SQL ] SHOW COLUMNS FROM `room` [ RunTime:0.018001s ]
[ sql ] [ SQL ] SELECT * FROM `room` WHERE  `room_id` = 3 LIMIT 1 [ RunTime:0.001000s ]
[ sql ] [ SQL ] SHOW COLUMNS FROM `points` [ RunTime:0.019001s ]
[ sql ] [ SQL ] SELECT * FROM `points` WHERE  `room_id` = 3 [ RunTime:0.001000s ]
[ sql ] [ SQL ] SELECT * FROM `points` WHERE  `room_id` = 3 [ RunTime:0.000000s ]
---------------------------------------------------------------
[ 2018-09-21T14:53:45+08:00 ] 127.0.0.1 POST /push/push/bind
[ info ] web.socket.com/push/push/bind [运行时间：0.079004s][吞吐率：12.66req/s] [内存消耗：2,477.37kb] [文件加载：62]
[ info ] [ BEHAVIOR ] Run app\behavior\CORS @app_init [ RunTime:0.000000s ]
[ info ] [ LANG ] D:\Documents\GitHub\websocket\thinkphp\lang\zh-cn.php
[ info ] [ ROUTE ] array (
  'type' => 'module',
  'module' => 
  array (
    0 => 'push',
    1 => 'push',
    2 => 'bind',
  ),
)
[ info ] [ HEADER ] array (
  'connection' => 'close',
  'origin' => 'null',
  'content-length' => '40',
  'token' => '6ae1b82f2d54608aa71fc941d46456dd',
  'content-type' => 'application/x-www-form-urlencoded; charset=UTF-8',
  'accept-encoding' => 'gzip, deflate',
  'accept-language' => 'zh-CN,zh;q=0.8,zh-TW;q=0.7,zh-HK;q=0.5,en-US;q=0.3,en;q=0.2',
  'accept' => 'application/json, text/javascript, */*; q=0.01',
  'user-agent' => 'Mozilla/5.0 (Windows NT 6.1; Win64; x64; rv:62.0) Gecko/20100101 Firefox/62.0',
  'host' => 'web.socket.com',
)
[ info ] [ PARAM ] array (
  '/push/push/bind' => '',
  'client_id' => '7f0000010b540000001f',
  'room_id' => '3',
)
[ info ] [ CACHE ] INIT File
[ info ] [ RUN ] app\push\controller\push->bind[ D:\Documents\GitHub\websocket\application\push\controller\Push.php ]
[ info ] [ DB ] INIT mysql
[ info ] [ LOG ] INIT File
[ sql ] [ DB ] CONNECT:[ UseTime:0.010000s ] mysql:host=127.0.0.1;port=3306;dbname=websocket;charset=utf8
[ sql ] [ SQL ] SHOW COLUMNS FROM `room` [ RunTime:0.017001s ]
[ sql ] [ SQL ] SELECT * FROM `room` WHERE  `room_id` = 3 LIMIT 1 [ RunTime:0.001000s ]
[ sql ] [ SQL ] SHOW COLUMNS FROM `points` [ RunTime:0.018001s ]
[ sql ] [ SQL ] SELECT * FROM `points` WHERE  `room_id` = 3 [ RunTime:0.000000s ]
[ sql ] [ SQL ] SELECT * FROM `points` WHERE  `room_id` = 3 [ RunTime:0.001000s ]
---------------------------------------------------------------
[ 2018-09-21T15:09:05+08:00 ] 127.0.0.1 POST /push/push/bind
[ info ] web.socket.com/push/push/bind [运行时间：0.110006s][吞吐率：9.09req/s] [内存消耗：2,513.37kb] [文件加载：63]
[ info ] [ BEHAVIOR ] Run app\behavior\CORS @app_init [ RunTime:0.000000s ]
[ info ] [ LANG ] D:\Documents\GitHub\websocket\thinkphp\lang\zh-cn.php
[ info ] [ ROUTE ] array (
  'type' => 'module',
  'module' => 
  array (
    0 => 'push',
    1 => 'push',
    2 => 'bind',
  ),
)
[ info ] [ HEADER ] array (
  'connection' => 'close',
  'origin' => 'null',
  'content-length' => '40',
  'token' => '6ae1b82f2d54608aa71fc941d46456dd',
  'content-type' => 'application/x-www-form-urlencoded; charset=UTF-8',
  'accept-encoding' => 'gzip, deflate',
  'accept-language' => 'zh-CN,zh;q=0.8,zh-TW;q=0.7,zh-HK;q=0.5,en-US;q=0.3,en;q=0.2',
  'accept' => 'application/json, text/javascript, */*; q=0.01',
  'user-agent' => 'Mozilla/5.0 (Windows NT 6.1; Win64; x64; rv:62.0) Gecko/20100101 Firefox/62.0',
  'host' => 'web.socket.com',
)
[ info ] [ PARAM ] array (
  '/push/push/bind' => '',
  'client_id' => '7f0000010b5400000020',
  'room_id' => '3',
)
[ info ] [ CACHE ] INIT File
[ info ] [ RUN ] app\push\controller\push->bind[ D:\Documents\GitHub\websocket\application\push\controller\Push.php ]
[ info ] [ DB ] INIT mysql
[ info ] [ LOG ] INIT File
[ sql ] [ DB ] CONNECT:[ UseTime:0.001000s ] mysql:host=127.0.0.1;port=3306;dbname=websocket;charset=utf8
[ sql ] [ SQL ] SHOW COLUMNS FROM `room` [ RunTime:0.019001s ]
[ sql ] [ SQL ] SELECT * FROM `room` WHERE  `room_id` = 3 LIMIT 1 [ RunTime:0.000000s ]
[ sql ] [ SQL ] SHOW COLUMNS FROM `points` [ RunTime:0.018001s ]
[ sql ] [ SQL ] SELECT * FROM `points` WHERE  `room_id` = 3 [ RunTime:0.000000s ]
[ sql ] [ SQL ] SELECT * FROM `points` WHERE  `room_id` = 3 [ RunTime:0.000000s ]
[ sql ] [ SQL ] SELECT * FROM `points` WHERE  `room_id` = 3 [ RunTime:0.001000s ]
[ sql ] [ SQL ] SHOW COLUMNS FROM `user` [ RunTime:0.018001s ]
[ sql ] [ SQL ] SELECT * FROM `user` WHERE  `user_id` = 2 LIMIT 1 [ RunTime:0.000000s ]
[ sql ] [ SQL ] SELECT * FROM `user` WHERE  `user_id` = 4 LIMIT 1 [ RunTime:0.000000s ]
[ sql ] [ SQL ] SELECT * FROM `user` WHERE  `user_id` = 1 LIMIT 1 [ RunTime:0.000000s ]
[ sql ] [ SQL ] SELECT * FROM `user` WHERE  `user_id` = 3 LIMIT 1 [ RunTime:0.000000s ]
[ sql ] [ SQL ] SELECT * FROM `room` WHERE  `room_id` = 3 LIMIT 1 [ RunTime:0.000000s ]
---------------------------------------------------------------
[ 2018-09-21T15:09:20+08:00 ] 127.0.0.1 POST /push/push/bind
[ info ] web.socket.com/push/push/bind [运行时间：0.102006s][吞吐率：9.80req/s] [内存消耗：2,514.55kb] [文件加载：63]
[ info ] [ BEHAVIOR ] Run app\behavior\CORS @app_init [ RunTime:0.000000s ]
[ info ] [ LANG ] D:\Documents\GitHub\websocket\thinkphp\lang\zh-cn.php
[ info ] [ ROUTE ] array (
  'type' => 'module',
  'module' => 
  array (
    0 => 'push',
    1 => 'push',
    2 => 'bind',
  ),
)
[ info ] [ HEADER ] array (
  'connection' => 'close',
  'origin' => 'null',
  'content-length' => '40',
  'token' => '6ae1b82f2d54608aa71fc941d46456dd',
  'content-type' => 'application/x-www-form-urlencoded; charset=UTF-8',
  'accept-encoding' => 'gzip, deflate',
  'accept-language' => 'zh-CN,zh;q=0.8,zh-TW;q=0.7,zh-HK;q=0.5,en-US;q=0.3,en;q=0.2',
  'accept' => 'application/json, text/javascript, */*; q=0.01',
  'user-agent' => 'Mozilla/5.0 (Windows NT 6.1; Win64; x64; rv:62.0) Gecko/20100101 Firefox/62.0',
  'host' => 'web.socket.com',
)
[ info ] [ PARAM ] array (
  '/push/push/bind' => '',
  'client_id' => '7f0000010b5400000021',
  'room_id' => '3',
)
[ info ] [ CACHE ] INIT File
[ info ] [ RUN ] app\push\controller\push->bind[ D:\Documents\GitHub\websocket\application\push\controller\Push.php ]
[ info ] [ DB ] INIT mysql
[ info ] [ LOG ] INIT File
[ sql ] [ DB ] CONNECT:[ UseTime:0.010001s ] mysql:host=127.0.0.1;port=3306;dbname=websocket;charset=utf8
[ sql ] [ SQL ] SHOW COLUMNS FROM `room` [ RunTime:0.018001s ]
[ sql ] [ SQL ] SELECT * FROM `room` WHERE  `room_id` = 3 LIMIT 1 [ RunTime:0.001000s ]
[ sql ] [ SQL ] SHOW COLUMNS FROM `points` [ RunTime:0.019001s ]
[ sql ] [ SQL ] SELECT * FROM `points` WHERE  `room_id` = 3 [ RunTime:0.000000s ]
[ sql ] [ SQL ] SELECT * FROM `points` WHERE  `room_id` = 3 [ RunTime:0.000000s ]
[ sql ] [ SQL ] SELECT * FROM `points` WHERE  `room_id` = 3 [ RunTime:0.001000s ]
[ sql ] [ SQL ] SHOW COLUMNS FROM `user` [ RunTime:0.019001s ]
[ sql ] [ SQL ] SELECT * FROM `user` WHERE  `user_id` = 2 LIMIT 1 [ RunTime:0.001000s ]
[ sql ] [ SQL ] SELECT * FROM `user` WHERE  `user_id` = 4 LIMIT 1 [ RunTime:0.000000s ]
[ sql ] [ SQL ] SELECT * FROM `user` WHERE  `user_id` = 1 LIMIT 1 [ RunTime:0.001000s ]
[ sql ] [ SQL ] SELECT * FROM `user` WHERE  `user_id` = 3 LIMIT 1 [ RunTime:0.000000s ]
[ sql ] [ SQL ] SELECT * FROM `room` WHERE  `room_id` = 3 LIMIT 1 [ RunTime:0.001000s ]
---------------------------------------------------------------
[ 2018-09-21T15:10:00+08:00 ] 127.0.0.1 POST /push/push/bind
[ info ] web.socket.com/push/push/bind [运行时间：0.104006s][吞吐率：9.61req/s] [内存消耗：2,514.55kb] [文件加载：63]
[ info ] [ BEHAVIOR ] Run app\behavior\CORS @app_init [ RunTime:0.000000s ]
[ info ] [ LANG ] D:\Documents\GitHub\websocket\thinkphp\lang\zh-cn.php
[ info ] [ ROUTE ] array (
  'type' => 'module',
  'module' => 
  array (
    0 => 'push',
    1 => 'push',
    2 => 'bind',
  ),
)
[ info ] [ HEADER ] array (
  'connection' => 'close',
  'origin' => 'null',
  'content-length' => '40',
  'token' => '6ae1b82f2d54608aa71fc941d46456dd',
  'content-type' => 'application/x-www-form-urlencoded; charset=UTF-8',
  'accept-encoding' => 'gzip, deflate',
  'accept-language' => 'zh-CN,zh;q=0.8,zh-TW;q=0.7,zh-HK;q=0.5,en-US;q=0.3,en;q=0.2',
  'accept' => 'application/json, text/javascript, */*; q=0.01',
  'user-agent' => 'Mozilla/5.0 (Windows NT 6.1; Win64; x64; rv:62.0) Gecko/20100101 Firefox/62.0',
  'host' => 'web.socket.com',
)
[ info ] [ PARAM ] array (
  '/push/push/bind' => '',
  'client_id' => '7f0000010b5400000022',
  'room_id' => '3',
)
[ info ] [ CACHE ] INIT File
[ info ] [ RUN ] app\push\controller\push->bind[ D:\Documents\GitHub\websocket\application\push\controller\Push.php ]
[ info ] [ DB ] INIT mysql
[ info ] [ LOG ] INIT File
[ sql ] [ DB ] CONNECT:[ UseTime:0.010001s ] mysql:host=127.0.0.1;port=3306;dbname=websocket;charset=utf8
[ sql ] [ SQL ] SHOW COLUMNS FROM `room` [ RunTime:0.019001s ]
[ sql ] [ SQL ] SELECT * FROM `room` WHERE  `room_id` = 3 LIMIT 1 [ RunTime:0.000000s ]
[ sql ] [ SQL ] SHOW COLUMNS FROM `points` [ RunTime:0.018001s ]
[ sql ] [ SQL ] SELECT * FROM `points` WHERE  `room_id` = 3 [ RunTime:0.001000s ]
[ sql ] [ SQL ] SELECT * FROM `points` WHERE  `room_id` = 3 [ RunTime:0.001000s ]
[ sql ] [ SQL ] SELECT * FROM `points` WHERE  `room_id` = 3 [ RunTime:0.000000s ]
[ sql ] [ SQL ] SHOW COLUMNS FROM `user` [ RunTime:0.018001s ]
[ sql ] [ SQL ] SELECT * FROM `user` WHERE  `user_id` = 2 LIMIT 1 [ RunTime:0.000000s ]
[ sql ] [ SQL ] SELECT * FROM `user` WHERE  `user_id` = 4 LIMIT 1 [ RunTime:0.000000s ]
[ sql ] [ SQL ] SELECT * FROM `user` WHERE  `user_id` = 1 LIMIT 1 [ RunTime:0.001000s ]
[ sql ] [ SQL ] SELECT * FROM `user` WHERE  `user_id` = 3 LIMIT 1 [ RunTime:0.000000s ]
[ sql ] [ SQL ] SELECT * FROM `room` WHERE  `room_id` = 3 LIMIT 1 [ RunTime:0.001000s ]
---------------------------------------------------------------
[ 2018-09-21T15:48:35+08:00 ] 127.0.0.1 POST /push/push/bind
[ info ] web.socket.com/push/push/bind [运行时间：0.116006s][吞吐率：8.62req/s] [内存消耗：2,516.59kb] [文件加载：63]
[ info ] [ BEHAVIOR ] Run app\behavior\CORS @app_init [ RunTime:0.000000s ]
[ info ] [ LANG ] D:\Documents\GitHub\websocket\thinkphp\lang\zh-cn.php
[ info ] [ ROUTE ] array (
  'type' => 'module',
  'module' => 
  array (
    0 => 'push',
    1 => 'push',
    2 => 'bind',
  ),
)
[ info ] [ HEADER ] array (
  'connection' => 'close',
  'origin' => 'null',
  'content-length' => '40',
  'token' => '6ae1b82f2d54608aa71fc941d46456dd',
  'content-type' => 'application/x-www-form-urlencoded; charset=UTF-8',
  'accept-encoding' => 'gzip, deflate',
  'accept-language' => 'zh-CN,zh;q=0.8,zh-TW;q=0.7,zh-HK;q=0.5,en-US;q=0.3,en;q=0.2',
  'accept' => 'application/json, text/javascript, */*; q=0.01',
  'user-agent' => 'Mozilla/5.0 (Windows NT 6.1; Win64; x64; rv:62.0) Gecko/20100101 Firefox/62.0',
  'host' => 'web.socket.com',
)
[ info ] [ PARAM ] array (
  '/push/push/bind' => '',
  'client_id' => '7f0000010b5400000023',
  'room_id' => '3',
)
[ info ] [ CACHE ] INIT File
[ info ] [ RUN ] app\push\controller\push->bind[ D:\Documents\GitHub\websocket\application\push\controller\Push.php ]
[ info ] [ DB ] INIT mysql
[ info ] [ LOG ] INIT File
[ sql ] [ DB ] CONNECT:[ UseTime:0.010001s ] mysql:host=127.0.0.1;port=3306;dbname=websocket;charset=utf8
[ sql ] [ SQL ] SHOW COLUMNS FROM `room` [ RunTime:0.018001s ]
[ sql ] [ SQL ] SELECT * FROM `room` WHERE  `room_id` = 3 LIMIT 1 [ RunTime:0.001000s ]
[ sql ] [ SQL ] SHOW COLUMNS FROM `points` [ RunTime:0.018001s ]
[ sql ] [ SQL ] SELECT * FROM `points` WHERE  `room_id` = 3 [ RunTime:0.001000s ]
[ sql ] [ SQL ] SELECT * FROM `points` WHERE  `room_id` = 3 [ RunTime:0.000000s ]
[ sql ] [ SQL ] SELECT * FROM `points` WHERE  `room_id` = 3 [ RunTime:0.000000s ]
[ sql ] [ SQL ] SHOW COLUMNS FROM `user` [ RunTime:0.018001s ]
[ sql ] [ SQL ] SELECT * FROM `user` WHERE  `user_id` = 2 LIMIT 1 [ RunTime:0.000000s ]
[ sql ] [ SQL ] SELECT * FROM `user` WHERE  `user_id` = 4 LIMIT 1 [ RunTime:0.001000s ]
[ sql ] [ SQL ] SELECT * FROM `user` WHERE  `user_id` = 1 LIMIT 1 [ RunTime:0.000000s ]
[ sql ] [ SQL ] SELECT * FROM `user` WHERE  `user_id` = 3 LIMIT 1 [ RunTime:0.000000s ]
[ sql ] [ SQL ] SELECT * FROM `room` WHERE  `room_id` = 3 LIMIT 1 [ RunTime:0.000000s ]
---------------------------------------------------------------
[ 2018-09-21T15:49:27+08:00 ] 127.0.0.1 POST /push/push/bind
[ info ] web.socket.com/push/push/bind [运行时间：0.104006s][吞吐率：9.61req/s] [内存消耗：2,516.55kb] [文件加载：63]
[ info ] [ BEHAVIOR ] Run app\behavior\CORS @app_init [ RunTime:0.000000s ]
[ info ] [ LANG ] D:\Documents\GitHub\websocket\thinkphp\lang\zh-cn.php
[ info ] [ ROUTE ] array (
  'type' => 'module',
  'module' => 
  array (
    0 => 'push',
    1 => 'push',
    2 => 'bind',
  ),
)
[ info ] [ HEADER ] array (
  'connection' => 'close',
  'origin' => 'null',
  'content-length' => '40',
  'token' => '6ae1b82f2d54608aa71fc941d46456dd',
  'content-type' => 'application/x-www-form-urlencoded; charset=UTF-8',
  'accept-encoding' => 'gzip, deflate',
  'accept-language' => 'zh-CN,zh;q=0.8,zh-TW;q=0.7,zh-HK;q=0.5,en-US;q=0.3,en;q=0.2',
  'accept' => 'application/json, text/javascript, */*; q=0.01',
  'user-agent' => 'Mozilla/5.0 (Windows NT 6.1; Win64; x64; rv:62.0) Gecko/20100101 Firefox/62.0',
  'host' => 'web.socket.com',
)
[ info ] [ PARAM ] array (
  '/push/push/bind' => '',
  'client_id' => '7f0000010b5400000024',
  'room_id' => '3',
)
[ info ] [ CACHE ] INIT File
[ info ] [ RUN ] app\push\controller\push->bind[ D:\Documents\GitHub\websocket\application\push\controller\Push.php ]
[ info ] [ DB ] INIT mysql
[ info ] [ LOG ] INIT File
[ sql ] [ DB ] CONNECT:[ UseTime:0.010000s ] mysql:host=127.0.0.1;port=3306;dbname=websocket;charset=utf8
[ sql ] [ SQL ] SHOW COLUMNS FROM `room` [ RunTime:0.018001s ]
[ sql ] [ SQL ] SELECT * FROM `room` WHERE  `room_id` = 3 LIMIT 1 [ RunTime:0.000000s ]
[ sql ] [ SQL ] SHOW COLUMNS FROM `points` [ RunTime:0.018002s ]
[ sql ] [ SQL ] SELECT * FROM `points` WHERE  `room_id` = 3 [ RunTime:0.001000s ]
[ sql ] [ SQL ] SELECT * FROM `points` WHERE  `room_id` = 3 [ RunTime:0.001000s ]
[ sql ] [ SQL ] SELECT * FROM `points` WHERE  `room_id` = 3 [ RunTime:0.000000s ]
[ sql ] [ SQL ] SHOW COLUMNS FROM `user` [ RunTime:0.019001s ]
[ sql ] [ SQL ] SELECT * FROM `user` WHERE  `user_id` = 2 LIMIT 1 [ RunTime:0.001000s ]
[ sql ] [ SQL ] SELECT * FROM `user` WHERE  `user_id` = 4 LIMIT 1 [ RunTime:0.000000s ]
[ sql ] [ SQL ] SELECT * FROM `user` WHERE  `user_id` = 1 LIMIT 1 [ RunTime:0.001000s ]
[ sql ] [ SQL ] SELECT * FROM `user` WHERE  `user_id` = 3 LIMIT 1 [ RunTime:0.001000s ]
[ sql ] [ SQL ] SELECT * FROM `room` WHERE  `room_id` = 3 LIMIT 1 [ RunTime:0.000000s ]
---------------------------------------------------------------
[ 2018-09-21T15:49:33+08:00 ] 127.0.0.1 POST /push/push/startGame
[ info ] web.socket.com/push/push/startGame [运行时间：0.084005s][吞吐率：11.90req/s] [内存消耗：2,500.96kb] [文件加载：64]
[ info ] [ BEHAVIOR ] Run app\behavior\CORS @app_init [ RunTime:0.000000s ]
[ info ] [ LANG ] D:\Documents\GitHub\websocket\thinkphp\lang\zh-cn.php
[ info ] [ ROUTE ] array (
  'type' => 'module',
  'module' => 
  array (
    0 => 'push',
    1 => 'push',
    2 => 'startGame',
  ),
)
[ info ] [ HEADER ] array (
  'connection' => 'close',
  'origin' => 'null',
  'content-length' => '9',
  'token' => '6ae1b82f2d54608aa71fc941d46456dd',
  'content-type' => 'application/x-www-form-urlencoded; charset=UTF-8',
  'accept-encoding' => 'gzip, deflate',
  'accept-language' => 'zh-CN,zh;q=0.8,zh-TW;q=0.7,zh-HK;q=0.5,en-US;q=0.3,en;q=0.2',
  'accept' => 'application/json, text/javascript, */*; q=0.01',
  'user-agent' => 'Mozilla/5.0 (Windows NT 6.1; Win64; x64; rv:62.0) Gecko/20100101 Firefox/62.0',
  'host' => 'web.socket.com',
)
[ info ] [ PARAM ] array (
  '/push/push/startGame' => '',
  'room_id' => '3',
)
[ info ] [ CACHE ] INIT File
[ info ] [ RUN ] app\push\controller\push->startGame[ D:\Documents\GitHub\websocket\application\push\controller\Push.php ]
[ info ] [ DB ] INIT mysql
[ info ] [ LOG ] INIT File
[ sql ] [ DB ] CONNECT:[ UseTime:0.010001s ] mysql:host=127.0.0.1;port=3306;dbname=websocket;charset=utf8
[ sql ] [ SQL ] SHOW COLUMNS FROM `room` [ RunTime:0.018001s ]
[ sql ] [ SQL ] SELECT * FROM `room` WHERE  `room_id` = 3 LIMIT 1 [ RunTime:0.001000s ]
[ sql ] [ SQL ] SHOW COLUMNS FROM `points` [ RunTime:0.018001s ]
[ sql ] [ SQL ] SELECT * FROM `points` WHERE  `room_id` = 3 [ RunTime:0.000000s ]
[ sql ] [ SQL ] SELECT * FROM `room` WHERE  `room_id` = 3 LIMIT 1 [ RunTime:0.001000s ]
[ error ] [8]未定义数组索引: id[D:\Documents\GitHub\websocket\application\push\model\Points.php:193]
---------------------------------------------------------------
[ 2018-09-21T15:50:09+08:00 ] 127.0.0.1 POST /push/push/bind
[ info ] web.socket.com/push/push/bind [运行时间：0.106006s][吞吐率：9.43req/s] [内存消耗：2,516.55kb] [文件加载：63]
[ info ] [ BEHAVIOR ] Run app\behavior\CORS @app_init [ RunTime:0.001000s ]
[ info ] [ LANG ] D:\Documents\GitHub\websocket\thinkphp\lang\zh-cn.php
[ info ] [ ROUTE ] array (
  'type' => 'module',
  'module' => 
  array (
    0 => 'push',
    1 => 'push',
    2 => 'bind',
  ),
)
[ info ] [ HEADER ] array (
  'connection' => 'close',
  'origin' => 'null',
  'content-length' => '40',
  'token' => '6ae1b82f2d54608aa71fc941d46456dd',
  'content-type' => 'application/x-www-form-urlencoded; charset=UTF-8',
  'accept-encoding' => 'gzip, deflate',
  'accept-language' => 'zh-CN,zh;q=0.8,zh-TW;q=0.7,zh-HK;q=0.5,en-US;q=0.3,en;q=0.2',
  'accept' => 'application/json, text/javascript, */*; q=0.01',
  'user-agent' => 'Mozilla/5.0 (Windows NT 6.1; Win64; x64; rv:62.0) Gecko/20100101 Firefox/62.0',
  'host' => 'web.socket.com',
)
[ info ] [ PARAM ] array (
  '/push/push/bind' => '',
  'client_id' => '7f0000010b5400000025',
  'room_id' => '3',
)
[ info ] [ CACHE ] INIT File
[ info ] [ RUN ] app\push\controller\push->bind[ D:\Documents\GitHub\websocket\application\push\controller\Push.php ]
[ info ] [ DB ] INIT mysql
[ info ] [ LOG ] INIT File
[ sql ] [ DB ] CONNECT:[ UseTime:0.010001s ] mysql:host=127.0.0.1;port=3306;dbname=websocket;charset=utf8
[ sql ] [ SQL ] SHOW COLUMNS FROM `room` [ RunTime:0.018001s ]
[ sql ] [ SQL ] SELECT * FROM `room` WHERE  `room_id` = 3 LIMIT 1 [ RunTime:0.000000s ]
[ sql ] [ SQL ] SHOW COLUMNS FROM `points` [ RunTime:0.017001s ]
[ sql ] [ SQL ] SELECT * FROM `points` WHERE  `room_id` = 3 [ RunTime:0.000000s ]
[ sql ] [ SQL ] SELECT * FROM `points` WHERE  `room_id` = 3 [ RunTime:0.001000s ]
[ sql ] [ SQL ] SELECT * FROM `points` WHERE  `room_id` = 3 [ RunTime:0.000000s ]
[ sql ] [ SQL ] SHOW COLUMNS FROM `user` [ RunTime:0.018001s ]
[ sql ] [ SQL ] SELECT * FROM `user` WHERE  `user_id` = 2 LIMIT 1 [ RunTime:0.000000s ]
[ sql ] [ SQL ] SELECT * FROM `user` WHERE  `user_id` = 4 LIMIT 1 [ RunTime:0.000000s ]
[ sql ] [ SQL ] SELECT * FROM `user` WHERE  `user_id` = 1 LIMIT 1 [ RunTime:0.000000s ]
[ sql ] [ SQL ] SELECT * FROM `user` WHERE  `user_id` = 3 LIMIT 1 [ RunTime:0.001000s ]
[ sql ] [ SQL ] SELECT * FROM `room` WHERE  `room_id` = 3 LIMIT 1 [ RunTime:0.000000s ]
---------------------------------------------------------------
[ 2018-09-21T15:50:10+08:00 ] 127.0.0.1 POST /push/push/startGame
[ info ] web.socket.com/push/push/startGame [运行时间：0.083005s][吞吐率：12.05req/s] [内存消耗：2,470.81kb] [文件加载：61]
[ info ] [ BEHAVIOR ] Run app\behavior\CORS @app_init [ RunTime:0.000000s ]
[ info ] [ LANG ] D:\Documents\GitHub\websocket\thinkphp\lang\zh-cn.php
[ info ] [ ROUTE ] array (
  'type' => 'module',
  'module' => 
  array (
    0 => 'push',
    1 => 'push',
    2 => 'startGame',
  ),
)
[ info ] [ HEADER ] array (
  'connection' => 'close',
  'origin' => 'null',
  'content-length' => '9',
  'token' => '6ae1b82f2d54608aa71fc941d46456dd',
  'content-type' => 'application/x-www-form-urlencoded; charset=UTF-8',
  'accept-encoding' => 'gzip, deflate',
  'accept-language' => 'zh-CN,zh;q=0.8,zh-TW;q=0.7,zh-HK;q=0.5,en-US;q=0.3,en;q=0.2',
  'accept' => 'application/json, text/javascript, */*; q=0.01',
  'user-agent' => 'Mozilla/5.0 (Windows NT 6.1; Win64; x64; rv:62.0) Gecko/20100101 Firefox/62.0',
  'host' => 'web.socket.com',
)
[ info ] [ PARAM ] array (
  '/push/push/startGame' => '',
  'room_id' => '3',
)
[ info ] [ CACHE ] INIT File
[ info ] [ RUN ] app\push\controller\push->startGame[ D:\Documents\GitHub\websocket\application\push\controller\Push.php ]
[ info ] [ DB ] INIT mysql
[ info ] [ LOG ] INIT File
[ sql ] [ DB ] CONNECT:[ UseTime:0.010000s ] mysql:host=127.0.0.1;port=3306;dbname=websocket;charset=utf8
[ sql ] [ SQL ] SHOW COLUMNS FROM `room` [ RunTime:0.019001s ]
[ sql ] [ SQL ] SELECT * FROM `room` WHERE  `room_id` = 3 LIMIT 1 [ RunTime:0.001001s ]
[ sql ] [ SQL ] SHOW COLUMNS FROM `points` [ RunTime:0.018001s ]
[ sql ] [ SQL ] SELECT * FROM `points` WHERE  `room_id` = 3 [ RunTime:0.001000s ]
[ sql ] [ SQL ] SELECT * FROM `room` WHERE  `room_id` = 3 LIMIT 1 [ RunTime:0.000000s ]
[ sql ] [ SQL ] UPDATE `points`  SET `p_type`=1  WHERE  `id` = 4 [ RunTime:0.000000s ]
---------------------------------------------------------------
[ 2018-09-21T18:06:59+08:00 ] 127.0.0.1 POST /push/push/bind
[ info ] web.socket.com/push/push/bind [运行时间：0.109006s][吞吐率：9.17req/s] [内存消耗：2,515.01kb] [文件加载：63]
[ info ] [ BEHAVIOR ] Run app\behavior\CORS @app_init [ RunTime:0.000000s ]
[ info ] [ LANG ] D:\Documents\GitHub\websocket\thinkphp\lang\zh-cn.php
[ info ] [ ROUTE ] array (
  'type' => 'module',
  'module' => 
  array (
    0 => 'push',
    1 => 'push',
    2 => 'bind',
  ),
)
[ info ] [ HEADER ] array (
  'connection' => 'close',
  'origin' => 'null',
  'content-length' => '40',
  'token' => '6ae1b82f2d54608aa71fc941d46456dd',
  'content-type' => 'application/x-www-form-urlencoded; charset=UTF-8',
  'accept-encoding' => 'gzip, deflate',
  'accept-language' => 'zh-CN,zh;q=0.8,zh-TW;q=0.7,zh-HK;q=0.5,en-US;q=0.3,en;q=0.2',
  'accept' => 'application/json, text/javascript, */*; q=0.01',
  'user-agent' => 'Mozilla/5.0 (Windows NT 6.1; Win64; x64; rv:62.0) Gecko/20100101 Firefox/62.0',
  'host' => 'web.socket.com',
)
[ info ] [ PARAM ] array (
  '/push/push/bind' => '',
  'client_id' => '7f0000010b5400000026',
  'room_id' => '3',
)
[ info ] [ CACHE ] INIT File
[ info ] [ RUN ] app\push\controller\push->bind[ D:\Documents\GitHub\websocket\application\push\controller\Push.php ]
[ info ] [ DB ] INIT mysql
[ info ] [ LOG ] INIT File
[ sql ] [ DB ] CONNECT:[ UseTime:0.001001s ] mysql:host=127.0.0.1;port=3306;dbname=websocket;charset=utf8
[ sql ] [ SQL ] SHOW COLUMNS FROM `room` [ RunTime:0.018001s ]
[ sql ] [ SQL ] SELECT * FROM `room` WHERE  `room_id` = 3 LIMIT 1 [ RunTime:0.001000s ]
[ sql ] [ SQL ] SHOW COLUMNS FROM `points` [ RunTime:0.019001s ]
[ sql ] [ SQL ] SELECT * FROM `points` WHERE  `room_id` = 3 [ RunTime:0.001000s ]
[ sql ] [ SQL ] SELECT * FROM `points` WHERE  `room_id` = 3 [ RunTime:0.000000s ]
[ sql ] [ SQL ] SELECT * FROM `points` WHERE  `room_id` = 3 [ RunTime:0.000000s ]
[ sql ] [ SQL ] SHOW COLUMNS FROM `user` [ RunTime:0.019001s ]
[ sql ] [ SQL ] SELECT * FROM `user` WHERE  `user_id` = 2 LIMIT 1 [ RunTime:0.000000s ]
[ sql ] [ SQL ] SELECT * FROM `user` WHERE  `user_id` = 4 LIMIT 1 [ RunTime:0.000000s ]
[ sql ] [ SQL ] SELECT * FROM `user` WHERE  `user_id` = 1 LIMIT 1 [ RunTime:0.001000s ]
[ sql ] [ SQL ] SELECT * FROM `user` WHERE  `user_id` = 3 LIMIT 1 [ RunTime:0.000000s ]
[ sql ] [ SQL ] SELECT * FROM `room` WHERE  `room_id` = 3 LIMIT 1 [ RunTime:0.001000s ]
